# JRE version: OpenJDK Runtime Environment (21.0.4) (build 21.0.4+-12508038-b607.1)
# Java VM: OpenJDK 64-Bit Server VM (21.0.4+-12508038-b607.1, mixed mode, tiered, compressed oops, compressed class ptrs, g1 gc, windows-amd64)
GC Precious Log:
 CardTable entry size: 512
 Card Set container configuration: InlinePtr #cards 5 size 8 Array Of Cards #cards 12 size 40 Howl #buckets 4 coarsen threshold 1843 Howl Bitmap #cards 512 size 80 coarsen threshold 460 Card regions per heap region 1 cards per card region 2048
 CPUs: 4 total, 4 available
 Memory: 3790M
 Large Page Support: Disabled
 NUMA Support: Disabled
 Compressed Oops: Enabled (32-bit)
 Heap Region Size: 1M
 Heap Min Capacity: 8M
 Heap Initial Capacity: 60M
 Heap Max Capacity: 2G
 Pre-touch: Disabled
 Parallel Workers: 4
 Concurrent Workers: 1
 Concurrent Refinement Workers: 4
 Periodic GC: Disabled
Heap:
 garbage-first heap   total 61440K, used 24578K [0x0000000080000000, 0x0000000100000000)
  region size 1024K, 5 young (5120K), 2 survivors (2048K)
 Metaspace       used 26298K, committed 26752K, reserved 1114112K
  class space    used 3166K, committed 3392K, reserved 1048576K
GC Heap History (12 events):
Event: 2.307 GC heap before
{Heap before GC invocations=0 (full 0):
 garbage-first heap   total 61440K, used 13312K [0x0000000080000000, 0x0000000100000000)
  region size 1024K, 13 young (13312K), 0 survivors (0K)
 Metaspace       used 7374K, committed 7488K, reserved 1114112K
  class space    used 665K, committed 704K, reserved 1048576K
}
Event: 2.316 GC heap after
{Heap after GC invocations=1 (full 0):
 garbage-first heap   total 61440K, used 1280K [0x0000000080000000, 0x0000000100000000)
  region size 1024K, 2 young (2048K), 2 survivors (2048K)
 Metaspace       used 7374K, committed 7488K, reserved 1114112K
  class space    used 665K, committed 704K, reserved 1048576K
}
Event: 4.714 GC heap before
{Heap before GC invocations=1 (full 0):
 garbage-first heap   total 61440K, used 29952K [0x0000000080000000, 0x0000000100000000)
  region size 1024K, 27 young (27648K), 2 survivors (2048K)
 Metaspace       used 11600K, committed 11712K, reserved 1114112K
  class space    used 1212K, committed 1280K, reserved 1048576K
}
Event: 4.723 GC heap after
{Heap after GC invocations=2 (full 0):
 garbage-first heap   total 61440K, used 10852K [0x0000000080000000, 0x0000000100000000)
  region size 1024K, 4 young (4096K), 4 survivors (4096K)
 Metaspace       used 11600K, committed 11712K, reserved 1114112K
  class space    used 1212K, committed 1280K, reserved 1048576K
}
Event: 6.713 GC heap before
{Heap before GC invocations=2 (full 0):
 garbage-first heap   total 61440K, used 40548K [0x0000000080000000, 0x0000000100000000)
  region size 1024K, 34 young (34816K), 4 survivors (4096K)
 Metaspace       used 12195K, committed 12480K, reserved 1114112K
  class space    used 1277K, committed 1408K, reserved 1048576K
}
Event: 6.722 GC heap after
{Heap after GC invocations=3 (full 0):
 garbage-first heap   total 61440K, used 11988K [0x0000000080000000, 0x0000000100000000)
  region size 1024K, 1 young (1024K), 1 survivors (1024K)
 Metaspace       used 12195K, committed 12480K, reserved 1114112K
  class space    used 1277K, committed 1408K, reserved 1048576K
}
Event: 9.325 GC heap before
{Heap before GC invocations=3 (full 0):
 garbage-first heap   total 61440K, used 44756K [0x0000000080000000, 0x0000000100000000)
  region size 1024K, 32 young (32768K), 1 survivors (1024K)
 Metaspace       used 14021K, committed 14272K, reserved 1114112K
  class space    used 1532K, committed 1664K, reserved 1048576K
}
Event: 9.331 GC heap after
{Heap after GC invocations=4 (full 0):
 garbage-first heap   total 61440K, used 17581K [0x0000000080000000, 0x0000000100000000)
  region size 1024K, 4 young (4096K), 4 survivors (4096K)
 Metaspace       used 14021K, committed 14272K, reserved 1114112K
  class space    used 1532K, committed 1664K, reserved 1048576K
}
Event: 11.512 GC heap before
{Heap before GC invocations=4 (full 0):
 garbage-first heap   total 61440K, used 37037K [0x0000000080000000, 0x0000000100000000)
  region size 1024K, 24 young (24576K), 4 survivors (4096K)
 Metaspace       used 21189K, committed 21504K, reserved 1114112K
  class space    used 2412K, committed 2560K, reserved 1048576K
}
Event: 11.522 GC heap after
{Heap after GC invocations=5 (full 0):
 garbage-first heap   total 61440K, used 20859K [0x0000000080000000, 0x0000000100000000)
  region size 1024K, 3 young (3072K), 3 survivors (3072K)
 Metaspace       used 21189K, committed 21504K, reserved 1114112K
  class space    used 2412K, committed 2560K, reserved 1048576K
}
Event: 12.535 GC heap before
{Heap before GC invocations=6 (full 0):
 garbage-first heap   total 61440K, used 44411K [0x0000000080000000, 0x0000000100000000)
  region size 1024K, 27 young (27648K), 3 survivors (3072K)
 Metaspace       used 25858K, committed 26240K, reserved 1114112K
  class space    used 3100K, committed 3264K, reserved 1048576K
}
Event: 12.540 GC heap after
{Heap after GC invocations=7 (full 0):
 garbage-first heap   total 61440K, used 22530K [0x0000000080000000, 0x0000000100000000)
  region size 1024K, 2 young (2048K), 2 survivors (2048K)
 Metaspace       used 25858K, committed 26240K, reserved 1114112K
  class space    used 3100K, committed 3264K, reserved 1048576K
}

