# JRE version: OpenJDK Runtime Environment (21.0.4) (build 21.0.4+-12508038-b607.1)
# Java VM: OpenJDK 64-Bit Server VM (21.0.4+-12508038-b607.1, mixed mode, tiered, compressed oops, compressed class ptrs, g1 gc, windows-amd64)
GC Precious Log:
 CardTable entry size: 512
 Card Set container configuration: InlinePtr #cards 5 size 8 Array Of Cards #cards 12 size 40 Howl #buckets 4 coarsen threshold 1843 Howl Bitmap #cards 512 size 80 coarsen threshold 460 Card regions per heap region 1 cards per card region 2048
 CPUs: 4 total, 4 available
 Memory: 3790M
 Large Page Support: Disabled
 NUMA Support: Disabled
 Compressed Oops: Enabled (32-bit)
 Heap Region Size: 1M
 Heap Min Capacity: 8M
 Heap Initial Capacity: 60M
 Heap Max Capacity: 948M
 Pre-touch: Disabled
 Parallel Workers: 4
 Concurrent Workers: 1
 Concurrent Refinement Workers: 4
 Periodic GC: Disabled
Heap:
 garbage-first heap   total 119808K, used 90472K [0x00000000c4c00000, 0x0000000100000000)
  region size 1024K, 21 young (21504K), 4 survivors (4096K)
 Metaspace       used 86865K, committed 87616K, reserved 1179648K
  class space    used 9527K, committed 9856K, reserved 1048576K
GC Heap History (20 events):
Event: 7.354 GC heap before
{Heap before GC invocations=19 (full 0):
 garbage-first heap   total 76800K, used 60928K [0x00000000c4c00000, 0x0000000100000000)
  region size 1024K, 18 young (18432K), 3 survivors (3072K)
 Metaspace       used 60051K, committed 60736K, reserved 1114112K
  class space    used 6996K, committed 7360K, reserved 1048576K
}
Event: 7.360 GC heap after
{Heap after GC invocations=20 (full 0):
 garbage-first heap   total 76800K, used 47564K [0x00000000c4c00000, 0x0000000100000000)
  region size 1024K, 2 young (2048K), 2 survivors (2048K)
 Metaspace       used 60051K, committed 60736K, reserved 1114112K
  class space    used 6996K, committed 7360K, reserved 1048576K
}
Event: 7.618 GC heap before
{Heap before GC invocations=20 (full 0):
 garbage-first heap   total 76800K, used 67020K [0x00000000c4c00000, 0x0000000100000000)
  region size 1024K, 21 young (21504K), 2 survivors (2048K)
 Metaspace       used 61208K, committed 61952K, reserved 1114112K
  class space    used 7152K, committed 7488K, reserved 1048576K
}
Event: 7.625 GC heap after
{Heap after GC invocations=21 (full 0):
 garbage-first heap   total 76800K, used 47731K [0x00000000c4c00000, 0x0000000100000000)
  region size 1024K, 3 young (3072K), 3 survivors (3072K)
 Metaspace       used 61208K, committed 61952K, reserved 1114112K
  class space    used 7152K, committed 7488K, reserved 1048576K
}
Event: 8.430 GC heap before
{Heap before GC invocations=21 (full 0):
 garbage-first heap   total 76800K, used 68211K [0x00000000c4c00000, 0x0000000100000000)
  region size 1024K, 23 young (23552K), 3 survivors (3072K)
 Metaspace       used 64173K, committed 64960K, reserved 1114112K
  class space    used 7491K, committed 7872K, reserved 1048576K
}
Event: 8.440 GC heap after
{Heap after GC invocations=22 (full 0):
 garbage-first heap   total 98304K, used 50144K [0x00000000c4c00000, 0x0000000100000000)
  region size 1024K, 3 young (3072K), 3 survivors (3072K)
 Metaspace       used 64173K, committed 64960K, reserved 1114112K
  class space    used 7491K, committed 7872K, reserved 1048576K
}
Event: 10.159 GC heap before
{Heap before GC invocations=23 (full 0):
 garbage-first heap   total 98304K, used 83936K [0x00000000c4c00000, 0x0000000100000000)
  region size 1024K, 36 young (36864K), 3 survivors (3072K)
 Metaspace       used 67139K, committed 67904K, reserved 1114112K
  class space    used 7710K, committed 8064K, reserved 1048576K
}
Event: 10.180 GC heap after
{Heap after GC invocations=24 (full 0):
 garbage-first heap   total 98304K, used 56165K [0x00000000c4c00000, 0x0000000100000000)
  region size 1024K, 5 young (5120K), 5 survivors (5120K)
 Metaspace       used 67139K, committed 67904K, reserved 1114112K
  class space    used 7710K, committed 8064K, reserved 1048576K
}
Event: 11.319 GC heap before
{Heap before GC invocations=24 (full 0):
 garbage-first heap   total 98304K, used 83813K [0x00000000c4c00000, 0x0000000100000000)
  region size 1024K, 32 young (32768K), 5 survivors (5120K)
 Metaspace       used 69079K, committed 69824K, reserved 1114112K
  class space    used 7843K, committed 8192K, reserved 1048576K
}
Event: 11.333 GC heap after
{Heap after GC invocations=25 (full 0):
 garbage-first heap   total 98304K, used 59790K [0x00000000c4c00000, 0x0000000100000000)
  region size 1024K, 4 young (4096K), 4 survivors (4096K)
 Metaspace       used 69079K, committed 69824K, reserved 1114112K
  class space    used 7843K, committed 8192K, reserved 1048576K
}
Event: 12.420 GC heap before
{Heap before GC invocations=25 (full 0):
 garbage-first heap   total 98304K, used 86414K [0x00000000c4c00000, 0x0000000100000000)
  region size 1024K, 30 young (30720K), 4 survivors (4096K)
 Metaspace       used 69916K, committed 70720K, reserved 1114112K
  class space    used 7887K, committed 8256K, reserved 1048576K
}
Event: 12.436 GC heap after
{Heap after GC invocations=26 (full 0):
 garbage-first heap   total 98304K, used 63739K [0x00000000c4c00000, 0x0000000100000000)
  region size 1024K, 4 young (4096K), 4 survivors (4096K)
 Metaspace       used 69916K, committed 70720K, reserved 1114112K
  class space    used 7887K, committed 8256K, reserved 1048576K
}
Event: 12.984 GC heap before
{Heap before GC invocations=27 (full 0):
 garbage-first heap   total 107520K, used 87291K [0x00000000c4c00000, 0x0000000100000000)
  region size 1024K, 27 young (27648K), 4 survivors (4096K)
 Metaspace       used 72979K, committed 73728K, reserved 1114112K
  class space    used 8186K, committed 8512K, reserved 1048576K
}
Event: 12.993 GC heap after
{Heap after GC invocations=28 (full 0):
 garbage-first heap   total 107520K, used 65211K [0x00000000c4c00000, 0x0000000100000000)
  region size 1024K, 2 young (2048K), 2 survivors (2048K)
 Metaspace       used 72979K, committed 73728K, reserved 1114112K
  class space    used 8186K, committed 8512K, reserved 1048576K
}
Event: 13.839 GC heap before
{Heap before GC invocations=28 (full 0):
 garbage-first heap   total 107520K, used 94907K [0x00000000c4c00000, 0x0000000100000000)
  region size 1024K, 32 young (32768K), 2 survivors (2048K)
 Metaspace       used 76812K, committed 77632K, reserved 1179648K
  class space    used 8519K, committed 8896K, reserved 1048576K
}
Event: 13.855 GC heap after
{Heap after GC invocations=29 (full 0):
 garbage-first heap   total 107520K, used 67930K [0x00000000c4c00000, 0x0000000100000000)
  region size 1024K, 4 young (4096K), 4 survivors (4096K)
 Metaspace       used 76812K, committed 77632K, reserved 1179648K
  class space    used 8519K, committed 8896K, reserved 1048576K
}
Event: 14.553 GC heap before
{Heap before GC invocations=29 (full 0):
 garbage-first heap   total 107520K, used 96602K [0x00000000c4c00000, 0x0000000100000000)
  region size 1024K, 32 young (32768K), 4 survivors (4096K)
 Metaspace       used 82242K, committed 83008K, reserved 1179648K
  class space    used 9068K, committed 9408K, reserved 1048576K
}
Event: 14.568 GC heap after
{Heap after GC invocations=30 (full 0):
 garbage-first heap   total 107520K, used 70890K [0x00000000c4c00000, 0x0000000100000000)
  region size 1024K, 3 young (3072K), 3 survivors (3072K)
 Metaspace       used 82242K, committed 83008K, reserved 1179648K
  class space    used 9068K, committed 9408K, reserved 1048576K
}
Event: 15.092 GC heap before
{Heap before GC invocations=31 (full 0):
 garbage-first heap   total 119808K, used 96490K [0x00000000c4c00000, 0x0000000100000000)
  region size 1024K, 28 young (28672K), 3 survivors (3072K)
 Metaspace       used 84434K, committed 85184K, reserved 1179648K
  class space    used 9267K, committed 9600K, reserved 1048576K
}
Event: 15.105 GC heap after
{Heap after GC invocations=32 (full 0):
 garbage-first heap   total 119808K, used 75112K [0x00000000c4c00000, 0x0000000100000000)
  region size 1024K, 4 young (4096K), 4 survivors (4096K)
 Metaspace       used 84434K, committed 85184K, reserved 1179648K
  class space    used 9267K, committed 9600K, reserved 1048576K
}

