# JRE version: OpenJDK Runtime Environment (21.0.4) (build 21.0.4+-12508038-b607.1)
# Java VM: OpenJDK 64-Bit Server VM (21.0.4+-12508038-b607.1, mixed mode, tiered, compressed oops, compressed class ptrs, g1 gc, windows-amd64)
GC Precious Log:
 CardTable entry size: 512
 Card Set container configuration: InlinePtr #cards 5 size 8 Array Of Cards #cards 12 size 40 Howl #buckets 4 coarsen threshold 1843 Howl Bitmap #cards 512 size 80 coarsen threshold 460 Card regions per heap region 1 cards per card region 2048
 CPUs: 4 total, 4 available
 Memory: 3790M
 Large Page Support: Disabled
 NUMA Support: Disabled
 Compressed Oops: Enabled (32-bit)
 Heap Region Size: 1M
 Heap Min Capacity: 8M
 Heap Initial Capacity: 60M
 Heap Max Capacity: 2G
 Pre-touch: Disabled
 Parallel Workers: 4
 Concurrent Workers: 1
 Concurrent Refinement Workers: 4
 Periodic GC: Disabled
Heap:
 garbage-first heap   total 410624K, used 158292K [0x0000000080000000, 0x0000000100000000)
  region size 1024K, 2 young (2048K), 2 survivors (2048K)
 Metaspace       used 145186K, committed 149696K, reserved 1179648K
  class space    used 18596K, committed 20416K, reserved 1048576K
GC Heap History (20 events):
Event: 2385.323 GC heap after
{Heap after GC invocations=87 (full 0):
 garbage-first heap   total 342016K, used 172114K [0x0000000080000000, 0x0000000100000000)
  region size 1024K, 1 young (1024K), 1 survivors (1024K)
 Metaspace       used 144739K, committed 149632K, reserved 1179648K
  class space    used 18602K, committed 20416K, reserved 1048576K
}
Event: 2618.338 GC heap before
{Heap before GC invocations=87 (full 0):
 garbage-first heap   total 342016K, used 218194K [0x0000000080000000, 0x0000000100000000)
  region size 1024K, 46 young (47104K), 1 survivors (1024K)
 Metaspace       used 144804K, committed 149632K, reserved 1179648K
  class space    used 18603K, committed 20416K, reserved 1048576K
}
Event: 2618.422 GC heap after
{Heap after GC invocations=88 (full 0):
 garbage-first heap   total 342016K, used 169927K [0x0000000080000000, 0x0000000100000000)
  region size 1024K, 6 young (6144K), 6 survivors (6144K)
 Metaspace       used 144804K, committed 149632K, reserved 1179648K
  class space    used 18603K, committed 20416K, reserved 1048576K
}
Event: 2619.184 GC heap before
{Heap before GC invocations=88 (full 0):
 garbage-first heap   total 342016K, used 184263K [0x0000000080000000, 0x0000000100000000)
  region size 1024K, 21 young (21504K), 6 survivors (6144K)
 Metaspace       used 144867K, committed 149632K, reserved 1179648K
  class space    used 18604K, committed 20416K, reserved 1048576K
}
Event: 2619.256 GC heap after
{Heap after GC invocations=89 (full 0):
 garbage-first heap   total 342016K, used 165798K [0x0000000080000000, 0x0000000100000000)
  region size 1024K, 3 young (3072K), 3 survivors (3072K)
 Metaspace       used 144867K, committed 149632K, reserved 1179648K
  class space    used 18604K, committed 20416K, reserved 1048576K
}
Event: 2619.824 GC heap before
{Heap before GC invocations=89 (full 0):
 garbage-first heap   total 342016K, used 179110K [0x0000000080000000, 0x0000000100000000)
  region size 1024K, 16 young (16384K), 3 survivors (3072K)
 Metaspace       used 144870K, committed 149632K, reserved 1179648K
  class space    used 18604K, committed 20416K, reserved 1048576K
}
Event: 2619.872 GC heap after
{Heap after GC invocations=90 (full 0):
 garbage-first heap   total 410624K, used 161653K [0x0000000080000000, 0x0000000100000000)
  region size 1024K, 2 young (2048K), 2 survivors (2048K)
 Metaspace       used 144870K, committed 149632K, reserved 1179648K
  class space    used 18604K, committed 20416K, reserved 1048576K
}
Event: 2620.974 GC heap before
{Heap before GC invocations=90 (full 0):
 garbage-first heap   total 410624K, used 179061K [0x0000000080000000, 0x0000000100000000)
  region size 1024K, 20 young (20480K), 2 survivors (2048K)
 Metaspace       used 144882K, committed 149632K, reserved 1179648K
  class space    used 18604K, committed 20416K, reserved 1048576K
}
Event: 2621.019 GC heap after
{Heap after GC invocations=91 (full 0):
 garbage-first heap   total 410624K, used 158295K [0x0000000080000000, 0x0000000100000000)
  region size 1024K, 2 young (2048K), 2 survivors (2048K)
 Metaspace       used 144882K, committed 149632K, reserved 1179648K
  class space    used 18604K, committed 20416K, reserved 1048576K
}
Event: 2629.378 GC heap before
{Heap before GC invocations=91 (full 0):
 garbage-first heap   total 410624K, used 175703K [0x0000000080000000, 0x0000000100000000)
  region size 1024K, 20 young (20480K), 2 survivors (2048K)
 Metaspace       used 144933K, committed 149632K, reserved 1179648K
  class space    used 18604K, committed 20416K, reserved 1048576K
}
Event: 2629.455 GC heap after
{Heap after GC invocations=92 (full 0):
 garbage-first heap   total 410624K, used 155176K [0x0000000080000000, 0x0000000100000000)
  region size 1024K, 3 young (3072K), 3 survivors (3072K)
 Metaspace       used 144933K, committed 149632K, reserved 1179648K
  class space    used 18604K, committed 20416K, reserved 1048576K
}
Event: 2630.297 GC heap before
{Heap before GC invocations=92 (full 0):
 garbage-first heap   total 410624K, used 171560K [0x0000000080000000, 0x0000000100000000)
  region size 1024K, 20 young (20480K), 3 survivors (3072K)
 Metaspace       used 144980K, committed 149632K, reserved 1179648K
  class space    used 18604K, committed 20416K, reserved 1048576K
}
Event: 2630.392 GC heap after
{Heap after GC invocations=93 (full 0):
 garbage-first heap   total 410624K, used 152982K [0x0000000080000000, 0x0000000100000000)
  region size 1024K, 2 young (2048K), 2 survivors (2048K)
 Metaspace       used 144980K, committed 149632K, reserved 1179648K
  class space    used 18604K, committed 20416K, reserved 1048576K
}
Event: 2700.366 GC heap before
{Heap before GC invocations=93 (full 0):
 garbage-first heap   total 410624K, used 202134K [0x0000000080000000, 0x0000000100000000)
  region size 1024K, 20 young (20480K), 2 survivors (2048K)
 Metaspace       used 145012K, committed 149632K, reserved 1179648K
  class space    used 18604K, committed 20416K, reserved 1048576K
}
Event: 2700.719 GC heap after
{Heap after GC invocations=94 (full 0):
 garbage-first heap   total 410624K, used 150539K [0x0000000080000000, 0x0000000100000000)
  region size 1024K, 2 young (2048K), 2 survivors (2048K)
 Metaspace       used 145012K, committed 149632K, reserved 1179648K
  class space    used 18604K, committed 20416K, reserved 1048576K
}
Event: 2996.818 GC heap before
{Heap before GC invocations=94 (full 0):
 garbage-first heap   total 410624K, used 254987K [0x0000000080000000, 0x0000000100000000)
  region size 1024K, 105 young (107520K), 2 survivors (2048K)
 Metaspace       used 145157K, committed 149696K, reserved 1179648K
  class space    used 18608K, committed 20416K, reserved 1048576K
}
Event: 2997.047 GC heap after
{Heap after GC invocations=95 (full 0):
 garbage-first heap   total 410624K, used 162326K [0x0000000080000000, 0x0000000100000000)
  region size 1024K, 13 young (13312K), 13 survivors (13312K)
 Metaspace       used 145157K, committed 149696K, reserved 1179648K
  class space    used 18608K, committed 20416K, reserved 1048576K
}
Event: 3010.308 GC heap before
{Heap before GC invocations=95 (full 0):
 garbage-first heap   total 410624K, used 169494K [0x0000000080000000, 0x0000000100000000)
  region size 1024K, 20 young (20480K), 13 survivors (13312K)
 Metaspace       used 145160K, committed 149696K, reserved 1179648K
  class space    used 18608K, committed 20416K, reserved 1048576K
}
Event: 3010.526 GC heap after
{Heap after GC invocations=96 (full 0):
 garbage-first heap   total 410624K, used 164291K [0x0000000080000000, 0x0000000100000000)
  region size 1024K, 3 young (3072K), 3 survivors (3072K)
 Metaspace       used 145160K, committed 149696K, reserved 1179648K
  class space    used 18608K, committed 20416K, reserved 1048576K
}
Event: 3016.934 GC heap before
{Heap before GC invocations=96 (full 0):
 garbage-first heap   total 410624K, used 175555K [0x0000000080000000, 0x0000000100000000)
  region size 1024K, 20 young (20480K), 3 survivors (3072K)
 Metaspace       used 145186K, committed 149696K, reserved 1179648K
  class space    used 18596K, committed 20416K, reserved 1048576K
}

