# JRE version: OpenJDK Runtime Environment (21.0.4) (build 21.0.4+-12508038-b607.1)
# Java VM: OpenJDK 64-Bit Server VM (21.0.4+-12508038-b607.1, mixed mode, tiered, compressed oops, compressed class ptrs, g1 gc, windows-amd64)
GC Precious Log:
 CardTable entry size: 512
 Card Set container configuration: InlinePtr #cards 5 size 8 Array Of Cards #cards 12 size 40 Howl #buckets 4 coarsen threshold 1843 Howl Bitmap #cards 512 size 80 coarsen threshold 460 Card regions per heap region 1 cards per card region 2048
 CPUs: 4 total, 4 available
 Memory: 3790M
 Large Page Support: Disabled
 NUMA Support: Disabled
 Compressed Oops: Enabled (32-bit)
 Heap Region Size: 1M
 Heap Min Capacity: 8M
 Heap Initial Capacity: 60M
 Heap Max Capacity: 2G
 Pre-touch: Disabled
 Parallel Workers: 4
 Concurrent Workers: 1
 Concurrent Refinement Workers: 4
 Periodic GC: Disabled
Heap:
 garbage-first heap   total 461824K, used 172030K [0x0000000080000000, 0x0000000100000000)
  region size 1024K, 9 young (9216K), 9 survivors (9216K)
 Metaspace       used 136561K, committed 138816K, reserved 1179648K
  class space    used 18373K, committed 19520K, reserved 1048576K
GC Heap History (20 events):
Event: 79.938 GC heap after
{Heap after GC invocations=85 (full 0):
 garbage-first heap   total 461824K, used 164352K [0x0000000080000000, 0x0000000100000000)
  region size 1024K, 11 young (11264K), 11 survivors (11264K)
 Metaspace       used 135899K, committed 138112K, reserved 1179648K
  class space    used 18277K, committed 19392K, reserved 1048576K
}
Event: 81.617 GC heap before
{Heap before GC invocations=85 (full 0):
 garbage-first heap   total 461824K, used 425472K [0x0000000080000000, 0x0000000100000000)
  region size 1024K, 266 young (272384K), 11 survivors (11264K)
 Metaspace       used 135955K, committed 138176K, reserved 1179648K
  class space    used 18284K, committed 19392K, reserved 1048576K
}
Event: 81.639 GC heap after
{Heap after GC invocations=86 (full 0):
 garbage-first heap   total 461824K, used 161593K [0x0000000080000000, 0x0000000100000000)
  region size 1024K, 14 young (14336K), 14 survivors (14336K)
 Metaspace       used 135955K, committed 138176K, reserved 1179648K
  class space    used 18284K, committed 19392K, reserved 1048576K
}
Event: 82.413 GC heap before
{Heap before GC invocations=86 (full 0):
 garbage-first heap   total 461824K, used 421689K [0x0000000080000000, 0x0000000100000000)
  region size 1024K, 268 young (274432K), 14 survivors (14336K)
 Metaspace       used 135971K, committed 138176K, reserved 1179648K
  class space    used 18284K, committed 19392K, reserved 1048576K
}
Event: 82.468 GC heap after
{Heap after GC invocations=87 (full 0):
 garbage-first heap   total 461824K, used 176449K [0x0000000080000000, 0x0000000100000000)
  region size 1024K, 28 young (28672K), 28 survivors (28672K)
 Metaspace       used 135971K, committed 138176K, reserved 1179648K
  class space    used 18284K, committed 19392K, reserved 1048576K
}
Event: 83.299 GC heap before
{Heap before GC invocations=87 (full 0):
 garbage-first heap   total 461824K, used 408897K [0x0000000080000000, 0x0000000100000000)
  region size 1024K, 254 young (260096K), 28 survivors (28672K)
 Metaspace       used 135987K, committed 138176K, reserved 1179648K
  class space    used 18284K, committed 19392K, reserved 1048576K
}
Event: 83.331 GC heap after
{Heap after GC invocations=88 (full 0):
 garbage-first heap   total 461824K, used 173415K [0x0000000080000000, 0x0000000100000000)
  region size 1024K, 3 young (3072K), 3 survivors (3072K)
 Metaspace       used 135987K, committed 138176K, reserved 1179648K
  class space    used 18284K, committed 19392K, reserved 1048576K
}
Event: 84.481 GC heap before
{Heap before GC invocations=88 (full 0):
 garbage-first heap   total 461824K, used 432487K [0x0000000080000000, 0x0000000100000000)
  region size 1024K, 256 young (262144K), 3 survivors (3072K)
 Metaspace       used 135997K, committed 138240K, reserved 1179648K
  class space    used 18284K, committed 19392K, reserved 1048576K
}
Event: 84.486 GC heap after
{Heap after GC invocations=89 (full 0):
 garbage-first heap   total 461824K, used 173927K [0x0000000080000000, 0x0000000100000000)
  region size 1024K, 3 young (3072K), 3 survivors (3072K)
 Metaspace       used 135997K, committed 138240K, reserved 1179648K
  class space    used 18284K, committed 19392K, reserved 1048576K
}
Event: 86.125 GC heap before
{Heap before GC invocations=90 (full 0):
 garbage-first heap   total 461824K, used 429927K [0x0000000080000000, 0x0000000100000000)
  region size 1024K, 257 young (263168K), 3 survivors (3072K)
 Metaspace       used 136016K, committed 138240K, reserved 1179648K
  class space    used 18285K, committed 19392K, reserved 1048576K
}
Event: 86.134 GC heap after
{Heap after GC invocations=91 (full 0):
 garbage-first heap   total 461824K, used 170855K [0x0000000080000000, 0x0000000100000000)
  region size 1024K, 4 young (4096K), 4 survivors (4096K)
 Metaspace       used 136016K, committed 138240K, reserved 1179648K
  class space    used 18285K, committed 19392K, reserved 1048576K
}
Event: 87.478 GC heap before
{Heap before GC invocations=91 (full 0):
 garbage-first heap   total 461824K, used 435047K [0x0000000080000000, 0x0000000100000000)
  region size 1024K, 260 young (266240K), 4 survivors (4096K)
 Metaspace       used 136296K, committed 138560K, reserved 1179648K
  class space    used 18340K, committed 19456K, reserved 1048576K
}
Event: 87.491 GC heap after
{Heap after GC invocations=92 (full 0):
 garbage-first heap   total 461824K, used 158685K [0x0000000080000000, 0x0000000100000000)
  region size 1024K, 5 young (5120K), 5 survivors (5120K)
 Metaspace       used 136296K, committed 138560K, reserved 1179648K
  class space    used 18340K, committed 19456K, reserved 1048576K
}
Event: 89.622 GC heap before
{Heap before GC invocations=92 (full 0):
 garbage-first heap   total 461824K, used 429021K [0x0000000080000000, 0x0000000100000000)
  region size 1024K, 270 young (276480K), 5 survivors (5120K)
 Metaspace       used 136485K, committed 138688K, reserved 1179648K
  class space    used 18367K, committed 19456K, reserved 1048576K
}
Event: 89.685 GC heap after
{Heap after GC invocations=93 (full 0):
 garbage-first heap   total 461824K, used 180324K [0x0000000080000000, 0x0000000100000000)
  region size 1024K, 26 young (26624K), 26 survivors (26624K)
 Metaspace       used 136485K, committed 138688K, reserved 1179648K
  class space    used 18367K, committed 19456K, reserved 1048576K
}
Event: 91.803 GC heap before
{Heap before GC invocations=94 (full 0):
 garbage-first heap   total 461824K, used 408676K [0x0000000080000000, 0x0000000100000000)
  region size 1024K, 250 young (256000K), 26 survivors (26624K)
 Metaspace       used 136522K, committed 138752K, reserved 1179648K
  class space    used 18371K, committed 19520K, reserved 1048576K
}
Event: 91.866 GC heap after
{Heap after GC invocations=95 (full 0):
 garbage-first heap   total 461824K, used 180736K [0x0000000080000000, 0x0000000100000000)
  region size 1024K, 9 young (9216K), 9 survivors (9216K)
 Metaspace       used 136522K, committed 138752K, reserved 1179648K
  class space    used 18371K, committed 19520K, reserved 1048576K
}
Event: 93.483 GC heap before
{Heap before GC invocations=95 (full 0):
 garbage-first heap   total 461824K, used 423424K [0x0000000080000000, 0x0000000100000000)
  region size 1024K, 246 young (251904K), 9 survivors (9216K)
 Metaspace       used 136538K, committed 138752K, reserved 1179648K
  class space    used 18372K, committed 19520K, reserved 1048576K
}
Event: 93.545 GC heap after
{Heap after GC invocations=96 (full 0):
 garbage-first heap   total 461824K, used 174592K [0x0000000080000000, 0x0000000100000000)
  region size 1024K, 11 young (11264K), 11 survivors (11264K)
 Metaspace       used 136538K, committed 138752K, reserved 1179648K
  class space    used 18372K, committed 19520K, reserved 1048576K
}
Event: 96.047 GC heap before
{Heap before GC invocations=96 (full 0):
 garbage-first heap   total 461824K, used 425472K [0x0000000080000000, 0x0000000100000000)
  region size 1024K, 256 young (262144K), 11 survivors (11264K)
 Metaspace       used 136561K, committed 138816K, reserved 1179648K
  class space    used 18373K, committed 19520K, reserved 1048576K
}

