# JRE version: OpenJDK Runtime Environment (21.0.4) (build 21.0.4+-12508038-b607.1)
# Java VM: OpenJDK 64-Bit Server VM (21.0.4+-12508038-b607.1, mixed mode, tiered, compressed oops, compressed class ptrs, g1 gc, windows-amd64)
GC Precious Log:
 CardTable entry size: 512
 Card Set container configuration: InlinePtr #cards 5 size 8 Array Of Cards #cards 12 size 40 Howl #buckets 4 coarsen threshold 1843 Howl Bitmap #cards 512 size 80 coarsen threshold 460 Card regions per heap region 1 cards per card region 2048
 CPUs: 4 total, 4 available
 Memory: 3790M
 Large Page Support: Disabled
 NUMA Support: Disabled
 Compressed Oops: Enabled (32-bit)
 Heap Region Size: 1M
 Heap Min Capacity: 8M
 Heap Initial Capacity: 60M
 Heap Max Capacity: 2G
 Pre-touch: Disabled
 Parallel Workers: 4
 Concurrent Workers: 1
 Concurrent Refinement Workers: 4
 Periodic GC: Disabled
Heap:
 garbage-first heap   total 312320K, used 190433K [0x0000000080000000, 0x0000000100000000)
  region size 1024K, 4 young (4096K), 4 survivors (4096K)
 Metaspace       used 132062K, committed 134208K, reserved 1179648K
  class space    used 17847K, committed 18944K, reserved 1048576K
GC Heap History (20 events):
Event: 94.682 GC heap after
{Heap after GC invocations=53 (full 0):
 garbage-first heap   total 191488K, used 118301K [0x0000000080000000, 0x0000000100000000)
  region size 1024K, 8 young (8192K), 8 survivors (8192K)
 Metaspace       used 115012K, committed 117120K, reserved 1179648K
  class space    used 15438K, committed 16512K, reserved 1048576K
}
Event: 96.225 GC heap before
{Heap before GC invocations=53 (full 0):
 garbage-first heap   total 191488K, used 171549K [0x0000000080000000, 0x0000000100000000)
  region size 1024K, 61 young (62464K), 8 survivors (8192K)
 Metaspace       used 115823K, committed 118016K, reserved 1179648K
  class space    used 15570K, committed 16704K, reserved 1048576K
}
Event: 96.248 GC heap after
{Heap after GC invocations=54 (full 0):
 garbage-first heap   total 191488K, used 120571K [0x0000000080000000, 0x0000000100000000)
  region size 1024K, 5 young (5120K), 5 survivors (5120K)
 Metaspace       used 115823K, committed 118016K, reserved 1179648K
  class space    used 15570K, committed 16704K, reserved 1048576K
}
Event: 98.198 GC heap before
{Heap before GC invocations=55 (full 0):
 garbage-first heap   total 203776K, used 174843K [0x0000000080000000, 0x0000000100000000)
  region size 1024K, 57 young (58368K), 5 survivors (5120K)
 Metaspace       used 116684K, committed 118848K, reserved 1179648K
  class space    used 15687K, committed 16832K, reserved 1048576K
}
Event: 98.220 GC heap after
{Heap after GC invocations=56 (full 0):
 garbage-first heap   total 203776K, used 132771K [0x0000000080000000, 0x0000000100000000)
  region size 1024K, 8 young (8192K), 8 survivors (8192K)
 Metaspace       used 116684K, committed 118848K, reserved 1179648K
  class space    used 15687K, committed 16832K, reserved 1048576K
}
Event: 100.279 GC heap before
{Heap before GC invocations=56 (full 0):
 garbage-first heap   total 203776K, used 179875K [0x0000000080000000, 0x0000000100000000)
  region size 1024K, 55 young (56320K), 8 survivors (8192K)
 Metaspace       used 120406K, committed 122560K, reserved 1179648K
  class space    used 16240K, committed 17344K, reserved 1048576K
}
Event: 100.322 GC heap after
{Heap after GC invocations=57 (full 0):
 garbage-first heap   total 203776K, used 135068K [0x0000000080000000, 0x0000000100000000)
  region size 1024K, 7 young (7168K), 7 survivors (7168K)
 Metaspace       used 120406K, committed 122560K, reserved 1179648K
  class space    used 16240K, committed 17344K, reserved 1048576K
}
Event: 101.915 GC heap before
{Heap before GC invocations=57 (full 0):
 garbage-first heap   total 203776K, used 182172K [0x0000000080000000, 0x0000000100000000)
  region size 1024K, 53 young (54272K), 7 survivors (7168K)
 Metaspace       used 121246K, committed 123456K, reserved 1179648K
  class space    used 16319K, committed 17472K, reserved 1048576K
}
Event: 101.954 GC heap after
{Heap after GC invocations=58 (full 0):
 garbage-first heap   total 244736K, used 141953K [0x0000000080000000, 0x0000000100000000)
  region size 1024K, 7 young (7168K), 7 survivors (7168K)
 Metaspace       used 121246K, committed 123456K, reserved 1179648K
  class space    used 16319K, committed 17472K, reserved 1048576K
}
Event: 104.783 GC heap before
{Heap before GC invocations=59 (full 0):
 garbage-first heap   total 244736K, used 217729K [0x0000000080000000, 0x0000000100000000)
  region size 1024K, 81 young (82944K), 7 survivors (7168K)
 Metaspace       used 123771K, committed 125952K, reserved 1179648K
  class space    used 16718K, committed 17856K, reserved 1048576K
}
Event: 104.827 GC heap after
{Heap after GC invocations=60 (full 0):
 garbage-first heap   total 244736K, used 155441K [0x0000000080000000, 0x0000000100000000)
  region size 1024K, 11 young (11264K), 11 survivors (11264K)
 Metaspace       used 123771K, committed 125952K, reserved 1179648K
  class space    used 16718K, committed 17856K, reserved 1048576K
}
Event: 107.180 GC heap before
{Heap before GC invocations=60 (full 0):
 garbage-first heap   total 244736K, used 215857K [0x0000000080000000, 0x0000000100000000)
  region size 1024K, 71 young (72704K), 11 survivors (11264K)
 Metaspace       used 126110K, committed 128256K, reserved 1179648K
  class space    used 17006K, committed 18112K, reserved 1048576K
}
Event: 107.282 GC heap after
{Heap after GC invocations=61 (full 0):
 garbage-first heap   total 244736K, used 164219K [0x0000000080000000, 0x0000000100000000)
  region size 1024K, 9 young (9216K), 9 survivors (9216K)
 Metaspace       used 126110K, committed 128256K, reserved 1179648K
  class space    used 17006K, committed 18112K, reserved 1048576K
}
Event: 108.252 GC heap before
{Heap before GC invocations=61 (full 0):
 garbage-first heap   total 244736K, used 220539K [0x0000000080000000, 0x0000000100000000)
  region size 1024K, 64 young (65536K), 9 survivors (9216K)
 Metaspace       used 126302K, committed 128512K, reserved 1179648K
  class space    used 17036K, committed 18176K, reserved 1048576K
}
Event: 108.321 GC heap after
{Heap after GC invocations=62 (full 0):
 garbage-first heap   total 244736K, used 175104K [0x0000000080000000, 0x0000000100000000)
  region size 1024K, 8 young (8192K), 8 survivors (8192K)
 Metaspace       used 126302K, committed 128512K, reserved 1179648K
  class space    used 17036K, committed 18176K, reserved 1048576K
}
Event: 108.560 GC heap before
{Heap before GC invocations=62 (full 0):
 garbage-first heap   total 244736K, used 222208K [0x0000000080000000, 0x0000000100000000)
  region size 1024K, 54 young (55296K), 8 survivors (8192K)
 Metaspace       used 126337K, committed 128512K, reserved 1179648K
  class space    used 17045K, committed 18176K, reserved 1048576K
}
Event: 108.581 GC heap after
{Heap after GC invocations=63 (full 0):
 garbage-first heap   total 244736K, used 186880K [0x0000000080000000, 0x0000000100000000)
  region size 1024K, 7 young (7168K), 7 survivors (7168K)
 Metaspace       used 126337K, committed 128512K, reserved 1179648K
  class space    used 17045K, committed 18176K, reserved 1048576K
}
Event: 112.392 GC heap before
{Heap before GC invocations=64 (full 0):
 garbage-first heap   total 312320K, used 219648K [0x0000000080000000, 0x0000000100000000)
  region size 1024K, 40 young (40960K), 7 survivors (7168K)
 Metaspace       used 129149K, committed 131328K, reserved 1179648K
  class space    used 17510K, committed 18624K, reserved 1048576K
}
Event: 112.404 GC heap after
{Heap after GC invocations=65 (full 0):
 garbage-first heap   total 312320K, used 190976K [0x0000000080000000, 0x0000000100000000)
  region size 1024K, 3 young (3072K), 3 survivors (3072K)
 Metaspace       used 129149K, committed 131328K, reserved 1179648K
  class space    used 17510K, committed 18624K, reserved 1048576K
}
Event: 113.608 GC heap before
{Heap before GC invocations=65 (full 0):
 garbage-first heap   total 312320K, used 269824K [0x0000000080000000, 0x0000000100000000)
  region size 1024K, 80 young (81920K), 3 survivors (3072K)
 Metaspace       used 132062K, committed 134208K, reserved 1179648K
  class space    used 17847K, committed 18944K, reserved 1048576K
}

