# JRE version: OpenJDK Runtime Environment (17.0.10) (build 17.0.10+0--11609105)
# Java VM: OpenJDK 64-Bit Server VM (17.0.10+0--11609105, mixed mode, tiered, compressed oops, compressed class ptrs, g1 gc, windows-amd64)
GC Precious Log:
 CPUs: 4 total, 4 available
 Memory: 3790M
 Large Page Support: Disabled
 NUMA Support: Disabled
 Compressed Oops: Enabled (32-bit)
 Heap Region Size: 1M
 Heap Min Capacity: 8M
 Heap Initial Capacity: 60M
 Heap Max Capacity: 2G
 Pre-touch: Disabled
 Parallel Workers: 4
 Concurrent Workers: 1
 Concurrent Refinement Workers: 4
 Periodic GC: Disabled
Heap:
 garbage-first heap   total 339968K, used 256741K [0x0000000080000000, 0x0000000100000000)
  region size 1024K, 2 young (2048K), 2 survivors (2048K)
 Metaspace       used 170693K, committed 172032K, reserved 1245184K
  class space    used 22551K, committed 23168K, reserved 1048576K
GC Heap History (20 events):
Event: 605.869 GC heap after
{Heap after GC invocations=88 (full 0):
 garbage-first heap   total 339968K, used 223849K [0x0000000080000000, 0x0000000100000000)
  region size 1024K, 3 young (3072K), 3 survivors (3072K)
 Metaspace       used 169446K, committed 170816K, reserved 1245184K
  class space    used 22394K, committed 23040K, reserved 1048576K
}
Event: 606.754 GC heap before
{Heap before GC invocations=88 (full 0):
 garbage-first heap   total 339968K, used 294505K [0x0000000080000000, 0x0000000100000000)
  region size 1024K, 72 young (73728K), 3 survivors (3072K)
 Metaspace       used 170040K, committed 171392K, reserved 1245184K
  class space    used 22480K, committed 23104K, reserved 1048576K
}
Event: 606.764 GC heap after
{Heap after GC invocations=89 (full 0):
 garbage-first heap   total 339968K, used 224370K [0x0000000080000000, 0x0000000100000000)
  region size 1024K, 3 young (3072K), 3 survivors (3072K)
 Metaspace       used 170040K, committed 171392K, reserved 1245184K
  class space    used 22480K, committed 23104K, reserved 1048576K
}
Event: 608.595 GC heap before
{Heap before GC invocations=89 (full 0):
 garbage-first heap   total 339968K, used 296050K [0x0000000080000000, 0x0000000100000000)
  region size 1024K, 73 young (74752K), 3 survivors (3072K)
 Metaspace       used 170191K, committed 171584K, reserved 1245184K
  class space    used 22483K, committed 23168K, reserved 1048576K
}
Event: 608.604 GC heap after
{Heap after GC invocations=90 (full 0):
 garbage-first heap   total 339968K, used 224918K [0x0000000080000000, 0x0000000100000000)
  region size 1024K, 4 young (4096K), 4 survivors (4096K)
 Metaspace       used 170191K, committed 171584K, reserved 1245184K
  class space    used 22483K, committed 23168K, reserved 1048576K
}
Event: 609.301 GC heap before
{Heap before GC invocations=90 (full 0):
 garbage-first heap   total 339968K, used 296598K [0x0000000080000000, 0x0000000100000000)
  region size 1024K, 74 young (75776K), 4 survivors (4096K)
 Metaspace       used 170347K, committed 171712K, reserved 1245184K
  class space    used 22502K, committed 23168K, reserved 1048576K
}
Event: 609.309 GC heap after
{Heap after GC invocations=91 (full 0):
 garbage-first heap   total 339968K, used 226629K [0x0000000080000000, 0x0000000100000000)
  region size 1024K, 5 young (5120K), 5 survivors (5120K)
 Metaspace       used 170347K, committed 171712K, reserved 1245184K
  class space    used 22502K, committed 23168K, reserved 1048576K
}
Event: 609.734 GC heap before
{Heap before GC invocations=91 (full 0):
 garbage-first heap   total 339968K, used 296261K [0x0000000080000000, 0x0000000100000000)
  region size 1024K, 73 young (74752K), 5 survivors (5120K)
 Metaspace       used 170376K, committed 171776K, reserved 1245184K
  class space    used 22504K, committed 23168K, reserved 1048576K
}
Event: 609.740 GC heap after
{Heap after GC invocations=92 (full 0):
 garbage-first heap   total 339968K, used 226460K [0x0000000080000000, 0x0000000100000000)
  region size 1024K, 5 young (5120K), 5 survivors (5120K)
 Metaspace       used 170376K, committed 171776K, reserved 1245184K
  class space    used 22504K, committed 23168K, reserved 1048576K
}
Event: 612.197 GC heap before
{Heap before GC invocations=92 (full 0):
 garbage-first heap   total 339968K, used 297116K [0x0000000080000000, 0x0000000100000000)
  region size 1024K, 75 young (76800K), 5 survivors (5120K)
 Metaspace       used 170544K, committed 171904K, reserved 1245184K
  class space    used 22529K, committed 23168K, reserved 1048576K
}
Event: 612.213 GC heap after
{Heap after GC invocations=93 (full 0):
 garbage-first heap   total 339968K, used 229319K [0x0000000080000000, 0x0000000100000000)
  region size 1024K, 8 young (8192K), 8 survivors (8192K)
 Metaspace       used 170544K, committed 171904K, reserved 1245184K
  class space    used 22529K, committed 23168K, reserved 1048576K
}
Event: 612.446 GC heap before
{Heap before GC invocations=93 (full 0):
 garbage-first heap   total 339968K, used 292807K [0x0000000080000000, 0x0000000100000000)
  region size 1024K, 71 young (72704K), 8 survivors (8192K)
 Metaspace       used 170592K, committed 171968K, reserved 1245184K
  class space    used 22537K, committed 23168K, reserved 1048576K
}
Event: 612.507 GC heap after
{Heap after GC invocations=94 (full 0):
 garbage-first heap   total 339968K, used 239363K [0x0000000080000000, 0x0000000100000000)
  region size 1024K, 9 young (9216K), 9 survivors (9216K)
 Metaspace       used 170592K, committed 171968K, reserved 1245184K
  class space    used 22537K, committed 23168K, reserved 1048576K
}
Event: 612.604 GC heap before
{Heap before GC invocations=94 (full 0):
 garbage-first heap   total 339968K, used 290563K [0x0000000080000000, 0x0000000100000000)
  region size 1024K, 59 young (60416K), 9 survivors (9216K)
 Metaspace       used 170620K, committed 171968K, reserved 1245184K
  class space    used 22539K, committed 23168K, reserved 1048576K
}
Event: 612.639 GC heap after
{Heap after GC invocations=95 (full 0):
 garbage-first heap   total 339968K, used 244736K [0x0000000080000000, 0x0000000100000000)
  region size 1024K, 5 young (5120K), 5 survivors (5120K)
 Metaspace       used 170620K, committed 171968K, reserved 1245184K
  class space    used 22539K, committed 23168K, reserved 1048576K
}
Event: 612.737 GC heap before
{Heap before GC invocations=95 (full 0):
 garbage-first heap   total 339968K, used 291840K [0x0000000080000000, 0x0000000100000000)
  region size 1024K, 51 young (52224K), 5 survivors (5120K)
 Metaspace       used 170636K, committed 171968K, reserved 1245184K
  class space    used 22540K, committed 23168K, reserved 1048576K
}
Event: 612.757 GC heap after
{Heap after GC invocations=96 (full 0):
 garbage-first heap   total 339968K, used 250242K [0x0000000080000000, 0x0000000100000000)
  region size 1024K, 5 young (5120K), 5 survivors (5120K)
 Metaspace       used 170636K, committed 171968K, reserved 1245184K
  class space    used 22540K, committed 23168K, reserved 1048576K
}
Event: 612.826 GC heap before
{Heap before GC invocations=96 (full 0):
 garbage-first heap   total 339968K, used 292226K [0x0000000080000000, 0x0000000100000000)
  region size 1024K, 46 young (47104K), 5 survivors (5120K)
 Metaspace       used 170653K, committed 171968K, reserved 1245184K
  class space    used 22541K, committed 23168K, reserved 1048576K
}
Event: 612.843 GC heap after
{Heap after GC invocations=97 (full 0):
 garbage-first heap   total 339968K, used 254741K [0x0000000080000000, 0x0000000100000000)
  region size 1024K, 5 young (5120K), 5 survivors (5120K)
 Metaspace       used 170653K, committed 171968K, reserved 1245184K
  class space    used 22541K, committed 23168K, reserved 1048576K
}
Event: 612.917 GC heap before
{Heap before GC invocations=97 (full 0):
 garbage-first heap   total 339968K, used 292629K [0x0000000080000000, 0x0000000100000000)
  region size 1024K, 42 young (43008K), 5 survivors (5120K)
 Metaspace       used 170693K, committed 172032K, reserved 1245184K
  class space    used 22551K, committed 23168K, reserved 1048576K
}

