# JRE version: OpenJDK Runtime Environment (17.0.10) (build 17.0.10+0--11609105)
# Java VM: OpenJDK 64-Bit Server VM (17.0.10+0--11609105, mixed mode, tiered, compressed oops, compressed class ptrs, g1 gc, windows-amd64)
GC Precious Log:
 CPUs: 4 total, 4 available
 Memory: 3790M
 Large Page Support: Disabled
 NUMA Support: Disabled
 Compressed Oops: Enabled (32-bit)
 Heap Region Size: 1M
 Heap Min Capacity: 8M
 Heap Initial Capacity: 60M
 Heap Max Capacity: 2G
 Pre-touch: Disabled
 Parallel Workers: 4
 Concurrent Workers: 1
 Concurrent Refinement Workers: 4
 Periodic GC: Disabled
Heap:
 garbage-first heap   total 102400K, used 67667K [0x0000000080000000, 0x0000000100000000)
  region size 1024K, 5 young (5120K), 3 survivors (3072K)
 Metaspace       used 51084K, committed 51584K, reserved 1114112K
  class space    used 6900K, committed 7104K, reserved 1048576K
GC Heap History (20 events):
Event: 6.323 GC heap before
{Heap before GC invocations=13 (full 0):
 garbage-first heap   total 65536K, used 40611K [0x0000000080000000, 0x0000000100000000)
  region size 1024K, 3 young (3072K), 2 survivors (2048K)
 Metaspace       used 33730K, committed 34112K, reserved 1114112K
  class space    used 4568K, committed 4736K, reserved 1048576K
}
Event: 6.326 GC heap after
{Heap after GC invocations=14 (full 0):
 garbage-first heap   total 78848K, used 39401K [0x0000000080000000, 0x0000000100000000)
  region size 1024K, 1 young (1024K), 1 survivors (1024K)
 Metaspace       used 33730K, committed 34112K, reserved 1114112K
  class space    used 4568K, committed 4736K, reserved 1048576K
}
Event: 6.634 GC heap before
{Heap before GC invocations=14 (full 0):
 garbage-first heap   total 78848K, used 55785K [0x0000000080000000, 0x0000000100000000)
  region size 1024K, 17 young (17408K), 1 survivors (1024K)
 Metaspace       used 35563K, committed 35904K, reserved 1114112K
  class space    used 4885K, committed 5056K, reserved 1048576K
}
Event: 6.635 GC heap after
{Heap after GC invocations=15 (full 0):
 garbage-first heap   total 78848K, used 40103K [0x0000000080000000, 0x0000000100000000)
  region size 1024K, 1 young (1024K), 1 survivors (1024K)
 Metaspace       used 35563K, committed 35904K, reserved 1114112K
  class space    used 4885K, committed 5056K, reserved 1048576K
}
Event: 6.942 GC heap before
{Heap before GC invocations=16 (full 0):
 garbage-first heap   total 78848K, used 58535K [0x0000000080000000, 0x0000000100000000)
  region size 1024K, 19 young (19456K), 1 survivors (1024K)
 Metaspace       used 38175K, committed 38592K, reserved 1114112K
  class space    used 5299K, committed 5504K, reserved 1048576K
}
Event: 6.945 GC heap after
{Heap after GC invocations=17 (full 0):
 garbage-first heap   total 78848K, used 40776K [0x0000000080000000, 0x0000000100000000)
  region size 1024K, 2 young (2048K), 2 survivors (2048K)
 Metaspace       used 38175K, committed 38592K, reserved 1114112K
  class space    used 5299K, committed 5504K, reserved 1048576K
}
Event: 7.242 GC heap before
{Heap before GC invocations=17 (full 0):
 garbage-first heap   total 78848K, used 58184K [0x0000000080000000, 0x0000000100000000)
  region size 1024K, 20 young (20480K), 2 survivors (2048K)
 Metaspace       used 42098K, committed 42560K, reserved 1114112K
  class space    used 5733K, committed 5952K, reserved 1048576K
}
Event: 7.246 GC heap after
{Heap after GC invocations=18 (full 0):
 garbage-first heap   total 78848K, used 42750K [0x0000000080000000, 0x0000000100000000)
  region size 1024K, 3 young (3072K), 3 survivors (3072K)
 Metaspace       used 42098K, committed 42560K, reserved 1114112K
  class space    used 5733K, committed 5952K, reserved 1048576K
}
Event: 7.484 GC heap before
{Heap before GC invocations=19 (full 0):
 garbage-first heap   total 78848K, used 60158K [0x0000000080000000, 0x0000000100000000)
  region size 1024K, 21 young (21504K), 3 survivors (3072K)
 Metaspace       used 44578K, committed 44992K, reserved 1114112K
  class space    used 6021K, committed 6208K, reserved 1048576K
}
Event: 7.490 GC heap after
{Heap after GC invocations=20 (full 0):
 garbage-first heap   total 78848K, used 45258K [0x0000000080000000, 0x0000000100000000)
  region size 1024K, 3 young (3072K), 3 survivors (3072K)
 Metaspace       used 44578K, committed 44992K, reserved 1114112K
  class space    used 6021K, committed 6208K, reserved 1048576K
}
Event: 7.610 GC heap before
{Heap before GC invocations=20 (full 0):
 garbage-first heap   total 78848K, used 61642K [0x0000000080000000, 0x0000000100000000)
  region size 1024K, 19 young (19456K), 3 survivors (3072K)
 Metaspace       used 45060K, committed 45504K, reserved 1114112K
  class space    used 6069K, committed 6272K, reserved 1048576K
}
Event: 7.614 GC heap after
{Heap after GC invocations=21 (full 0):
 garbage-first heap   total 78848K, used 46019K [0x0000000080000000, 0x0000000100000000)
  region size 1024K, 2 young (2048K), 2 survivors (2048K)
 Metaspace       used 45060K, committed 45504K, reserved 1114112K
  class space    used 6069K, committed 6272K, reserved 1048576K
}
Event: 8.127 GC heap before
{Heap before GC invocations=22 (full 0):
 garbage-first heap   total 91136K, used 66499K [0x0000000080000000, 0x0000000100000000)
  region size 1024K, 18 young (18432K), 2 survivors (2048K)
 Metaspace       used 47868K, committed 48320K, reserved 1114112K
  class space    used 6365K, committed 6592K, reserved 1048576K
}
Event: 8.132 GC heap after
{Heap after GC invocations=23 (full 0):
 garbage-first heap   total 91136K, used 47653K [0x0000000080000000, 0x0000000100000000)
  region size 1024K, 2 young (2048K), 2 survivors (2048K)
 Metaspace       used 47868K, committed 48320K, reserved 1114112K
  class space    used 6365K, committed 6592K, reserved 1048576K
}
Event: 8.477 GC heap before
{Heap before GC invocations=23 (full 0):
 garbage-first heap   total 91136K, used 71205K [0x0000000080000000, 0x0000000100000000)
  region size 1024K, 26 young (26624K), 2 survivors (2048K)
 Metaspace       used 50562K, committed 51008K, reserved 1114112K
  class space    used 6834K, committed 7040K, reserved 1048576K
}
Event: 8.480 GC heap after
{Heap after GC invocations=24 (full 0):
 garbage-first heap   total 91136K, used 48986K [0x0000000080000000, 0x0000000100000000)
  region size 1024K, 3 young (3072K), 3 survivors (3072K)
 Metaspace       used 50562K, committed 51008K, reserved 1114112K
  class space    used 6834K, committed 7040K, reserved 1048576K
}
Event: 8.675 GC heap before
{Heap before GC invocations=25 (full 0):
 garbage-first heap   total 91136K, used 55130K [0x0000000080000000, 0x0000000100000000)
  region size 1024K, 10 young (10240K), 3 survivors (3072K)
 Metaspace       used 50721K, committed 51136K, reserved 1114112K
  class space    used 6848K, committed 7040K, reserved 1048576K
}
Event: 8.682 GC heap after
{Heap after GC invocations=26 (full 0):
 garbage-first heap   total 91136K, used 51060K [0x0000000080000000, 0x0000000100000000)
  region size 1024K, 4 young (4096K), 4 survivors (4096K)
 Metaspace       used 50721K, committed 51136K, reserved 1114112K
  class space    used 6848K, committed 7040K, reserved 1048576K
}
Event: 8.844 GC heap before
{Heap before GC invocations=27 (full 0):
 garbage-first heap   total 102400K, used 65396K [0x0000000080000000, 0x0000000100000000)
  region size 1024K, 11 young (11264K), 4 survivors (4096K)
 Metaspace       used 51004K, committed 51520K, reserved 1114112K
  class space    used 6896K, committed 7104K, reserved 1048576K
}
Event: 8.851 GC heap after
{Heap after GC invocations=28 (full 0):
 garbage-first heap   total 102400K, used 61523K [0x0000000080000000, 0x0000000100000000)
  region size 1024K, 3 young (3072K), 3 survivors (3072K)
 Metaspace       used 51004K, committed 51520K, reserved 1114112K
  class space    used 6896K, committed 7104K, reserved 1048576K
}

