# JRE version: OpenJDK Runtime Environment (21.0.4) (build 21.0.4+-12508038-b607.1)
# Java VM: OpenJDK 64-Bit Server VM (21.0.4+-12508038-b607.1, mixed mode, tiered, compressed oops, compressed class ptrs, g1 gc, windows-amd64)
GC Precious Log:
 CardTable entry size: 512
 Card Set container configuration: InlinePtr #cards 5 size 8 Array Of Cards #cards 12 size 40 Howl #buckets 4 coarsen threshold 1843 Howl Bitmap #cards 512 size 80 coarsen threshold 460 Card regions per heap region 1 cards per card region 2048
 CPUs: 4 total, 4 available
 Memory: 3790M
 Large Page Support: Disabled
 NUMA Support: Disabled
 Compressed Oops: Enabled (32-bit)
 Heap Region Size: 1M
 Heap Min Capacity: 8M
 Heap Initial Capacity: 60M
 Heap Max Capacity: 948M
 Pre-touch: Disabled
 Parallel Workers: 4
 Concurrent Workers: 1
 Concurrent Refinement Workers: 4
 Periodic GC: Disabled
Heap:
 garbage-first heap   total 101376K, used 69632K [0x00000000c4c00000, 0x0000000100000000)
  region size 1024K, 7 young (7168K), 4 survivors (4096K)
 Metaspace       used 77083K, committed 77824K, reserved 1179648K
  class space    used 8543K, committed 8896K, reserved 1048576K
GC Heap History (20 events):
Event: 6.851 GC heap before
{Heap before GC invocations=16 (full 0):
 garbage-first heap   total 75776K, used 63418K [0x00000000c4c00000, 0x0000000100000000)
  region size 1024K, 28 young (28672K), 2 survivors (2048K)
 Metaspace       used 59562K, committed 60288K, reserved 1114112K
  class space    used 6953K, committed 7296K, reserved 1048576K
}
Event: 6.860 GC heap after
{Heap after GC invocations=17 (full 0):
 garbage-first heap   total 75776K, used 41853K [0x00000000c4c00000, 0x0000000100000000)
  region size 1024K, 4 young (4096K), 4 survivors (4096K)
 Metaspace       used 59562K, committed 60288K, reserved 1114112K
  class space    used 6953K, committed 7296K, reserved 1048576K
}
Event: 7.331 GC heap before
{Heap before GC invocations=18 (full 0):
 garbage-first heap   total 75776K, used 64381K [0x00000000c4c00000, 0x0000000100000000)
  region size 1024K, 26 young (26624K), 4 survivors (4096K)
 Metaspace       used 60028K, committed 60736K, reserved 1114112K
  class space    used 6995K, committed 7360K, reserved 1048576K
}
Event: 7.343 GC heap after
{Heap after GC invocations=19 (full 0):
 garbage-first heap   total 75776K, used 46349K [0x00000000c4c00000, 0x0000000100000000)
  region size 1024K, 4 young (4096K), 4 survivors (4096K)
 Metaspace       used 60028K, committed 60736K, reserved 1114112K
  class space    used 6995K, committed 7360K, reserved 1048576K
}
Event: 7.483 GC heap before
{Heap before GC invocations=19 (full 0):
 garbage-first heap   total 75776K, used 65805K [0x00000000c4c00000, 0x0000000100000000)
  region size 1024K, 23 young (23552K), 4 survivors (4096K)
 Metaspace       used 60876K, committed 61632K, reserved 1114112K
  class space    used 7107K, committed 7488K, reserved 1048576K
}
Event: 7.490 GC heap after
{Heap after GC invocations=20 (full 0):
 garbage-first heap   total 75776K, used 46080K [0x00000000c4c00000, 0x0000000100000000)
  region size 1024K, 1 young (1024K), 1 survivors (1024K)
 Metaspace       used 60876K, committed 61632K, reserved 1114112K
  class space    used 7107K, committed 7488K, reserved 1048576K
}
Event: 8.087 GC heap before
{Heap before GC invocations=20 (full 0):
 garbage-first heap   total 75776K, used 66560K [0x00000000c4c00000, 0x0000000100000000)
  region size 1024K, 21 young (21504K), 1 survivors (1024K)
 Metaspace       used 62969K, committed 63744K, reserved 1114112K
  class space    used 7328K, committed 7680K, reserved 1048576K
}
Event: 8.093 GC heap after
{Heap after GC invocations=21 (full 0):
 garbage-first heap   total 75776K, used 48569K [0x00000000c4c00000, 0x0000000100000000)
  region size 1024K, 3 young (3072K), 3 survivors (3072K)
 Metaspace       used 62969K, committed 63744K, reserved 1114112K
  class space    used 7328K, committed 7680K, reserved 1048576K
}
Event: 8.702 GC heap before
{Heap before GC invocations=22 (full 0):
 garbage-first heap   total 81920K, used 67001K [0x00000000c4c00000, 0x0000000100000000)
  region size 1024K, 21 young (21504K), 3 survivors (3072K)
 Metaspace       used 65482K, committed 66240K, reserved 1114112K
  class space    used 7635K, committed 8000K, reserved 1048576K
}
Event: 8.709 GC heap after
{Heap after GC invocations=23 (full 0):
 garbage-first heap   total 81920K, used 51696K [0x00000000c4c00000, 0x0000000100000000)
  region size 1024K, 3 young (3072K), 3 survivors (3072K)
 Metaspace       used 65482K, committed 66240K, reserved 1114112K
  class space    used 7635K, committed 8000K, reserved 1048576K
}
Event: 9.415 GC heap before
{Heap before GC invocations=23 (full 0):
 garbage-first heap   total 81920K, used 73200K [0x00000000c4c00000, 0x0000000100000000)
  region size 1024K, 24 young (24576K), 3 survivors (3072K)
 Metaspace       used 66914K, committed 67648K, reserved 1114112K
  class space    used 7706K, committed 8064K, reserved 1048576K
}
Event: 9.425 GC heap after
{Heap after GC invocations=24 (full 0):
 garbage-first heap   total 98304K, used 54771K [0x00000000c4c00000, 0x0000000100000000)
  region size 1024K, 3 young (3072K), 3 survivors (3072K)
 Metaspace       used 66914K, committed 67648K, reserved 1114112K
  class space    used 7706K, committed 8064K, reserved 1048576K
}
Event: 10.624 GC heap before
{Heap before GC invocations=24 (full 0):
 garbage-first heap   total 98304K, used 84467K [0x00000000c4c00000, 0x0000000100000000)
  region size 1024K, 33 young (33792K), 3 survivors (3072K)
 Metaspace       used 69179K, committed 69888K, reserved 1114112K
  class space    used 7851K, committed 8192K, reserved 1048576K
}
Event: 10.636 GC heap after
{Heap after GC invocations=25 (full 0):
 garbage-first heap   total 98304K, used 59690K [0x00000000c4c00000, 0x0000000100000000)
  region size 1024K, 5 young (5120K), 5 survivors (5120K)
 Metaspace       used 69179K, committed 69888K, reserved 1114112K
  class space    used 7851K, committed 8192K, reserved 1048576K
}
Event: 12.244 GC heap before
{Heap before GC invocations=26 (full 0):
 garbage-first heap   total 101376K, used 86314K [0x00000000c4c00000, 0x0000000100000000)
  region size 1024K, 31 young (31744K), 5 survivors (5120K)
 Metaspace       used 70055K, committed 70784K, reserved 1114112K
  class space    used 7896K, committed 8256K, reserved 1048576K
}
Event: 12.262 GC heap after
{Heap after GC invocations=27 (full 0):
 garbage-first heap   total 101376K, used 63160K [0x00000000c4c00000, 0x0000000100000000)
  region size 1024K, 4 young (4096K), 4 survivors (4096K)
 Metaspace       used 70055K, committed 70784K, reserved 1114112K
  class space    used 7896K, committed 8256K, reserved 1048576K
}
Event: 12.881 GC heap before
{Heap before GC invocations=27 (full 0):
 garbage-first heap   total 101376K, used 89784K [0x00000000c4c00000, 0x0000000100000000)
  region size 1024K, 30 young (30720K), 4 survivors (4096K)
 Metaspace       used 73978K, committed 74688K, reserved 1179648K
  class space    used 8259K, committed 8576K, reserved 1048576K
}
Event: 12.891 GC heap after
{Heap after GC invocations=28 (full 0):
 garbage-first heap   total 101376K, used 64500K [0x00000000c4c00000, 0x0000000100000000)
  region size 1024K, 2 young (2048K), 2 survivors (2048K)
 Metaspace       used 73978K, committed 74688K, reserved 1179648K
  class space    used 8259K, committed 8576K, reserved 1048576K
}
Event: 13.619 GC heap before
{Heap before GC invocations=28 (full 0):
 garbage-first heap   total 101376K, used 91124K [0x00000000c4c00000, 0x0000000100000000)
  region size 1024K, 28 young (28672K), 2 survivors (2048K)
 Metaspace       used 76882K, committed 77632K, reserved 1179648K
  class space    used 8521K, committed 8896K, reserved 1048576K
}
Event: 13.633 GC heap after
{Heap after GC invocations=29 (full 0):
 garbage-first heap   total 101376K, used 67584K [0x00000000c4c00000, 0x0000000100000000)
  region size 1024K, 4 young (4096K), 4 survivors (4096K)
 Metaspace       used 76882K, committed 77632K, reserved 1179648K
  class space    used 8521K, committed 8896K, reserved 1048576K
}

