# JRE version: OpenJDK Runtime Environment (21.0.4) (build 21.0.4+-12508038-b607.1)
# Java VM: OpenJDK 64-Bit Server VM (21.0.4+-12508038-b607.1, mixed mode, tiered, compressed oops, compressed class ptrs, g1 gc, windows-amd64)
GC Precious Log:
 CardTable entry size: 512
 Card Set container configuration: InlinePtr #cards 5 size 8 Array Of Cards #cards 12 size 40 Howl #buckets 4 coarsen threshold 1843 Howl Bitmap #cards 512 size 80 coarsen threshold 460 Card regions per heap region 1 cards per card region 2048
 CPUs: 4 total, 4 available
 Memory: 3790M
 Large Page Support: Disabled
 NUMA Support: Disabled
 Compressed Oops: Enabled (32-bit)
 Heap Region Size: 1M
 Heap Min Capacity: 8M
 Heap Initial Capacity: 60M
 Heap Max Capacity: 948M
 Pre-touch: Disabled
 Parallel Workers: 4
 Concurrent Workers: 1
 Concurrent Refinement Workers: 4
 Periodic GC: Disabled
Heap:
 garbage-first heap   total 126976K, used 96058K [0x00000000c4c00000, 0x0000000100000000)
  region size 1024K, 23 young (23552K), 3 survivors (3072K)
 Metaspace       used 92235K, committed 93056K, reserved 1179648K
  class space    used 9917K, committed 10304K, reserved 1048576K
GC Heap History (20 events):
Event: 7.076 GC heap before
{Heap before GC invocations=22 (full 0):
 garbage-first heap   total 78848K, used 59800K [0x00000000c4c00000, 0x0000000100000000)
  region size 1024K, 14 young (14336K), 1 survivors (1024K)
 Metaspace       used 60851K, committed 61632K, reserved 1114112K
  class space    used 7114K, committed 7488K, reserved 1048576K
}
Event: 7.081 GC heap after
{Heap after GC invocations=23 (full 0):
 garbage-first heap   total 78848K, used 47107K [0x00000000c4c00000, 0x0000000100000000)
  region size 1024K, 2 young (2048K), 2 survivors (2048K)
 Metaspace       used 60851K, committed 61632K, reserved 1114112K
  class space    used 7114K, committed 7488K, reserved 1048576K
}
Event: 7.960 GC heap before
{Heap before GC invocations=23 (full 0):
 garbage-first heap   total 78848K, used 69635K [0x00000000c4c00000, 0x0000000100000000)
  region size 1024K, 24 young (24576K), 2 survivors (2048K)
 Metaspace       used 63290K, committed 64064K, reserved 1114112K
  class space    used 7360K, committed 7744K, reserved 1048576K
}
Event: 7.971 GC heap after
{Heap after GC invocations=24 (full 0):
 garbage-first heap   total 110592K, used 48903K [0x00000000c4c00000, 0x0000000100000000)
  region size 1024K, 3 young (3072K), 3 survivors (3072K)
 Metaspace       used 63290K, committed 64064K, reserved 1114112K
  class space    used 7360K, committed 7744K, reserved 1048576K
}
Event: 9.664 GC heap before
{Heap before GC invocations=24 (full 0):
 garbage-first heap   total 110592K, used 94983K [0x00000000c4c00000, 0x0000000100000000)
  region size 1024K, 48 young (49152K), 3 survivors (3072K)
 Metaspace       used 67443K, committed 68160K, reserved 1114112K
  class space    used 7734K, committed 8064K, reserved 1048576K
}
Event: 9.687 GC heap after
{Heap after GC invocations=25 (full 0):
 garbage-first heap   total 110592K, used 56698K [0x00000000c4c00000, 0x0000000100000000)
  region size 1024K, 6 young (6144K), 6 survivors (6144K)
 Metaspace       used 67443K, committed 68160K, reserved 1114112K
  class space    used 7734K, committed 8064K, reserved 1048576K
}
Event: 11.146 GC heap before
{Heap before GC invocations=25 (full 0):
 garbage-first heap   total 110592K, used 90490K [0x00000000c4c00000, 0x0000000100000000)
  region size 1024K, 39 young (39936K), 6 survivors (6144K)
 Metaspace       used 69590K, committed 70336K, reserved 1114112K
  class space    used 7886K, committed 8256K, reserved 1048576K
}
Event: 11.162 GC heap after
{Heap after GC invocations=26 (full 0):
 garbage-first heap   total 110592K, used 61952K [0x00000000c4c00000, 0x0000000100000000)
  region size 1024K, 5 young (5120K), 5 survivors (5120K)
 Metaspace       used 69590K, committed 70336K, reserved 1114112K
  class space    used 7886K, committed 8256K, reserved 1048576K
}
Event: 12.293 GC heap before
{Heap before GC invocations=26 (full 0):
 garbage-first heap   total 110592K, used 94720K [0x00000000c4c00000, 0x0000000100000000)
  region size 1024K, 37 young (37888K), 5 survivors (5120K)
 Metaspace       used 72173K, committed 72896K, reserved 1114112K
  class space    used 8112K, committed 8448K, reserved 1048576K
}
Event: 12.308 GC heap after
{Heap after GC invocations=27 (full 0):
 garbage-first heap   total 110592K, used 65024K [0x00000000c4c00000, 0x0000000100000000)
  region size 1024K, 3 young (3072K), 3 survivors (3072K)
 Metaspace       used 72173K, committed 72896K, reserved 1114112K
  class space    used 8112K, committed 8448K, reserved 1048576K
}
Event: 13.129 GC heap before
{Heap before GC invocations=28 (full 0):
 garbage-first heap   total 110592K, used 96768K [0x00000000c4c00000, 0x0000000100000000)
  region size 1024K, 34 young (34816K), 3 survivors (3072K)
 Metaspace       used 76736K, committed 77504K, reserved 1179648K
  class space    used 8526K, committed 8896K, reserved 1048576K
}
Event: 13.145 GC heap after
{Heap after GC invocations=29 (full 0):
 garbage-first heap   total 110592K, used 68751K [0x00000000c4c00000, 0x0000000100000000)
  region size 1024K, 4 young (4096K), 4 survivors (4096K)
 Metaspace       used 76736K, committed 77504K, reserved 1179648K
  class space    used 8526K, committed 8896K, reserved 1048576K
}
Event: 14.020 GC heap before
{Heap before GC invocations=29 (full 0):
 garbage-first heap   total 110592K, used 99471K [0x00000000c4c00000, 0x0000000100000000)
  region size 1024K, 34 young (34816K), 4 survivors (4096K)
 Metaspace       used 82073K, committed 82816K, reserved 1179648K
  class space    used 9070K, committed 9408K, reserved 1048576K
}
Event: 14.031 GC heap after
{Heap after GC invocations=30 (full 0):
 garbage-first heap   total 110592K, used 70974K [0x00000000c4c00000, 0x0000000100000000)
  region size 1024K, 3 young (3072K), 3 survivors (3072K)
 Metaspace       used 82073K, committed 82816K, reserved 1179648K
  class space    used 9070K, committed 9408K, reserved 1048576K
}
Event: 14.333 GC heap before
{Heap before GC invocations=30 (full 0):
 garbage-first heap   total 110592K, used 99646K [0x00000000c4c00000, 0x0000000100000000)
  region size 1024K, 31 young (31744K), 3 survivors (3072K)
 Metaspace       used 84592K, committed 85312K, reserved 1179648K
  class space    used 9271K, committed 9600K, reserved 1048576K
}
Event: 14.348 GC heap after
{Heap after GC invocations=31 (full 0):
 garbage-first heap   total 110592K, used 75144K [0x00000000c4c00000, 0x0000000100000000)
  region size 1024K, 4 young (4096K), 4 survivors (4096K)
 Metaspace       used 84592K, committed 85312K, reserved 1179648K
  class space    used 9271K, committed 9600K, reserved 1048576K
}
Event: 15.001 GC heap before
{Heap before GC invocations=32 (full 0):
 garbage-first heap   total 126976K, used 98696K [0x00000000c4c00000, 0x0000000100000000)
  region size 1024K, 27 young (27648K), 4 survivors (4096K)
 Metaspace       used 87273K, committed 88064K, reserved 1179648K
  class space    used 9547K, committed 9920K, reserved 1048576K
}
Event: 15.013 GC heap after
{Heap after GC invocations=33 (full 0):
 garbage-first heap   total 126976K, used 77352K [0x00000000c4c00000, 0x0000000100000000)
  region size 1024K, 2 young (2048K), 2 survivors (2048K)
 Metaspace       used 87273K, committed 88064K, reserved 1179648K
  class space    used 9547K, committed 9920K, reserved 1048576K
}
Event: 15.608 GC heap before
{Heap before GC invocations=33 (full 0):
 garbage-first heap   total 126976K, used 114216K [0x00000000c4c00000, 0x0000000100000000)
  region size 1024K, 38 young (38912K), 2 survivors (2048K)
 Metaspace       used 89941K, committed 90688K, reserved 1179648K
  class space    used 9770K, committed 10112K, reserved 1048576K
}
Event: 15.621 GC heap after
{Heap after GC invocations=34 (full 0):
 garbage-first heap   total 126976K, used 76602K [0x00000000c4c00000, 0x0000000100000000)
  region size 1024K, 3 young (3072K), 3 survivors (3072K)
 Metaspace       used 89941K, committed 90688K, reserved 1179648K
  class space    used 9770K, committed 10112K, reserved 1048576K
}

