# JRE version: OpenJDK Runtime Environment (21.0.4) (build 21.0.4+-12508038-b607.1)
# Java VM: OpenJDK 64-Bit Server VM (21.0.4+-12508038-b607.1, mixed mode, tiered, compressed oops, compressed class ptrs, g1 gc, windows-amd64)
GC Precious Log:
 CardTable entry size: 512
 Card Set container configuration: InlinePtr #cards 5 size 8 Array Of Cards #cards 12 size 40 Howl #buckets 4 coarsen threshold 1843 Howl Bitmap #cards 512 size 80 coarsen threshold 460 Card regions per heap region 1 cards per card region 2048
 CPUs: 4 total, 4 available
 Memory: 3790M
 Large Page Support: Disabled
 NUMA Support: Disabled
 Compressed Oops: Enabled (32-bit)
 Heap Region Size: 1M
 Heap Min Capacity: 8M
 Heap Initial Capacity: 60M
 Heap Max Capacity: 2G
 Pre-touch: Disabled
 Parallel Workers: 4
 Concurrent Workers: 1
 Concurrent Refinement Workers: 4
 Periodic GC: Disabled
Heap:
 garbage-first heap   total 273408K, used 208808K [0x0000000080000000, 0x0000000100000000)
  region size 1024K, 45 young (46080K), 4 survivors (4096K)
 Metaspace       used 131568K, committed 133696K, reserved 1179648K
  class space    used 17800K, committed 18880K, reserved 1048576K
GC Heap History (20 events):
Event: 23.912 GC heap before
{Heap before GC invocations=49 (full 0):
 garbage-first heap   total 192512K, used 175477K [0x0000000080000000, 0x0000000100000000)
  region size 1024K, 66 young (67584K), 5 survivors (5120K)
 Metaspace       used 111504K, committed 113600K, reserved 1179648K
  class space    used 15030K, committed 16064K, reserved 1048576K
}
Event: 23.926 GC heap after
{Heap after GC invocations=50 (full 0):
 garbage-first heap   total 192512K, used 116085K [0x0000000080000000, 0x0000000100000000)
  region size 1024K, 7 young (7168K), 7 survivors (7168K)
 Metaspace       used 111504K, committed 113600K, reserved 1179648K
  class space    used 15030K, committed 16064K, reserved 1048576K
}
Event: 24.968 GC heap before
{Heap before GC invocations=50 (full 0):
 garbage-first heap   total 192512K, used 173429K [0x0000000080000000, 0x0000000100000000)
  region size 1024K, 64 young (65536K), 7 survivors (7168K)
 Metaspace       used 111624K, committed 113792K, reserved 1179648K
  class space    used 15043K, committed 16128K, reserved 1048576K
}
Event: 24.981 GC heap after
{Heap after GC invocations=51 (full 0):
 garbage-first heap   total 192512K, used 114692K [0x0000000080000000, 0x0000000100000000)
  region size 1024K, 5 young (5120K), 5 survivors (5120K)
 Metaspace       used 111624K, committed 113792K, reserved 1179648K
  class space    used 15043K, committed 16128K, reserved 1048576K
}
Event: 26.603 GC heap before
{Heap before GC invocations=51 (full 0):
 garbage-first heap   total 192512K, used 175108K [0x0000000080000000, 0x0000000100000000)
  region size 1024K, 65 young (66560K), 5 survivors (5120K)
 Metaspace       used 112612K, committed 114688K, reserved 1179648K
  class space    used 15190K, committed 16256K, reserved 1048576K
}
Event: 26.611 GC heap after
{Heap after GC invocations=52 (full 0):
 garbage-first heap   total 192512K, used 116866K [0x0000000080000000, 0x0000000100000000)
  region size 1024K, 7 young (7168K), 7 survivors (7168K)
 Metaspace       used 112612K, committed 114688K, reserved 1179648K
  class space    used 15190K, committed 16256K, reserved 1048576K
}
Event: 27.469 GC heap before
{Heap before GC invocations=53 (full 0):
 garbage-first heap   total 196608K, used 172162K [0x0000000080000000, 0x0000000100000000)
  region size 1024K, 62 young (63488K), 7 survivors (7168K)
 Metaspace       used 115491K, committed 117632K, reserved 1179648K
  class space    used 15549K, committed 16640K, reserved 1048576K
}
Event: 27.484 GC heap after
{Heap after GC invocations=54 (full 0):
 garbage-first heap   total 196608K, used 120398K [0x0000000080000000, 0x0000000100000000)
  region size 1024K, 8 young (8192K), 8 survivors (8192K)
 Metaspace       used 115491K, committed 117632K, reserved 1179648K
  class space    used 15549K, committed 16640K, reserved 1048576K
}
Event: 28.100 GC heap before
{Heap before GC invocations=54 (full 0):
 garbage-first heap   total 196608K, used 175694K [0x0000000080000000, 0x0000000100000000)
  region size 1024K, 63 young (64512K), 8 survivors (8192K)
 Metaspace       used 116428K, committed 118528K, reserved 1179648K
  class space    used 15690K, committed 16768K, reserved 1048576K
}
Event: 28.115 GC heap after
{Heap after GC invocations=55 (full 0):
 garbage-first heap   total 196608K, used 124076K [0x0000000080000000, 0x0000000100000000)
  region size 1024K, 8 young (8192K), 8 survivors (8192K)
 Metaspace       used 116428K, committed 118528K, reserved 1179648K
  class space    used 15690K, committed 16768K, reserved 1048576K
}
Event: 28.879 GC heap before
{Heap before GC invocations=55 (full 0):
 garbage-first heap   total 196608K, used 175276K [0x0000000080000000, 0x0000000100000000)
  region size 1024K, 59 young (60416K), 8 survivors (8192K)
 Metaspace       used 120273K, committed 122368K, reserved 1179648K
  class space    used 16214K, committed 17280K, reserved 1048576K
}
Event: 28.893 GC heap after
{Heap after GC invocations=56 (full 0):
 garbage-first heap   total 236544K, used 130912K [0x0000000080000000, 0x0000000100000000)
  region size 1024K, 6 young (6144K), 6 survivors (6144K)
 Metaspace       used 120273K, committed 122368K, reserved 1179648K
  class space    used 16214K, committed 17280K, reserved 1048576K
}
Event: 29.716 GC heap before
{Heap before GC invocations=57 (full 0):
 garbage-first heap   total 236544K, used 208736K [0x0000000080000000, 0x0000000100000000)
  region size 1024K, 83 young (84992K), 6 survivors (6144K)
 Metaspace       used 122864K, committed 124928K, reserved 1179648K
  class space    used 16603K, committed 17664K, reserved 1048576K
}
Event: 29.741 GC heap after
{Heap after GC invocations=58 (full 0):
 garbage-first heap   total 236544K, used 143074K [0x0000000080000000, 0x0000000100000000)
  region size 1024K, 11 young (11264K), 11 survivors (11264K)
 Metaspace       used 122864K, committed 124928K, reserved 1179648K
  class space    used 16603K, committed 17664K, reserved 1048576K
}
Event: 30.269 GC heap before
{Heap before GC invocations=58 (full 0):
 garbage-first heap   total 236544K, used 209634K [0x0000000080000000, 0x0000000100000000)
  region size 1024K, 77 young (78848K), 11 survivors (11264K)
 Metaspace       used 125551K, committed 127680K, reserved 1179648K
  class space    used 16946K, committed 18048K, reserved 1048576K
}
Event: 30.298 GC heap after
{Heap after GC invocations=59 (full 0):
 garbage-first heap   total 236544K, used 152576K [0x0000000080000000, 0x0000000100000000)
  region size 1024K, 10 young (10240K), 10 survivors (10240K)
 Metaspace       used 125551K, committed 127680K, reserved 1179648K
  class space    used 16946K, committed 18048K, reserved 1048576K
}
Event: 30.740 GC heap before
{Heap before GC invocations=59 (full 0):
 garbage-first heap   total 236544K, used 212992K [0x0000000080000000, 0x0000000100000000)
  region size 1024K, 69 young (70656K), 10 survivors (10240K)
 Metaspace       used 126094K, committed 128192K, reserved 1179648K
  class space    used 17026K, committed 18112K, reserved 1048576K
}
Event: 30.763 GC heap after
{Heap after GC invocations=60 (full 0):
 garbage-first heap   total 236544K, used 163840K [0x0000000080000000, 0x0000000100000000)
  region size 1024K, 9 young (9216K), 9 survivors (9216K)
 Metaspace       used 126094K, committed 128192K, reserved 1179648K
  class space    used 17026K, committed 18112K, reserved 1048576K
}
Event: 31.839 GC heap before
{Heap before GC invocations=61 (full 0):
 garbage-first heap   total 273408K, used 211968K [0x0000000080000000, 0x0000000100000000)
  region size 1024K, 57 young (58368K), 9 survivors (9216K)
 Metaspace       used 130041K, committed 132224K, reserved 1179648K
  class space    used 17649K, committed 18752K, reserved 1048576K
}
Event: 31.854 GC heap after
{Heap after GC invocations=62 (full 0):
 garbage-first heap   total 273408K, used 168872K [0x0000000080000000, 0x0000000100000000)
  region size 1024K, 4 young (4096K), 4 survivors (4096K)
 Metaspace       used 130041K, committed 132224K, reserved 1179648K
  class space    used 17649K, committed 18752K, reserved 1048576K
}

