# JRE version: OpenJDK Runtime Environment (21.0.4) (build 21.0.4+-12508038-b607.1)
# Java VM: OpenJDK 64-Bit Server VM (21.0.4+-12508038-b607.1, mixed mode, tiered, compressed oops, compressed class ptrs, g1 gc, windows-amd64)
GC Precious Log:
 CardTable entry size: 512
 Card Set container configuration: InlinePtr #cards 5 size 8 Array Of Cards #cards 12 size 40 Howl #buckets 4 coarsen threshold 1843 Howl Bitmap #cards 512 size 80 coarsen threshold 460 Card regions per heap region 1 cards per card region 2048
 CPUs: 4 total, 4 available
 Memory: 3790M
 Large Page Support: Disabled
 NUMA Support: Disabled
 Compressed Oops: Enabled (32-bit)
 Heap Region Size: 1M
 Heap Min Capacity: 8M
 Heap Initial Capacity: 60M
 Heap Max Capacity: 2G
 Pre-touch: Disabled
 Parallel Workers: 4
 Concurrent Workers: 1
 Concurrent Refinement Workers: 4
 Periodic GC: Disabled
Heap:
 garbage-first heap   total 310272K, used 207106K [0x0000000080000000, 0x0000000100000000)
  region size 1024K, 95 young (97280K), 22 survivors (22528K)
 Metaspace       used 128967K, committed 131200K, reserved 1179648K
  class space    used 17197K, committed 18304K, reserved 1048576K
GC Heap History (20 events):
Event: 27.758 GC heap before
{Heap before GC invocations=55 (full 0):
 garbage-first heap   total 232448K, used 212209K [0x0000000080000000, 0x0000000100000000)
  region size 1024K, 102 young (104448K), 6 survivors (6144K)
 Metaspace       used 116234K, committed 118272K, reserved 1179648K
  class space    used 15485K, committed 16512K, reserved 1048576K
}
Event: 27.766 GC heap after
{Heap after GC invocations=56 (full 0):
 garbage-first heap   total 232448K, used 115434K [0x0000000080000000, 0x0000000100000000)
  region size 1024K, 7 young (7168K), 7 survivors (7168K)
 Metaspace       used 116234K, committed 118272K, reserved 1179648K
  class space    used 15485K, committed 16512K, reserved 1048576K
}
Event: 28.312 GC heap before
{Heap before GC invocations=57 (full 0):
 garbage-first heap   total 232448K, used 210666K [0x0000000080000000, 0x0000000100000000)
  region size 1024K, 101 young (103424K), 7 survivors (7168K)
 Metaspace       used 116333K, committed 118400K, reserved 1179648K
  class space    used 15487K, committed 16512K, reserved 1048576K
}
Event: 28.321 GC heap after
{Heap after GC invocations=58 (full 0):
 garbage-first heap   total 232448K, used 114696K [0x0000000080000000, 0x0000000100000000)
  region size 1024K, 6 young (6144K), 6 survivors (6144K)
 Metaspace       used 116333K, committed 118400K, reserved 1179648K
  class space    used 15487K, committed 16512K, reserved 1048576K
}
Event: 28.881 GC heap before
{Heap before GC invocations=58 (full 0):
 garbage-first heap   total 232448K, used 211976K [0x0000000080000000, 0x0000000100000000)
  region size 1024K, 102 young (104448K), 6 survivors (6144K)
 Metaspace       used 116432K, committed 118464K, reserved 1179648K
  class space    used 15490K, committed 16512K, reserved 1048576K
}
Event: 28.899 GC heap after
{Heap after GC invocations=59 (full 0):
 garbage-first heap   total 232448K, used 113326K [0x0000000080000000, 0x0000000100000000)
  region size 1024K, 6 young (6144K), 6 survivors (6144K)
 Metaspace       used 116432K, committed 118464K, reserved 1179648K
  class space    used 15490K, committed 16512K, reserved 1048576K
}
Event: 29.645 GC heap before
{Heap before GC invocations=59 (full 0):
 garbage-first heap   total 232448K, used 211630K [0x0000000080000000, 0x0000000100000000)
  region size 1024K, 103 young (105472K), 6 survivors (6144K)
 Metaspace       used 116634K, committed 118720K, reserved 1179648K
  class space    used 15503K, committed 16576K, reserved 1048576K
}
Event: 29.652 GC heap after
{Heap after GC invocations=60 (full 0):
 garbage-first heap   total 232448K, used 114341K [0x0000000080000000, 0x0000000100000000)
  region size 1024K, 7 young (7168K), 7 survivors (7168K)
 Metaspace       used 116634K, committed 118720K, reserved 1179648K
  class space    used 15503K, committed 16576K, reserved 1048576K
}
Event: 30.071 GC heap before
{Heap before GC invocations=61 (full 0):
 garbage-first heap   total 232448K, used 212645K [0x0000000080000000, 0x0000000100000000)
  region size 1024K, 102 young (104448K), 7 survivors (7168K)
 Metaspace       used 116684K, committed 118784K, reserved 1179648K
  class space    used 15505K, committed 16576K, reserved 1048576K
}
Event: 30.079 GC heap after
{Heap after GC invocations=62 (full 0):
 garbage-first heap   total 232448K, used 116991K [0x0000000080000000, 0x0000000100000000)
  region size 1024K, 9 young (9216K), 9 survivors (9216K)
 Metaspace       used 116684K, committed 118784K, reserved 1179648K
  class space    used 15505K, committed 16576K, reserved 1048576K
}
Event: 30.313 GC heap before
{Heap before GC invocations=62 (full 0):
 garbage-first heap   total 232448K, used 209151K [0x0000000080000000, 0x0000000100000000)
  region size 1024K, 100 young (102400K), 9 survivors (9216K)
 Metaspace       used 116697K, committed 118784K, reserved 1179648K
  class space    used 15505K, committed 16576K, reserved 1048576K
}
Event: 30.330 GC heap after
{Heap after GC invocations=63 (full 0):
 garbage-first heap   total 232448K, used 113951K [0x0000000080000000, 0x0000000100000000)
  region size 1024K, 4 young (4096K), 4 survivors (4096K)
 Metaspace       used 116697K, committed 118784K, reserved 1179648K
  class space    used 15505K, committed 16576K, reserved 1048576K
}
Event: 30.342 GC heap before
{Heap before GC invocations=63 (full 0):
 garbage-first heap   total 232448K, used 120095K [0x0000000080000000, 0x0000000100000000)
  region size 1024K, 11 young (11264K), 4 survivors (4096K)
 Metaspace       used 116697K, committed 118784K, reserved 1179648K
  class space    used 15505K, committed 16576K, reserved 1048576K
}
Event: 30.347 GC heap after
{Heap after GC invocations=64 (full 0):
 garbage-first heap   total 309248K, used 113951K [0x0000000080000000, 0x0000000100000000)
  region size 1024K, 4 young (4096K), 4 survivors (4096K)
 Metaspace       used 116697K, committed 118784K, reserved 1179648K
  class space    used 15505K, committed 16576K, reserved 1048576K
}
Event: 30.880 GC heap before
{Heap before GC invocations=65 (full 0):
 garbage-first heap   total 309248K, used 290079K [0x0000000080000000, 0x0000000100000000)
  region size 1024K, 174 young (178176K), 4 survivors (4096K)
 Metaspace       used 116704K, committed 118784K, reserved 1179648K
  class space    used 15505K, committed 16576K, reserved 1048576K
}
Event: 30.898 GC heap after
{Heap after GC invocations=66 (full 0):
 garbage-first heap   total 309248K, used 119467K [0x0000000080000000, 0x0000000100000000)
  region size 1024K, 8 young (8192K), 8 survivors (8192K)
 Metaspace       used 116704K, committed 118784K, reserved 1179648K
  class space    used 15505K, committed 16576K, reserved 1048576K
}
Event: 33.604 GC heap before
{Heap before GC invocations=66 (full 0):
 garbage-first heap   total 309248K, used 283307K [0x0000000080000000, 0x0000000100000000)
  region size 1024K, 168 young (172032K), 8 survivors (8192K)
 Metaspace       used 119914K, committed 122048K, reserved 1179648K
  class space    used 15909K, committed 16960K, reserved 1048576K
}
Event: 33.650 GC heap after
{Heap after GC invocations=67 (full 0):
 garbage-first heap   total 309248K, used 116073K [0x0000000080000000, 0x0000000100000000)
  region size 1024K, 7 young (7168K), 7 survivors (7168K)
 Metaspace       used 119914K, committed 122048K, reserved 1179648K
  class space    used 15909K, committed 16960K, reserved 1048576K
}
Event: 35.543 GC heap before
{Heap before GC invocations=67 (full 0):
 garbage-first heap   total 309248K, used 284009K [0x0000000080000000, 0x0000000100000000)
  region size 1024K, 172 young (176128K), 7 survivors (7168K)
 Metaspace       used 126169K, committed 128320K, reserved 1179648K
  class space    used 16770K, committed 17856K, reserved 1048576K
}
Event: 35.603 GC heap after
{Heap after GC invocations=68 (full 0):
 garbage-first heap   total 310272K, used 133378K [0x0000000080000000, 0x0000000100000000)
  region size 1024K, 22 young (22528K), 22 survivors (22528K)
 Metaspace       used 126169K, committed 128320K, reserved 1179648K
  class space    used 16770K, committed 17856K, reserved 1048576K
}

