# JRE version: OpenJDK Runtime Environment (17.0.10) (build 17.0.10+0--11609105)
# Java VM: OpenJDK 64-Bit Server VM (17.0.10+0--11609105, mixed mode, tiered, compressed oops, compressed class ptrs, g1 gc, windows-amd64)
GC Precious Log:
 CPUs: 4 total, 4 available
 Memory: 3790M
 Large Page Support: Disabled
 NUMA Support: Disabled
 Compressed Oops: Enabled (32-bit)
 Heap Region Size: 1M
 Heap Min Capacity: 8M
 Heap Initial Capacity: 60M
 Heap Max Capacity: 2G
 Pre-touch: Disabled
 Parallel Workers: 4
 Concurrent Workers: 1
 Concurrent Refinement Workers: 4
 Periodic GC: Disabled
Heap:
 garbage-first heap   total 204800K, used 118012K [0x0000000080000000, 0x0000000100000000)
  region size 1024K, 5 young (5120K), 5 survivors (5120K)
 Metaspace       used 107371K, committed 108160K, reserved 1179648K
  class space    used 14701K, committed 15104K, reserved 1048576K
GC Heap History (20 events):
Event: 20.368 GC heap after
{Heap after GC invocations=37 (full 0):
 garbage-first heap   total 166912K, used 93358K [0x0000000080000000, 0x0000000100000000)
  region size 1024K, 7 young (7168K), 7 survivors (7168K)
 Metaspace       used 94894K, committed 95680K, reserved 1179648K
  class space    used 13050K, committed 13440K, reserved 1048576K
}
Event: 20.975 GC heap before
{Heap before GC invocations=37 (full 0):
 garbage-first heap   total 166912K, used 138414K [0x0000000080000000, 0x0000000100000000)
  region size 1024K, 51 young (52224K), 7 survivors (7168K)
 Metaspace       used 99303K, committed 100032K, reserved 1179648K
  class space    used 13672K, committed 14016K, reserved 1048576K
}
Event: 20.985 GC heap after
{Heap after GC invocations=38 (full 0):
 garbage-first heap   total 166912K, used 95628K [0x0000000080000000, 0x0000000100000000)
  region size 1024K, 6 young (6144K), 6 survivors (6144K)
 Metaspace       used 99303K, committed 100032K, reserved 1179648K
  class space    used 13672K, committed 14016K, reserved 1048576K
}
Event: 21.417 GC heap before
{Heap before GC invocations=38 (full 0):
 garbage-first heap   total 166912K, used 124300K [0x0000000080000000, 0x0000000100000000)
  region size 1024K, 35 young (35840K), 6 survivors (6144K)
 Metaspace       used 100840K, committed 101568K, reserved 1179648K
  class space    used 13896K, committed 14272K, reserved 1048576K
}
Event: 21.427 GC heap after
{Heap after GC invocations=39 (full 0):
 garbage-first heap   total 200704K, used 97647K [0x0000000080000000, 0x0000000100000000)
  region size 1024K, 5 young (5120K), 5 survivors (5120K)
 Metaspace       used 100840K, committed 101568K, reserved 1179648K
  class space    used 13896K, committed 14272K, reserved 1048576K
}
Event: 23.474 GC heap before
{Heap before GC invocations=40 (full 0):
 garbage-first heap   total 200704K, used 169327K [0x0000000080000000, 0x0000000100000000)
  region size 1024K, 71 young (72704K), 5 survivors (5120K)
 Metaspace       used 104952K, committed 105728K, reserved 1179648K
  class space    used 14362K, committed 14720K, reserved 1048576K
}
Event: 23.503 GC heap after
{Heap after GC invocations=41 (full 0):
 garbage-first heap   total 200704K, used 106470K [0x0000000080000000, 0x0000000100000000)
  region size 1024K, 9 young (9216K), 9 survivors (9216K)
 Metaspace       used 104952K, committed 105728K, reserved 1179648K
  class space    used 14362K, committed 14720K, reserved 1048576K
}
Event: 23.520 GC heap before
{Heap before GC invocations=41 (full 0):
 garbage-first heap   total 200704K, used 107494K [0x0000000080000000, 0x0000000100000000)
  region size 1024K, 10 young (10240K), 9 survivors (9216K)
 Metaspace       used 104952K, committed 105728K, reserved 1179648K
  class space    used 14362K, committed 14720K, reserved 1048576K
}
Event: 23.540 GC heap after
{Heap after GC invocations=42 (full 0):
 garbage-first heap   total 200704K, used 107217K [0x0000000080000000, 0x0000000100000000)
  region size 1024K, 2 young (2048K), 2 survivors (2048K)
 Metaspace       used 104952K, committed 105728K, reserved 1179648K
  class space    used 14362K, committed 14720K, reserved 1048576K
}
Event: 24.094 GC heap before
{Heap before GC invocations=42 (full 0):
 garbage-first heap   total 200704K, used 162513K [0x0000000080000000, 0x0000000100000000)
  region size 1024K, 56 young (57344K), 2 survivors (2048K)
 Metaspace       used 105011K, committed 105792K, reserved 1179648K
  class space    used 14365K, committed 14720K, reserved 1048576K
}
Event: 24.098 GC heap after
{Heap after GC invocations=43 (full 0):
 garbage-first heap   total 200704K, used 109341K [0x0000000080000000, 0x0000000100000000)
  region size 1024K, 4 young (4096K), 4 survivors (4096K)
 Metaspace       used 105011K, committed 105792K, reserved 1179648K
  class space    used 14365K, committed 14720K, reserved 1048576K
}
Event: 24.924 GC heap before
{Heap before GC invocations=44 (full 0):
 garbage-first heap   total 204800K, used 163613K [0x0000000080000000, 0x0000000100000000)
  region size 1024K, 58 young (59392K), 4 survivors (4096K)
 Metaspace       used 105733K, committed 106496K, reserved 1179648K
  class space    used 14469K, committed 14848K, reserved 1048576K
}
Event: 24.931 GC heap after
{Heap after GC invocations=45 (full 0):
 garbage-first heap   total 204800K, used 111371K [0x0000000080000000, 0x0000000100000000)
  region size 1024K, 6 young (6144K), 6 survivors (6144K)
 Metaspace       used 105733K, committed 106496K, reserved 1179648K
  class space    used 14469K, committed 14848K, reserved 1048576K
}
Event: 24.961 GC heap before
{Heap before GC invocations=45 (full 0):
 garbage-first heap   total 204800K, used 114443K [0x0000000080000000, 0x0000000100000000)
  region size 1024K, 10 young (10240K), 6 survivors (6144K)
 Metaspace       used 105733K, committed 106496K, reserved 1179648K
  class space    used 14469K, committed 14848K, reserved 1048576K
}
Event: 24.973 GC heap after
{Heap after GC invocations=46 (full 0):
 garbage-first heap   total 204800K, used 109217K [0x0000000080000000, 0x0000000100000000)
  region size 1024K, 2 young (2048K), 2 survivors (2048K)
 Metaspace       used 105733K, committed 106496K, reserved 1179648K
  class space    used 14469K, committed 14848K, reserved 1048576K
}
Event: 25.579 GC heap before
{Heap before GC invocations=46 (full 0):
 garbage-first heap   total 204800K, used 166561K [0x0000000080000000, 0x0000000100000000)
  region size 1024K, 59 young (60416K), 2 survivors (2048K)
 Metaspace       used 105879K, committed 106624K, reserved 1179648K
  class space    used 14485K, committed 14848K, reserved 1048576K
}
Event: 25.586 GC heap after
{Heap after GC invocations=47 (full 0):
 garbage-first heap   total 204800K, used 112329K [0x0000000080000000, 0x0000000100000000)
  region size 1024K, 5 young (5120K), 5 survivors (5120K)
 Metaspace       used 105879K, committed 106624K, reserved 1179648K
  class space    used 14485K, committed 14848K, reserved 1048576K
}
Event: 26.109 GC heap before
{Heap before GC invocations=47 (full 0):
 garbage-first heap   total 204800K, used 167625K [0x0000000080000000, 0x0000000100000000)
  region size 1024K, 60 young (61440K), 5 survivors (5120K)
 Metaspace       used 106848K, committed 107584K, reserved 1179648K
  class space    used 14627K, committed 14976K, reserved 1048576K
}
Event: 26.118 GC heap after
{Heap after GC invocations=48 (full 0):
 garbage-first heap   total 204800K, used 116153K [0x0000000080000000, 0x0000000100000000)
  region size 1024K, 6 young (6144K), 6 survivors (6144K)
 Metaspace       used 106848K, committed 107584K, reserved 1179648K
  class space    used 14627K, committed 14976K, reserved 1048576K
}
Event: 26.908 GC heap before
{Heap before GC invocations=48 (full 0):
 garbage-first heap   total 204800K, used 167353K [0x0000000080000000, 0x0000000100000000)
  region size 1024K, 57 young (58368K), 6 survivors (6144K)
 Metaspace       used 107371K, committed 108160K, reserved 1179648K
  class space    used 14701K, committed 15104K, reserved 1048576K
}

