# JRE version: OpenJDK Runtime Environment (21.0.4) (build 21.0.4+-12508038-b607.1)
# Java VM: OpenJDK 64-Bit Server VM (21.0.4+-12508038-b607.1, mixed mode, tiered, compressed oops, compressed class ptrs, g1 gc, windows-amd64)
GC Precious Log:
 CardTable entry size: 512
 Card Set container configuration: InlinePtr #cards 5 size 8 Array Of Cards #cards 12 size 40 Howl #buckets 4 coarsen threshold 1843 Howl Bitmap #cards 512 size 80 coarsen threshold 460 Card regions per heap region 1 cards per card region 2048
 CPUs: 4 total, 4 available
 Memory: 3790M
 Large Page Support: Disabled
 NUMA Support: Disabled
 Compressed Oops: Enabled (32-bit)
 Heap Region Size: 1M
 Heap Min Capacity: 8M
 Heap Initial Capacity: 60M
 Heap Max Capacity: 2G
 Pre-touch: Disabled
 Parallel Workers: 4
 Concurrent Workers: 1
 Concurrent Refinement Workers: 4
 Periodic GC: Disabled
Heap:
 garbage-first heap   total 224256K, used 189828K [0x0000000080000000, 0x0000000100000000)
  region size 1024K, 19 young (19456K), 6 survivors (6144K)
 Metaspace       used 146144K, committed 148416K, reserved 1179648K
  class space    used 19604K, committed 20736K, reserved 1048576K
GC Heap History (20 events):
Event: 48.660 GC heap before
{Heap before GC invocations=52 (full 0):
 garbage-first heap   total 195584K, used 176553K [0x0000000080000000, 0x0000000100000000)
  region size 1024K, 67 young (68608K), 6 survivors (6144K)
 Metaspace       used 117187K, committed 119296K, reserved 1179648K
  class space    used 15735K, committed 16832K, reserved 1048576K
}
Event: 48.668 GC heap after
{Heap after GC invocations=53 (full 0):
 garbage-first heap   total 195584K, used 116228K [0x0000000080000000, 0x0000000100000000)
  region size 1024K, 7 young (7168K), 7 survivors (7168K)
 Metaspace       used 117187K, committed 119296K, reserved 1179648K
  class space    used 15735K, committed 16832K, reserved 1048576K
}
Event: 49.317 GC heap before
{Heap before GC invocations=54 (full 0):
 garbage-first heap   total 195584K, used 175620K [0x0000000080000000, 0x0000000100000000)
  region size 1024K, 66 young (67584K), 7 survivors (7168K)
 Metaspace       used 117412K, committed 119552K, reserved 1179648K
  class space    used 15769K, committed 16896K, reserved 1048576K
}
Event: 49.330 GC heap after
{Heap after GC invocations=55 (full 0):
 garbage-first heap   total 195584K, used 118640K [0x0000000080000000, 0x0000000100000000)
  region size 1024K, 7 young (7168K), 7 survivors (7168K)
 Metaspace       used 117412K, committed 119552K, reserved 1179648K
  class space    used 15769K, committed 16896K, reserved 1048576K
}
Event: 50.181 GC heap before
{Heap before GC invocations=55 (full 0):
 garbage-first heap   total 195584K, used 175984K [0x0000000080000000, 0x0000000100000000)
  region size 1024K, 64 young (65536K), 7 survivors (7168K)
 Metaspace       used 117536K, committed 119680K, reserved 1179648K
  class space    used 15777K, committed 16896K, reserved 1048576K
}
Event: 50.192 GC heap after
{Heap after GC invocations=56 (full 0):
 garbage-first heap   total 195584K, used 118923K [0x0000000080000000, 0x0000000100000000)
  region size 1024K, 5 young (5120K), 5 survivors (5120K)
 Metaspace       used 117536K, committed 119680K, reserved 1179648K
  class space    used 15777K, committed 16896K, reserved 1048576K
}
Event: 50.776 GC heap before
{Heap before GC invocations=56 (full 0):
 garbage-first heap   total 195584K, used 177291K [0x0000000080000000, 0x0000000100000000)
  region size 1024K, 63 young (64512K), 5 survivors (5120K)
 Metaspace       used 117597K, committed 119680K, reserved 1179648K
  class space    used 15780K, committed 16896K, reserved 1048576K
}
Event: 50.786 GC heap after
{Heap after GC invocations=57 (full 0):
 garbage-first heap   total 195584K, used 120355K [0x0000000080000000, 0x0000000100000000)
  region size 1024K, 6 young (6144K), 6 survivors (6144K)
 Metaspace       used 117597K, committed 119680K, reserved 1179648K
  class space    used 15780K, committed 16896K, reserved 1048576K
}
Event: 52.171 GC heap before
{Heap before GC invocations=58 (full 0):
 garbage-first heap   total 201728K, used 176675K [0x0000000080000000, 0x0000000100000000)
  region size 1024K, 62 young (63488K), 6 survivors (6144K)
 Metaspace       used 123069K, committed 125184K, reserved 1179648K
  class space    used 16319K, committed 17408K, reserved 1048576K
}
Event: 52.181 GC heap after
{Heap after GC invocations=59 (full 0):
 garbage-first heap   total 201728K, used 121897K [0x0000000080000000, 0x0000000100000000)
  region size 1024K, 6 young (6144K), 6 survivors (6144K)
 Metaspace       used 123069K, committed 125184K, reserved 1179648K
  class space    used 16319K, committed 17408K, reserved 1048576K
}
Event: 497.931 GC heap before
{Heap before GC invocations=59 (full 0):
 garbage-first heap   total 201728K, used 183337K [0x0000000080000000, 0x0000000100000000)
  region size 1024K, 66 young (67584K), 6 survivors (6144K)
 Metaspace       used 123924K, committed 126016K, reserved 1179648K
  class space    used 16339K, committed 17408K, reserved 1048576K
}
Event: 498.074 GC heap after
{Heap after GC invocations=60 (full 0):
 garbage-first heap   total 201728K, used 126320K [0x0000000080000000, 0x0000000100000000)
  region size 1024K, 9 young (9216K), 9 survivors (9216K)
 Metaspace       used 123924K, committed 126016K, reserved 1179648K
  class space    used 16339K, committed 17408K, reserved 1048576K
}
Event: 502.085 GC heap before
{Heap before GC invocations=60 (full 0):
 garbage-first heap   total 201728K, used 179568K [0x0000000080000000, 0x0000000100000000)
  region size 1024K, 62 young (63488K), 9 survivors (9216K)
 Metaspace       used 125607K, committed 127744K, reserved 1179648K
  class space    used 16541K, committed 17664K, reserved 1048576K
}
Event: 502.133 GC heap after
{Heap after GC invocations=61 (full 0):
 garbage-first heap   total 201728K, used 133133K [0x0000000080000000, 0x0000000100000000)
  region size 1024K, 7 young (7168K), 7 survivors (7168K)
 Metaspace       used 125607K, committed 127744K, reserved 1179648K
  class space    used 16541K, committed 17664K, reserved 1048576K
}
Event: 517.612 GC heap before
{Heap before GC invocations=62 (full 0):
 garbage-first heap   total 224256K, used 180237K [0x0000000080000000, 0x0000000100000000)
  region size 1024K, 54 young (55296K), 7 survivors (7168K)
 Metaspace       used 129017K, committed 131200K, reserved 1179648K
  class space    used 17032K, committed 18176K, reserved 1048576K
}
Event: 517.784 GC heap after
{Heap after GC invocations=63 (full 0):
 garbage-first heap   total 224256K, used 136569K [0x0000000080000000, 0x0000000100000000)
  region size 1024K, 4 young (4096K), 4 survivors (4096K)
 Metaspace       used 129017K, committed 131200K, reserved 1179648K
  class space    used 17032K, committed 18176K, reserved 1048576K
}
Event: 520.777 GC heap before
{Heap before GC invocations=63 (full 0):
 garbage-first heap   total 224256K, used 203129K [0x0000000080000000, 0x0000000100000000)
  region size 1024K, 70 young (71680K), 4 survivors (4096K)
 Metaspace       used 137859K, committed 140096K, reserved 1179648K
  class space    used 18257K, committed 19392K, reserved 1048576K
}
Event: 520.859 GC heap after
{Heap after GC invocations=64 (full 0):
 garbage-first heap   total 224256K, used 138054K [0x0000000080000000, 0x0000000100000000)
  region size 1024K, 6 young (6144K), 6 survivors (6144K)
 Metaspace       used 137859K, committed 140096K, reserved 1179648K
  class space    used 18257K, committed 19392K, reserved 1048576K
}
Event: 524.294 GC heap before
{Heap before GC invocations=64 (full 0):
 garbage-first heap   total 224256K, used 204614K [0x0000000080000000, 0x0000000100000000)
  region size 1024K, 72 young (73728K), 6 survivors (6144K)
 Metaspace       used 145248K, committed 147456K, reserved 1179648K
  class space    used 19481K, committed 20608K, reserved 1048576K
}
Event: 524.350 GC heap after
{Heap after GC invocations=65 (full 0):
 garbage-first heap   total 224256K, used 141700K [0x0000000080000000, 0x0000000100000000)
  region size 1024K, 6 young (6144K), 6 survivors (6144K)
 Metaspace       used 145248K, committed 147456K, reserved 1179648K
  class space    used 19481K, committed 20608K, reserved 1048576K
}

