# JRE version: OpenJDK Runtime Environment (21.0.4) (build 21.0.4+-12508038-b607.1)
# Java VM: OpenJDK 64-Bit Server VM (21.0.4+-12508038-b607.1, mixed mode, tiered, compressed oops, compressed class ptrs, g1 gc, windows-amd64)
GC Precious Log:
 CardTable entry size: 512
 Card Set container configuration: InlinePtr #cards 5 size 8 Array Of Cards #cards 12 size 40 Howl #buckets 4 coarsen threshold 1843 Howl Bitmap #cards 512 size 80 coarsen threshold 460 Card regions per heap region 1 cards per card region 2048
 CPUs: 4 total, 4 available
 Memory: 3790M
 Large Page Support: Disabled
 NUMA Support: Disabled
 Compressed Oops: Enabled (32-bit)
 Heap Region Size: 1M
 Heap Min Capacity: 8M
 Heap Initial Capacity: 60M
 Heap Max Capacity: 2G
 Pre-touch: Disabled
 Parallel Workers: 4
 Concurrent Workers: 1
 Concurrent Refinement Workers: 4
 Periodic GC: Disabled
Heap:
 garbage-first heap   total 234496K, used 165301K [0x0000000080000000, 0x0000000100000000)
  region size 1024K, 20 young (20480K), 9 survivors (9216K)
 Metaspace       used 109894K, committed 112128K, reserved 1179648K
  class space    used 14704K, committed 15808K, reserved 1048576K
GC Heap History (20 events):
Event: 16.977 GC heap before
{Heap before GC invocations=33 (full 0):
 garbage-first heap   total 142336K, used 127466K [0x0000000080000000, 0x0000000100000000)
  region size 1024K, 25 young (25600K), 2 survivors (2048K)
 Metaspace       used 71244K, committed 72960K, reserved 1114112K
  class space    used 9542K, committed 10432K, reserved 1048576K
}
Event: 16.980 GC heap after
{Heap after GC invocations=34 (full 0):
 garbage-first heap   total 171008K, used 105321K [0x0000000080000000, 0x0000000100000000)
  region size 1024K, 2 young (2048K), 2 survivors (2048K)
 Metaspace       used 71244K, committed 72960K, reserved 1114112K
  class space    used 9542K, committed 10432K, reserved 1048576K
}
Event: 17.978 GC heap before
{Heap before GC invocations=35 (full 0):
 garbage-first heap   total 178176K, used 150377K [0x0000000080000000, 0x0000000100000000)
  region size 1024K, 47 young (48128K), 2 survivors (2048K)
 Metaspace       used 76415K, committed 78272K, reserved 1179648K
  class space    used 10191K, committed 11136K, reserved 1048576K
}
Event: 17.986 GC heap after
{Heap after GC invocations=36 (full 0):
 garbage-first heap   total 178176K, used 107069K [0x0000000080000000, 0x0000000100000000)
  region size 1024K, 4 young (4096K), 4 survivors (4096K)
 Metaspace       used 76415K, committed 78272K, reserved 1179648K
  class space    used 10191K, committed 11136K, reserved 1048576K
}
Event: 19.417 GC heap before
{Heap before GC invocations=36 (full 0):
 garbage-first heap   total 178176K, used 167485K [0x0000000080000000, 0x0000000100000000)
  region size 1024K, 58 young (59392K), 4 survivors (4096K)
 Metaspace       used 80632K, committed 82496K, reserved 1179648K
  class space    used 10721K, committed 11648K, reserved 1048576K
}
Event: 19.430 GC heap after
{Heap after GC invocations=37 (full 0):
 garbage-first heap   total 179200K, used 111916K [0x0000000080000000, 0x0000000100000000)
  region size 1024K, 8 young (8192K), 8 survivors (8192K)
 Metaspace       used 80632K, committed 82496K, reserved 1179648K
  class space    used 10721K, committed 11648K, reserved 1048576K
}
Event: 20.515 GC heap before
{Heap before GC invocations=37 (full 0):
 garbage-first heap   total 179200K, used 145708K [0x0000000080000000, 0x0000000100000000)
  region size 1024K, 42 young (43008K), 8 survivors (8192K)
 Metaspace       used 84272K, committed 86208K, reserved 1179648K
  class space    used 11181K, committed 12160K, reserved 1048576K
}
Event: 20.527 GC heap after
{Heap after GC invocations=38 (full 0):
 garbage-first heap   total 179200K, used 114525K [0x0000000080000000, 0x0000000100000000)
  region size 1024K, 3 young (3072K), 3 survivors (3072K)
 Metaspace       used 84272K, committed 86208K, reserved 1179648K
  class space    used 11181K, committed 12160K, reserved 1048576K
}
Event: 21.728 GC heap before
{Heap before GC invocations=39 (full 0):
 garbage-first heap   total 199680K, used 167773K [0x0000000080000000, 0x0000000100000000)
  region size 1024K, 51 young (52224K), 3 survivors (3072K)
 Metaspace       used 89456K, committed 91392K, reserved 1179648K
  class space    used 11875K, committed 12864K, reserved 1048576K
}
Event: 21.734 GC heap after
{Heap after GC invocations=40 (full 0):
 garbage-first heap   total 199680K, used 120928K [0x0000000080000000, 0x0000000100000000)
  region size 1024K, 5 young (5120K), 5 survivors (5120K)
 Metaspace       used 89456K, committed 91392K, reserved 1179648K
  class space    used 11875K, committed 12864K, reserved 1048576K
}
Event: 22.947 GC heap before
{Heap before GC invocations=40 (full 0):
 garbage-first heap   total 199680K, used 180320K [0x0000000080000000, 0x0000000100000000)
  region size 1024K, 63 young (64512K), 5 survivors (5120K)
 Metaspace       used 91705K, committed 93696K, reserved 1179648K
  class space    used 12167K, committed 13184K, reserved 1048576K
}
Event: 22.964 GC heap after
{Heap after GC invocations=41 (full 0):
 garbage-first heap   total 199680K, used 125664K [0x0000000080000000, 0x0000000100000000)
  region size 1024K, 8 young (8192K), 8 survivors (8192K)
 Metaspace       used 91705K, committed 93696K, reserved 1179648K
  class space    used 12167K, committed 13184K, reserved 1048576K
}
Event: 24.349 GC heap before
{Heap before GC invocations=41 (full 0):
 garbage-first heap   total 199680K, used 180960K [0x0000000080000000, 0x0000000100000000)
  region size 1024K, 61 young (62464K), 8 survivors (8192K)
 Metaspace       used 95296K, committed 97280K, reserved 1179648K
  class space    used 12629K, committed 13632K, reserved 1048576K
}
Event: 24.364 GC heap after
{Heap after GC invocations=42 (full 0):
 garbage-first heap   total 199680K, used 127689K [0x0000000080000000, 0x0000000100000000)
  region size 1024K, 4 young (4096K), 4 survivors (4096K)
 Metaspace       used 95296K, committed 97280K, reserved 1179648K
  class space    used 12629K, committed 13632K, reserved 1048576K
}
Event: 25.751 GC heap before
{Heap before GC invocations=42 (full 0):
 garbage-first heap   total 199680K, used 182985K [0x0000000080000000, 0x0000000100000000)
  region size 1024K, 58 young (59392K), 4 survivors (4096K)
 Metaspace       used 99320K, committed 101312K, reserved 1179648K
  class space    used 13367K, committed 14400K, reserved 1048576K
}
Event: 25.758 GC heap after
{Heap after GC invocations=43 (full 0):
 garbage-first heap   total 199680K, used 128596K [0x0000000080000000, 0x0000000100000000)
  region size 1024K, 5 young (5120K), 5 survivors (5120K)
 Metaspace       used 99320K, committed 101312K, reserved 1179648K
  class space    used 13367K, committed 14400K, reserved 1048576K
}
Event: 26.527 GC heap before
{Heap before GC invocations=44 (full 0):
 garbage-first heap   total 217088K, used 179796K [0x0000000080000000, 0x0000000100000000)
  region size 1024K, 56 young (57344K), 5 survivors (5120K)
 Metaspace       used 102815K, committed 104960K, reserved 1179648K
  class space    used 13826K, committed 14912K, reserved 1048576K
}
Event: 26.537 GC heap after
{Heap after GC invocations=45 (full 0):
 garbage-first heap   total 217088K, used 133924K [0x0000000080000000, 0x0000000100000000)
  region size 1024K, 7 young (7168K), 7 survivors (7168K)
 Metaspace       used 102815K, committed 104960K, reserved 1179648K
  class space    used 13826K, committed 14912K, reserved 1048576K
}
Event: 28.040 GC heap before
{Heap before GC invocations=45 (full 0):
 garbage-first heap   total 217088K, used 215844K [0x0000000080000000, 0x0000000100000000)
  region size 1024K, 69 young (70656K), 7 survivors (7168K)
 Metaspace       used 109894K, committed 112128K, reserved 1179648K
  class space    used 14704K, committed 15808K, reserved 1048576K
}
Event: 28.059 GC heap after
{Heap after GC invocations=46 (full 0):
 garbage-first heap   total 234496K, used 155061K [0x0000000080000000, 0x0000000100000000)
  region size 1024K, 9 young (9216K), 9 survivors (9216K)
 Metaspace       used 109894K, committed 112128K, reserved 1179648K
  class space    used 14704K, committed 15808K, reserved 1048576K
}

