# JRE version: OpenJDK Runtime Environment (21.0.4) (build 21.0.4+-12508038-b607.1)
# Java VM: OpenJDK 64-Bit Server VM (21.0.4+-12508038-b607.1, mixed mode, tiered, compressed oops, compressed class ptrs, g1 gc, windows-amd64)
GC Precious Log:
 CardTable entry size: 512
 Card Set container configuration: InlinePtr #cards 5 size 8 Array Of Cards #cards 12 size 40 Howl #buckets 4 coarsen threshold 1843 Howl Bitmap #cards 512 size 80 coarsen threshold 460 Card regions per heap region 1 cards per card region 2048
 CPUs: 4 total, 4 available
 Memory: 3790M
 Large Page Support: Disabled
 NUMA Support: Disabled
 Compressed Oops: Enabled (32-bit)
 Heap Region Size: 1M
 Heap Min Capacity: 8M
 Heap Initial Capacity: 60M
 Heap Max Capacity: 2G
 Pre-touch: Disabled
 Parallel Workers: 4
 Concurrent Workers: 1
 Concurrent Refinement Workers: 4
 Periodic GC: Disabled
Heap:
 garbage-first heap   total 240640K, used 151275K [0x0000000080000000, 0x0000000100000000)
  region size 1024K, 6 young (6144K), 6 survivors (6144K)
 Metaspace       used 127687K, committed 129792K, reserved 1179648K
  class space    used 16348K, committed 17408K, reserved 1048576K
GC Heap History (20 events):
Event: 30.344 GC heap after
{Heap after GC invocations=35 (full 0):
 garbage-first heap   total 180224K, used 95674K [0x0000000080000000, 0x0000000100000000)
  region size 1024K, 3 young (3072K), 3 survivors (3072K)
 Metaspace       used 84549K, committed 86336K, reserved 1179648K
  class space    used 11668K, committed 12544K, reserved 1048576K
}
Event: 30.416 GC heap before
{Heap before GC invocations=35 (full 0):
 garbage-first heap   total 180224K, used 99770K [0x0000000080000000, 0x0000000100000000)
  region size 1024K, 7 young (7168K), 3 survivors (3072K)
 Metaspace       used 84551K, committed 86336K, reserved 1179648K
  class space    used 11668K, committed 12544K, reserved 1048576K
}
Event: 30.422 GC heap after
{Heap after GC invocations=36 (full 0):
 garbage-first heap   total 180224K, used 97987K [0x0000000080000000, 0x0000000100000000)
  region size 1024K, 4 young (4096K), 4 survivors (4096K)
 Metaspace       used 84551K, committed 86336K, reserved 1179648K
  class space    used 11668K, committed 12544K, reserved 1048576K
}
Event: 31.900 GC heap before
{Heap before GC invocations=37 (full 0):
 garbage-first heap   total 180224K, used 154307K [0x0000000080000000, 0x0000000100000000)
  region size 1024K, 51 young (52224K), 4 survivors (4096K)
 Metaspace       used 84554K, committed 86336K, reserved 1179648K
  class space    used 11668K, committed 12544K, reserved 1048576K
}
Event: 31.918 GC heap after
{Heap after GC invocations=38 (full 0):
 garbage-first heap   total 180224K, used 114688K [0x0000000080000000, 0x0000000100000000)
  region size 1024K, 7 young (7168K), 7 survivors (7168K)
 Metaspace       used 84554K, committed 86336K, reserved 1179648K
  class space    used 11668K, committed 12544K, reserved 1048576K
}
Event: 33.448 GC heap before
{Heap before GC invocations=38 (full 0):
 garbage-first heap   total 180224K, used 153600K [0x0000000080000000, 0x0000000100000000)
  region size 1024K, 44 young (45056K), 7 survivors (7168K)
 Metaspace       used 87846K, committed 89664K, reserved 1179648K
  class space    used 12058K, committed 12928K, reserved 1048576K
}
Event: 33.460 GC heap after
{Heap after GC invocations=39 (full 0):
 garbage-first heap   total 180224K, used 113881K [0x0000000080000000, 0x0000000100000000)
  region size 1024K, 5 young (5120K), 5 survivors (5120K)
 Metaspace       used 87846K, committed 89664K, reserved 1179648K
  class space    used 12058K, committed 12928K, reserved 1048576K
}
Event: 33.564 GC heap before
{Heap before GC invocations=39 (full 0):
 garbage-first heap   total 180224K, used 122073K [0x0000000080000000, 0x0000000100000000)
  region size 1024K, 14 young (14336K), 5 survivors (5120K)
 Metaspace       used 88845K, committed 90688K, reserved 1179648K
  class space    used 12161K, committed 13056K, reserved 1048576K
}
Event: 33.570 GC heap after
{Heap after GC invocations=40 (full 0):
 garbage-first heap   total 180224K, used 115292K [0x0000000080000000, 0x0000000100000000)
  region size 1024K, 2 young (2048K), 2 survivors (2048K)
 Metaspace       used 88845K, committed 90688K, reserved 1179648K
  class space    used 12161K, committed 13056K, reserved 1048576K
}
Event: 34.158 GC heap before
{Heap before GC invocations=41 (full 0):
 garbage-first heap   total 222208K, used 174684K [0x0000000080000000, 0x0000000100000000)
  region size 1024K, 43 young (44032K), 2 survivors (2048K)
 Metaspace       used 91749K, committed 93504K, reserved 1179648K
  class space    used 12457K, committed 13312K, reserved 1048576K
}
Event: 34.165 GC heap after
{Heap after GC invocations=42 (full 0):
 garbage-first heap   total 222208K, used 137195K [0x0000000080000000, 0x0000000100000000)
  region size 1024K, 6 young (6144K), 6 survivors (6144K)
 Metaspace       used 91749K, committed 93504K, reserved 1179648K
  class space    used 12457K, committed 13312K, reserved 1048576K
}
Event: 34.925 GC heap before
{Heap before GC invocations=42 (full 0):
 garbage-first heap   total 222208K, used 193515K [0x0000000080000000, 0x0000000100000000)
  region size 1024K, 61 young (62464K), 6 survivors (6144K)
 Metaspace       used 98876K, committed 101056K, reserved 1179648K
  class space    used 13257K, committed 14336K, reserved 1048576K
}
Event: 34.936 GC heap after
{Heap after GC invocations=43 (full 0):
 garbage-first heap   total 222208K, used 138817K [0x0000000080000000, 0x0000000100000000)
  region size 1024K, 3 young (3072K), 3 survivors (3072K)
 Metaspace       used 98876K, committed 101056K, reserved 1179648K
  class space    used 13257K, committed 14336K, reserved 1048576K
}
Event: 35.920 GC heap before
{Heap before GC invocations=43 (full 0):
 garbage-first heap   total 222208K, used 200257K [0x0000000080000000, 0x0000000100000000)
  region size 1024K, 63 young (64512K), 3 survivors (3072K)
 Metaspace       used 106757K, committed 108864K, reserved 1179648K
  class space    used 14201K, committed 15232K, reserved 1048576K
}
Event: 35.933 GC heap after
{Heap after GC invocations=44 (full 0):
 garbage-first heap   total 222208K, used 142235K [0x0000000080000000, 0x0000000100000000)
  region size 1024K, 7 young (7168K), 7 survivors (7168K)
 Metaspace       used 106757K, committed 108864K, reserved 1179648K
  class space    used 14201K, committed 15232K, reserved 1048576K
}
Event: 37.059 GC heap before
{Heap before GC invocations=45 (full 0):
 garbage-first heap   total 240640K, used 201627K [0x0000000080000000, 0x0000000100000000)
  region size 1024K, 64 young (65536K), 7 survivors (7168K)
 Metaspace       used 108827K, committed 110912K, reserved 1179648K
  class space    used 14435K, committed 15488K, reserved 1048576K
}
Event: 37.074 GC heap after
{Heap after GC invocations=46 (full 0):
 garbage-first heap   total 240640K, used 145675K [0x0000000080000000, 0x0000000100000000)
  region size 1024K, 7 young (7168K), 7 survivors (7168K)
 Metaspace       used 108827K, committed 110912K, reserved 1179648K
  class space    used 14435K, committed 15488K, reserved 1048576K
}
Event: 38.046 GC heap before
{Heap before GC invocations=46 (full 0):
 garbage-first heap   total 240640K, used 217355K [0x0000000080000000, 0x0000000100000000)
  region size 1024K, 78 young (79872K), 7 survivors (7168K)
 Metaspace       used 118003K, committed 120128K, reserved 1179648K
  class space    used 15425K, committed 16512K, reserved 1048576K
}
Event: 38.064 GC heap after
{Heap after GC invocations=47 (full 0):
 garbage-first heap   total 240640K, used 149530K [0x0000000080000000, 0x0000000100000000)
  region size 1024K, 8 young (8192K), 8 survivors (8192K)
 Metaspace       used 118003K, committed 120128K, reserved 1179648K
  class space    used 15425K, committed 16512K, reserved 1048576K
}
Event: 38.960 GC heap before
{Heap before GC invocations=47 (full 0):
 garbage-first heap   total 240640K, used 209946K [0x0000000080000000, 0x0000000100000000)
  region size 1024K, 68 young (69632K), 8 survivors (8192K)
 Metaspace       used 127687K, committed 129792K, reserved 1179648K
  class space    used 16348K, committed 17408K, reserved 1048576K
}

