# JRE version: OpenJDK Runtime Environment (17.0.10) (build 17.0.10+0--11609105)
# Java VM: OpenJDK 64-Bit Server VM (17.0.10+0--11609105, mixed mode, tiered, compressed oops, compressed class ptrs, g1 gc, windows-amd64)
GC Precious Log:
 CPUs: 4 total, 4 available
 Memory: 3790M
 Large Page Support: Disabled
 NUMA Support: Disabled
 Compressed Oops: Enabled (32-bit)
 Heap Region Size: 1M
 Heap Min Capacity: 8M
 Heap Initial Capacity: 60M
 Heap Max Capacity: 2G
 Pre-touch: Disabled
 Parallel Workers: 4
 Concurrent Workers: 1
 Concurrent Refinement Workers: 4
 Periodic GC: Disabled
Heap:
 garbage-first heap   total 486400K, used 335198K [0x0000000080000000, 0x0000000100000000)
  region size 1024K, 71 young (72704K), 8 survivors (8192K)
 Metaspace       used 137405K, committed 138304K, reserved 1179648K
  class space    used 18400K, committed 18816K, reserved 1048576K
GC Heap History (20 events):
Event: 216.446 GC heap before
{Heap before GC invocations=99 (full 0):
 garbage-first heap   total 486400K, used 421115K [0x0000000080000000, 0x0000000100000000)
  region size 1024K, 176 young (180224K), 8 survivors (8192K)
 Metaspace       used 137283K, committed 138176K, reserved 1179648K
  class space    used 18396K, committed 18816K, reserved 1048576K
}
Event: 216.489 GC heap after
{Heap after GC invocations=100 (full 0):
 garbage-first heap   total 486400K, used 267393K [0x0000000080000000, 0x0000000100000000)
  region size 1024K, 22 young (22528K), 22 survivors (22528K)
 Metaspace       used 137283K, committed 138176K, reserved 1179648K
  class space    used 18396K, committed 18816K, reserved 1048576K
}
Event: 217.509 GC heap before
{Heap before GC invocations=100 (full 0):
 garbage-first heap   total 486400K, used 408705K [0x0000000080000000, 0x0000000100000000)
  region size 1024K, 160 young (163840K), 22 survivors (22528K)
 Metaspace       used 137291K, committed 138176K, reserved 1179648K
  class space    used 18396K, committed 18816K, reserved 1048576K
}
Event: 217.566 GC heap after
{Heap after GC invocations=101 (full 0):
 garbage-first heap   total 486400K, used 265614K [0x0000000080000000, 0x0000000100000000)
  region size 1024K, 3 young (3072K), 3 survivors (3072K)
 Metaspace       used 137291K, committed 138176K, reserved 1179648K
  class space    used 18396K, committed 18816K, reserved 1048576K
}
Event: 219.305 GC heap before
{Heap before GC invocations=101 (full 0):
 garbage-first heap   total 486400K, used 413070K [0x0000000080000000, 0x0000000100000000)
  region size 1024K, 147 young (150528K), 3 survivors (3072K)
 Metaspace       used 137298K, committed 138176K, reserved 1179648K
  class space    used 18397K, committed 18816K, reserved 1048576K
}
Event: 219.323 GC heap after
{Heap after GC invocations=102 (full 0):
 garbage-first heap   total 486400K, used 265384K [0x0000000080000000, 0x0000000100000000)
  region size 1024K, 3 young (3072K), 3 survivors (3072K)
 Metaspace       used 137298K, committed 138176K, reserved 1179648K
  class space    used 18397K, committed 18816K, reserved 1048576K
}
Event: 221.962 GC heap before
{Heap before GC invocations=102 (full 0):
 garbage-first heap   total 486400K, used 415912K [0x0000000080000000, 0x0000000100000000)
  region size 1024K, 150 young (153600K), 3 survivors (3072K)
 Metaspace       used 137308K, committed 138176K, reserved 1179648K
  class space    used 18398K, committed 18816K, reserved 1048576K
}
Event: 221.976 GC heap after
{Heap after GC invocations=103 (full 0):
 garbage-first heap   total 486400K, used 268122K [0x0000000080000000, 0x0000000100000000)
  region size 1024K, 5 young (5120K), 5 survivors (5120K)
 Metaspace       used 137308K, committed 138176K, reserved 1179648K
  class space    used 18398K, committed 18816K, reserved 1048576K
}
Event: 222.441 GC heap before
{Heap before GC invocations=103 (full 0):
 garbage-first heap   total 486400K, used 418650K [0x0000000080000000, 0x0000000100000000)
  region size 1024K, 152 young (155648K), 5 survivors (5120K)
 Metaspace       used 137328K, committed 138240K, reserved 1179648K
  class space    used 18399K, committed 18816K, reserved 1048576K
}
Event: 222.450 GC heap after
{Heap after GC invocations=104 (full 0):
 garbage-first heap   total 486400K, used 267784K [0x0000000080000000, 0x0000000100000000)
  region size 1024K, 5 young (5120K), 5 survivors (5120K)
 Metaspace       used 137328K, committed 138240K, reserved 1179648K
  class space    used 18399K, committed 18816K, reserved 1048576K
}
Event: 222.874 GC heap before
{Heap before GC invocations=104 (full 0):
 garbage-first heap   total 486400K, used 421384K [0x0000000080000000, 0x0000000100000000)
  region size 1024K, 155 young (158720K), 5 survivors (5120K)
 Metaspace       used 137347K, committed 138240K, reserved 1179648K
  class space    used 18399K, committed 18816K, reserved 1048576K
}
Event: 222.882 GC heap after
{Heap after GC invocations=105 (full 0):
 garbage-first heap   total 486400K, used 267573K [0x0000000080000000, 0x0000000100000000)
  region size 1024K, 5 young (5120K), 5 survivors (5120K)
 Metaspace       used 137347K, committed 138240K, reserved 1179648K
  class space    used 18399K, committed 18816K, reserved 1048576K
}
Event: 223.770 GC heap before
{Heap before GC invocations=105 (full 0):
 garbage-first heap   total 486400K, used 423221K [0x0000000080000000, 0x0000000100000000)
  region size 1024K, 157 young (160768K), 5 survivors (5120K)
 Metaspace       used 137358K, committed 138240K, reserved 1179648K
  class space    used 18399K, committed 18816K, reserved 1048576K
}
Event: 223.778 GC heap after
{Heap after GC invocations=106 (full 0):
 garbage-first heap   total 486400K, used 268953K [0x0000000080000000, 0x0000000100000000)
  region size 1024K, 6 young (6144K), 6 survivors (6144K)
 Metaspace       used 137358K, committed 138240K, reserved 1179648K
  class space    used 18399K, committed 18816K, reserved 1048576K
}
Event: 224.604 GC heap before
{Heap before GC invocations=106 (full 0):
 garbage-first heap   total 486400K, used 423577K [0x0000000080000000, 0x0000000100000000)
  region size 1024K, 157 young (160768K), 6 survivors (6144K)
 Metaspace       used 137365K, committed 138240K, reserved 1179648K
  class space    used 18399K, committed 18816K, reserved 1048576K
}
Event: 224.612 GC heap after
{Heap after GC invocations=107 (full 0):
 garbage-first heap   total 486400K, used 268161K [0x0000000080000000, 0x0000000100000000)
  region size 1024K, 5 young (5120K), 5 survivors (5120K)
 Metaspace       used 137365K, committed 138240K, reserved 1179648K
  class space    used 18399K, committed 18816K, reserved 1048576K
}
Event: 225.524 GC heap before
{Heap before GC invocations=107 (full 0):
 garbage-first heap   total 486400K, used 425857K [0x0000000080000000, 0x0000000100000000)
  region size 1024K, 159 young (162816K), 5 survivors (5120K)
 Metaspace       used 137378K, committed 138240K, reserved 1179648K
  class space    used 18400K, committed 18816K, reserved 1048576K
}
Event: 225.533 GC heap after
{Heap after GC invocations=108 (full 0):
 garbage-first heap   total 486400K, used 267864K [0x0000000080000000, 0x0000000100000000)
  region size 1024K, 5 young (5120K), 5 survivors (5120K)
 Metaspace       used 137378K, committed 138240K, reserved 1179648K
  class space    used 18400K, committed 18816K, reserved 1048576K
}
Event: 226.568 GC heap before
{Heap before GC invocations=108 (full 0):
 garbage-first heap   total 486400K, used 426584K [0x0000000080000000, 0x0000000100000000)
  region size 1024K, 160 young (163840K), 5 survivors (5120K)
 Metaspace       used 137400K, committed 138304K, reserved 1179648K
  class space    used 18400K, committed 18816K, reserved 1048576K
}
Event: 226.587 GC heap after
{Heap after GC invocations=109 (full 0):
 garbage-first heap   total 486400K, used 270686K [0x0000000080000000, 0x0000000100000000)
  region size 1024K, 8 young (8192K), 8 survivors (8192K)
 Metaspace       used 137400K, committed 138304K, reserved 1179648K
  class space    used 18400K, committed 18816K, reserved 1048576K
}

