# JRE version: OpenJDK Runtime Environment (21.0.4) (build 21.0.4+-12508038-b607.1)
# Java VM: OpenJDK 64-Bit Server VM (21.0.4+-12508038-b607.1, mixed mode, tiered, compressed oops, compressed class ptrs, g1 gc, windows-amd64)
GC Precious Log:
 CardTable entry size: 512
 Card Set container configuration: InlinePtr #cards 5 size 8 Array Of Cards #cards 12 size 40 Howl #buckets 4 coarsen threshold 1843 Howl Bitmap #cards 512 size 80 coarsen threshold 460 Card regions per heap region 1 cards per card region 2048
 CPUs: 4 total, 4 available
 Memory: 3790M
 Large Page Support: Disabled
 NUMA Support: Disabled
 Compressed Oops: Enabled (32-bit)
 Heap Region Size: 1M
 Heap Min Capacity: 8M
 Heap Initial Capacity: 60M
 Heap Max Capacity: 948M
 Pre-touch: Disabled
 Parallel Workers: 4
 Concurrent Workers: 1
 Concurrent Refinement Workers: 4
 Periodic GC: Disabled
Heap:
 garbage-first heap   total 119808K, used 76431K [0x00000000c4c00000, 0x0000000100000000)
  region size 1024K, 2 young (2048K), 2 survivors (2048K)
 Metaspace       used 88097K, committed 88832K, reserved 1179648K
  class space    used 9595K, committed 9920K, reserved 1048576K
GC Heap History (20 events):
Event: 7.279 GC heap after
{Heap after GC invocations=22 (full 0):
 garbage-first heap   total 73728K, used 45854K [0x00000000c4c00000, 0x0000000100000000)
  region size 1024K, 2 young (2048K), 2 survivors (2048K)
 Metaspace       used 59867K, committed 60608K, reserved 1114112K
  class space    used 6981K, committed 7360K, reserved 1048576K
}
Event: 7.383 GC heap before
{Heap before GC invocations=22 (full 0):
 garbage-first heap   total 73728K, used 64286K [0x00000000c4c00000, 0x0000000100000000)
  region size 1024K, 20 young (20480K), 2 survivors (2048K)
 Metaspace       used 60432K, committed 61184K, reserved 1114112K
  class space    used 7051K, committed 7424K, reserved 1048576K
}
Event: 7.390 GC heap after
{Heap after GC invocations=23 (full 0):
 garbage-first heap   total 103424K, used 46080K [0x00000000c4c00000, 0x0000000100000000)
  region size 1024K, 1 young (1024K), 1 survivors (1024K)
 Metaspace       used 60432K, committed 61184K, reserved 1114112K
  class space    used 7051K, committed 7424K, reserved 1048576K
}
Event: 8.567 GC heap before
{Heap before GC invocations=23 (full 0):
 garbage-first heap   total 103424K, used 86016K [0x00000000c4c00000, 0x0000000100000000)
  region size 1024K, 40 young (40960K), 1 survivors (1024K)
 Metaspace       used 65248K, committed 66048K, reserved 1114112K
  class space    used 7621K, committed 8000K, reserved 1048576K
}
Event: 8.576 GC heap after
{Heap after GC invocations=24 (full 0):
 garbage-first heap   total 103424K, used 50484K [0x00000000c4c00000, 0x0000000100000000)
  region size 1024K, 5 young (5120K), 5 survivors (5120K)
 Metaspace       used 65248K, committed 66048K, reserved 1114112K
  class space    used 7621K, committed 8000K, reserved 1048576K
}
Event: 9.968 GC heap before
{Heap before GC invocations=24 (full 0):
 garbage-first heap   total 103424K, used 86324K [0x00000000c4c00000, 0x0000000100000000)
  region size 1024K, 40 young (40960K), 5 survivors (5120K)
 Metaspace       used 67498K, committed 68224K, reserved 1114112K
  class space    used 7718K, committed 8064K, reserved 1048576K
}
Event: 9.988 GC heap after
{Heap after GC invocations=25 (full 0):
 garbage-first heap   total 103424K, used 57058K [0x00000000c4c00000, 0x0000000100000000)
  region size 1024K, 5 young (5120K), 5 survivors (5120K)
 Metaspace       used 67498K, committed 68224K, reserved 1114112K
  class space    used 7718K, committed 8064K, reserved 1048576K
}
Event: 11.516 GC heap before
{Heap before GC invocations=25 (full 0):
 garbage-first heap   total 103424K, used 88802K [0x00000000c4c00000, 0x0000000100000000)
  region size 1024K, 36 young (36864K), 5 survivors (5120K)
 Metaspace       used 69610K, committed 70400K, reserved 1114112K
  class space    used 7879K, committed 8256K, reserved 1048576K
}
Event: 11.527 GC heap after
{Heap after GC invocations=26 (full 0):
 garbage-first heap   total 103424K, used 61892K [0x00000000c4c00000, 0x0000000100000000)
  region size 1024K, 4 young (4096K), 4 survivors (4096K)
 Metaspace       used 69610K, committed 70400K, reserved 1114112K
  class space    used 7879K, committed 8256K, reserved 1048576K
}
Event: 12.346 GC heap before
{Heap before GC invocations=27 (full 0):
 garbage-first heap   total 104448K, used 90564K [0x00000000c4c00000, 0x0000000100000000)
  region size 1024K, 32 young (32768K), 4 survivors (4096K)
 Metaspace       used 70551K, committed 71296K, reserved 1114112K
  class space    used 7930K, committed 8320K, reserved 1048576K
}
Event: 12.354 GC heap after
{Heap after GC invocations=28 (full 0):
 garbage-first heap   total 104448K, used 65285K [0x00000000c4c00000, 0x0000000100000000)
  region size 1024K, 3 young (3072K), 3 survivors (3072K)
 Metaspace       used 70551K, committed 71296K, reserved 1114112K
  class space    used 7930K, committed 8320K, reserved 1048576K
}
Event: 12.828 GC heap before
{Heap before GC invocations=28 (full 0):
 garbage-first heap   total 104448K, used 93957K [0x00000000c4c00000, 0x0000000100000000)
  region size 1024K, 31 young (31744K), 3 survivors (3072K)
 Metaspace       used 75953K, committed 76736K, reserved 1179648K
  class space    used 8449K, committed 8832K, reserved 1048576K
}
Event: 12.839 GC heap after
{Heap after GC invocations=29 (full 0):
 garbage-first heap   total 104448K, used 67187K [0x00000000c4c00000, 0x0000000100000000)
  region size 1024K, 3 young (3072K), 3 survivors (3072K)
 Metaspace       used 75953K, committed 76736K, reserved 1179648K
  class space    used 8449K, committed 8832K, reserved 1048576K
}
Event: 13.498 GC heap before
{Heap before GC invocations=29 (full 0):
 garbage-first heap   total 104448K, used 94835K [0x00000000c4c00000, 0x0000000100000000)
  region size 1024K, 30 young (30720K), 3 survivors (3072K)
 Metaspace       used 79705K, committed 80384K, reserved 1179648K
  class space    used 8827K, committed 9152K, reserved 1048576K
}
Event: 13.508 GC heap after
{Heap after GC invocations=30 (full 0):
 garbage-first heap   total 104448K, used 70998K [0x00000000c4c00000, 0x0000000100000000)
  region size 1024K, 4 young (4096K), 4 survivors (4096K)
 Metaspace       used 79705K, committed 80384K, reserved 1179648K
  class space    used 8827K, committed 9152K, reserved 1048576K
}
Event: 13.854 GC heap before
{Heap before GC invocations=31 (full 0):
 garbage-first heap   total 119808K, used 92502K [0x00000000c4c00000, 0x0000000100000000)
  region size 1024K, 25 young (25600K), 4 survivors (4096K)
 Metaspace       used 82501K, committed 83200K, reserved 1179648K
  class space    used 9079K, committed 9408K, reserved 1048576K
}
Event: 13.865 GC heap after
{Heap after GC invocations=32 (full 0):
 garbage-first heap   total 119808K, used 73708K [0x00000000c4c00000, 0x0000000100000000)
  region size 1024K, 3 young (3072K), 3 survivors (3072K)
 Metaspace       used 82501K, committed 83200K, reserved 1179648K
  class space    used 9079K, committed 9408K, reserved 1048576K
}
Event: 14.377 GC heap before
{Heap before GC invocations=32 (full 0):
 garbage-first heap   total 119808K, used 106476K [0x00000000c4c00000, 0x0000000100000000)
  region size 1024K, 36 young (36864K), 3 survivors (3072K)
 Metaspace       used 86845K, committed 87552K, reserved 1179648K
  class space    used 9523K, committed 9856K, reserved 1048576K
}
Event: 14.390 GC heap after
{Heap after GC invocations=33 (full 0):
 garbage-first heap   total 119808K, used 74752K [0x00000000c4c00000, 0x0000000100000000)
  region size 1024K, 3 young (3072K), 3 survivors (3072K)
 Metaspace       used 86845K, committed 87552K, reserved 1179648K
  class space    used 9523K, committed 9856K, reserved 1048576K
}
Event: 14.734 GC heap before
{Heap before GC invocations=33 (full 0):
 garbage-first heap   total 119808K, used 107520K [0x00000000c4c00000, 0x0000000100000000)
  region size 1024K, 35 young (35840K), 3 survivors (3072K)
 Metaspace       used 88097K, committed 88832K, reserved 1179648K
  class space    used 9595K, committed 9920K, reserved 1048576K
}

