# JRE version: OpenJDK Runtime Environment (21.0.4) (build 21.0.4+-12508038-b607.1)
# Java VM: OpenJDK 64-Bit Server VM (21.0.4+-12508038-b607.1, mixed mode, tiered, compressed oops, compressed class ptrs, g1 gc, windows-amd64)
GC Precious Log:
 CardTable entry size: 512
 Card Set container configuration: InlinePtr #cards 5 size 8 Array Of Cards #cards 12 size 40 Howl #buckets 4 coarsen threshold 1843 Howl Bitmap #cards 512 size 80 coarsen threshold 460 Card regions per heap region 1 cards per card region 2048
 CPUs: 4 total, 4 available
 Memory: 3790M
 Large Page Support: Disabled
 NUMA Support: Disabled
 Compressed Oops: Enabled (32-bit)
 Heap Region Size: 1M
 Heap Min Capacity: 8M
 Heap Initial Capacity: 60M
 Heap Max Capacity: 2G
 Pre-touch: Disabled
 Parallel Workers: 4
 Concurrent Workers: 1
 Concurrent Refinement Workers: 4
 Periodic GC: Disabled
Heap:
 garbage-first heap   total 386048K, used 229948K [0x0000000080000000, 0x0000000100000000)
  region size 1024K, 12 young (12288K), 12 survivors (12288K)
 Metaspace       used 178543K, committed 181184K, reserved 1245184K
  class space    used 22568K, committed 23872K, reserved 1048576K
GC Heap History (20 events):
Event: 88.412 GC heap after
{Heap after GC invocations=68 (full 0):
 garbage-first heap   total 384000K, used 198307K [0x0000000080000000, 0x0000000100000000)
  region size 1024K, 7 young (7168K), 7 survivors (7168K)
 Metaspace       used 158014K, committed 160384K, reserved 1245184K
  class space    used 19934K, committed 21120K, reserved 1048576K
}
Event: 118.504 GC heap before
{Heap before GC invocations=68 (full 0):
 garbage-first heap   total 384000K, used 328355K [0x0000000080000000, 0x0000000100000000)
  region size 1024K, 134 young (137216K), 7 survivors (7168K)
 Metaspace       used 166711K, committed 169088K, reserved 1245184K
  class space    used 21044K, committed 22272K, reserved 1048576K
}
Event: 118.866 GC heap after
{Heap after GC invocations=69 (full 0):
 garbage-first heap   total 384000K, used 204172K [0x0000000080000000, 0x0000000100000000)
  region size 1024K, 15 young (15360K), 15 survivors (15360K)
 Metaspace       used 166711K, committed 169088K, reserved 1245184K
  class space    used 21044K, committed 22272K, reserved 1048576K
}
Event: 122.512 GC heap before
{Heap before GC invocations=69 (full 0):
 garbage-first heap   total 384000K, used 278924K [0x0000000080000000, 0x0000000100000000)
  region size 1024K, 90 young (92160K), 15 survivors (15360K)
 Metaspace       used 171942K, committed 174400K, reserved 1245184K
  class space    used 21734K, committed 22976K, reserved 1048576K
}
Event: 122.548 GC heap after
{Heap after GC invocations=70 (full 0):
 garbage-first heap   total 384000K, used 204036K [0x0000000080000000, 0x0000000100000000)
  region size 1024K, 16 young (16384K), 16 survivors (16384K)
 Metaspace       used 171942K, committed 174400K, reserved 1245184K
  class space    used 21734K, committed 22976K, reserved 1048576K
}
Event: 129.664 GC heap before
{Heap before GC invocations=71 (full 0):
 garbage-first heap   total 384000K, used 357636K [0x0000000080000000, 0x0000000100000000)
  region size 1024K, 148 young (151552K), 16 survivors (16384K)
 Metaspace       used 178537K, committed 181120K, reserved 1245184K
  class space    used 22568K, committed 23872K, reserved 1048576K
}
Event: 129.793 GC heap after
{Heap after GC invocations=72 (full 0):
 garbage-first heap   total 386048K, used 228381K [0x0000000080000000, 0x0000000100000000)
  region size 1024K, 17 young (17408K), 17 survivors (17408K)
 Metaspace       used 178537K, committed 181120K, reserved 1245184K
  class space    used 22568K, committed 23872K, reserved 1048576K
}
Event: 129.800 GC heap before
{Heap before GC invocations=72 (full 0):
 garbage-first heap   total 386048K, used 229405K [0x0000000080000000, 0x0000000100000000)
  region size 1024K, 18 young (18432K), 17 survivors (17408K)
 Metaspace       used 178537K, committed 181120K, reserved 1245184K
  class space    used 22568K, committed 23872K, reserved 1048576K
}
Event: 129.823 GC heap after
{Heap after GC invocations=73 (full 0):
 garbage-first heap   total 386048K, used 229888K [0x0000000080000000, 0x0000000100000000)
  region size 1024K, 2 young (2048K), 2 survivors (2048K)
 Metaspace       used 178537K, committed 181120K, reserved 1245184K
  class space    used 22568K, committed 23872K, reserved 1048576K
}
Event: 131.607 GC heap before
{Heap before GC invocations=73 (full 0):
 garbage-first heap   total 386048K, used 349696K [0x0000000080000000, 0x0000000100000000)
  region size 1024K, 120 young (122880K), 2 survivors (2048K)
 Metaspace       used 178537K, committed 181120K, reserved 1245184K
  class space    used 22568K, committed 23872K, reserved 1048576K
}
Event: 131.644 GC heap after
{Heap after GC invocations=74 (full 0):
 garbage-first heap   total 386048K, used 230635K [0x0000000080000000, 0x0000000100000000)
  region size 1024K, 6 young (6144K), 6 survivors (6144K)
 Metaspace       used 178537K, committed 181120K, reserved 1245184K
  class space    used 22568K, committed 23872K, reserved 1048576K
}
Event: 137.586 GC heap before
{Heap before GC invocations=74 (full 0):
 garbage-first heap   total 386048K, used 353515K [0x0000000080000000, 0x0000000100000000)
  region size 1024K, 126 young (129024K), 6 survivors (6144K)
 Metaspace       used 178538K, committed 181120K, reserved 1245184K
  class space    used 22568K, committed 23872K, reserved 1048576K
}
Event: 137.662 GC heap after
{Heap after GC invocations=75 (full 0):
 garbage-first heap   total 386048K, used 233916K [0x0000000080000000, 0x0000000100000000)
  region size 1024K, 9 young (9216K), 9 survivors (9216K)
 Metaspace       used 178538K, committed 181120K, reserved 1245184K
  class space    used 22568K, committed 23872K, reserved 1048576K
}
Event: 151.622 GC heap before
{Heap before GC invocations=76 (full 0):
 garbage-first heap   total 386048K, used 349628K [0x0000000080000000, 0x0000000100000000)
  region size 1024K, 128 young (131072K), 9 survivors (9216K)
 Metaspace       used 178543K, committed 181184K, reserved 1245184K
  class space    used 22568K, committed 23872K, reserved 1048576K
}
Event: 151.723 GC heap after
{Heap after GC invocations=77 (full 0):
 garbage-first heap   total 386048K, used 231120K [0x0000000080000000, 0x0000000100000000)
  region size 1024K, 12 young (12288K), 12 survivors (12288K)
 Metaspace       used 178543K, committed 181184K, reserved 1245184K
  class space    used 22568K, committed 23872K, reserved 1048576K
}
Event: 153.896 GC heap before
{Heap before GC invocations=77 (full 0):
 garbage-first heap   total 386048K, used 352976K [0x0000000080000000, 0x0000000100000000)
  region size 1024K, 131 young (134144K), 12 survivors (12288K)
 Metaspace       used 178543K, committed 181184K, reserved 1245184K
  class space    used 22568K, committed 23872K, reserved 1048576K
}
Event: 154.013 GC heap after
{Heap after GC invocations=78 (full 0):
 garbage-first heap   total 386048K, used 224032K [0x0000000080000000, 0x0000000100000000)
  region size 1024K, 10 young (10240K), 10 survivors (10240K)
 Metaspace       used 178543K, committed 181184K, reserved 1245184K
  class space    used 22568K, committed 23872K, reserved 1048576K
}
Event: 155.741 GC heap before
{Heap before GC invocations=78 (full 0):
 garbage-first heap   total 386048K, used 355104K [0x0000000080000000, 0x0000000100000000)
  region size 1024K, 138 young (141312K), 10 survivors (10240K)
 Metaspace       used 178543K, committed 181184K, reserved 1245184K
  class space    used 22568K, committed 23872K, reserved 1048576K
}
Event: 155.794 GC heap after
{Heap after GC invocations=79 (full 0):
 garbage-first heap   total 386048K, used 226543K [0x0000000080000000, 0x0000000100000000)
  region size 1024K, 13 young (13312K), 13 survivors (13312K)
 Metaspace       used 178543K, committed 181184K, reserved 1245184K
  class space    used 22568K, committed 23872K, reserved 1048576K
}
Event: 158.449 GC heap before
{Heap before GC invocations=79 (full 0):
 garbage-first heap   total 386048K, used 351471K [0x0000000080000000, 0x0000000100000000)
  region size 1024K, 135 young (138240K), 13 survivors (13312K)
 Metaspace       used 178543K, committed 181184K, reserved 1245184K
  class space    used 22568K, committed 23872K, reserved 1048576K
}

