# JRE version: OpenJDK Runtime Environment (17.0.10) (build 17.0.10+0--11609105)
# Java VM: OpenJDK 64-Bit Server VM (17.0.10+0--11609105, mixed mode, tiered, compressed oops, compressed class ptrs, g1 gc, windows-amd64)
GC Precious Log:
 CPUs: 4 total, 4 available
 Memory: 3790M
 Large Page Support: Disabled
 NUMA Support: Disabled
 Compressed Oops: Enabled (32-bit)
 Heap Region Size: 1M
 Heap Min Capacity: 8M
 Heap Initial Capacity: 60M
 Heap Max Capacity: 2G
 Pre-touch: Disabled
 Parallel Workers: 4
 Concurrent Workers: 1
 Concurrent Refinement Workers: 4
 Periodic GC: Disabled
Heap:
 garbage-first heap   total 279552K, used 166651K [0x0000000080000000, 0x0000000100000000)
  region size 1024K, 2 young (2048K), 2 survivors (2048K)
 Metaspace       used 121690K, committed 122496K, reserved 1179648K
  class space    used 16845K, committed 17216K, reserved 1048576K
GC Heap History (20 events):
Event: 26.411 GC heap after
{Heap after GC invocations=41 (full 0):
 garbage-first heap   total 232448K, used 105891K [0x0000000080000000, 0x0000000100000000)
  region size 1024K, 12 young (12288K), 12 survivors (12288K)
 Metaspace       used 104912K, committed 105536K, reserved 1179648K
  class space    used 14351K, committed 14656K, reserved 1048576K
}
Event: 29.428 GC heap before
{Heap before GC invocations=42 (full 0):
 garbage-first heap   total 232448K, used 188835K [0x0000000080000000, 0x0000000100000000)
  region size 1024K, 93 young (95232K), 12 survivors (12288K)
 Metaspace       used 105184K, committed 105920K, reserved 1179648K
  class space    used 14367K, committed 14720K, reserved 1048576K
}
Event: 29.461 GC heap after
{Heap after GC invocations=43 (full 0):
 garbage-first heap   total 232448K, used 110303K [0x0000000080000000, 0x0000000100000000)
  region size 1024K, 5 young (5120K), 5 survivors (5120K)
 Metaspace       used 105184K, committed 105920K, reserved 1179648K
  class space    used 14367K, committed 14720K, reserved 1048576K
}
Event: 29.869 GC heap before
{Heap before GC invocations=43 (full 0):
 garbage-first heap   total 232448K, used 116447K [0x0000000080000000, 0x0000000100000000)
  region size 1024K, 11 young (11264K), 5 survivors (5120K)
 Metaspace       used 105422K, committed 106176K, reserved 1179648K
  class space    used 14419K, committed 14784K, reserved 1048576K
}
Event: 29.888 GC heap after
{Heap after GC invocations=44 (full 0):
 garbage-first heap   total 232448K, used 109286K [0x0000000080000000, 0x0000000100000000)
  region size 1024K, 2 young (2048K), 2 survivors (2048K)
 Metaspace       used 105422K, committed 106176K, reserved 1179648K
  class space    used 14419K, committed 14784K, reserved 1048576K
}
Event: 33.440 GC heap before
{Heap before GC invocations=44 (full 0):
 garbage-first heap   total 232448K, used 189158K [0x0000000080000000, 0x0000000100000000)
  region size 1024K, 81 young (82944K), 2 survivors (2048K)
 Metaspace       used 105880K, committed 106624K, reserved 1179648K
  class space    used 14484K, committed 14848K, reserved 1048576K
}
Event: 33.451 GC heap after
{Heap after GC invocations=45 (full 0):
 garbage-first heap   total 232448K, used 113382K [0x0000000080000000, 0x0000000100000000)
  region size 1024K, 6 young (6144K), 6 survivors (6144K)
 Metaspace       used 105880K, committed 106624K, reserved 1179648K
  class space    used 14484K, committed 14848K, reserved 1048576K
}
Event: 36.327 GC heap before
{Heap before GC invocations=45 (full 0):
 garbage-first heap   total 232448K, used 189158K [0x0000000080000000, 0x0000000100000000)
  region size 1024K, 81 young (82944K), 6 survivors (6144K)
 Metaspace       used 106081K, committed 106752K, reserved 1179648K
  class space    used 14513K, committed 14848K, reserved 1048576K
}
Event: 36.368 GC heap after
{Heap after GC invocations=46 (full 0):
 garbage-first heap   total 232448K, used 115442K [0x0000000080000000, 0x0000000100000000)
  region size 1024K, 5 young (5120K), 5 survivors (5120K)
 Metaspace       used 106081K, committed 106752K, reserved 1179648K
  class space    used 14513K, committed 14848K, reserved 1048576K
}
Event: 37.714 GC heap before
{Heap before GC invocations=46 (full 0):
 garbage-first heap   total 232448K, used 190194K [0x0000000080000000, 0x0000000100000000)
  region size 1024K, 79 young (80896K), 5 survivors (5120K)
 Metaspace       used 106837K, committed 107648K, reserved 1179648K
  class space    used 14643K, committed 15040K, reserved 1048576K
}
Event: 37.751 GC heap after
{Heap after GC invocations=47 (full 0):
 garbage-first heap   total 232448K, used 119282K [0x0000000080000000, 0x0000000100000000)
  region size 1024K, 8 young (8192K), 8 survivors (8192K)
 Metaspace       used 106837K, committed 107648K, reserved 1179648K
  class space    used 14643K, committed 15040K, reserved 1048576K
}
Event: 38.759 GC heap before
{Heap before GC invocations=47 (full 0):
 garbage-first heap   total 232448K, used 189938K [0x0000000080000000, 0x0000000100000000)
  region size 1024K, 78 young (79872K), 8 survivors (8192K)
 Metaspace       used 110893K, committed 111680K, reserved 1179648K
  class space    used 15227K, committed 15616K, reserved 1048576K
}
Event: 38.807 GC heap after
{Heap after GC invocations=48 (full 0):
 garbage-first heap   total 279552K, used 128675K [0x0000000080000000, 0x0000000100000000)
  region size 1024K, 10 young (10240K), 10 survivors (10240K)
 Metaspace       used 110893K, committed 111680K, reserved 1179648K
  class space    used 15227K, committed 15616K, reserved 1048576K
}
Event: 39.687 GC heap before
{Heap before GC invocations=48 (full 0):
 garbage-first heap   total 279552K, used 220835K [0x0000000080000000, 0x0000000100000000)
  region size 1024K, 101 young (103424K), 10 survivors (10240K)
 Metaspace       used 113967K, committed 114752K, reserved 1179648K
  class space    used 15699K, committed 16128K, reserved 1048576K
}
Event: 39.733 GC heap after
{Heap after GC invocations=49 (full 0):
 garbage-first heap   total 279552K, used 142142K [0x0000000080000000, 0x0000000100000000)
  region size 1024K, 13 young (13312K), 13 survivors (13312K)
 Metaspace       used 113967K, committed 114752K, reserved 1179648K
  class space    used 15699K, committed 16128K, reserved 1048576K
}
Event: 40.262 GC heap before
{Heap before GC invocations=49 (full 0):
 garbage-first heap   total 279552K, used 223038K [0x0000000080000000, 0x0000000100000000)
  region size 1024K, 93 young (95232K), 13 survivors (13312K)
 Metaspace       used 116477K, committed 117248K, reserved 1179648K
  class space    used 16109K, committed 16512K, reserved 1048576K
}
Event: 40.318 GC heap after
{Heap after GC invocations=50 (full 0):
 garbage-first heap   total 279552K, used 153728K [0x0000000080000000, 0x0000000100000000)
  region size 1024K, 12 young (12288K), 12 survivors (12288K)
 Metaspace       used 116477K, committed 117248K, reserved 1179648K
  class space    used 16109K, committed 16512K, reserved 1048576K
}
Event: 41.090 GC heap before
{Heap before GC invocations=50 (full 0):
 garbage-first heap   total 279552K, used 224384K [0x0000000080000000, 0x0000000100000000)
  region size 1024K, 82 young (83968K), 12 survivors (12288K)
 Metaspace       used 118304K, committed 119104K, reserved 1179648K
  class space    used 16402K, committed 16832K, reserved 1048576K
}
Event: 41.215 GC heap after
{Heap after GC invocations=51 (full 0):
 garbage-first heap   total 279552K, used 164158K [0x0000000080000000, 0x0000000100000000)
  region size 1024K, 10 young (10240K), 10 survivors (10240K)
 Metaspace       used 118304K, committed 119104K, reserved 1179648K
  class space    used 16402K, committed 16832K, reserved 1048576K
}
Event: 42.704 GC heap before
{Heap before GC invocations=51 (full 0):
 garbage-first heap   total 279552K, used 228670K [0x0000000080000000, 0x0000000100000000)
  region size 1024K, 73 young (74752K), 10 survivors (10240K)
 Metaspace       used 121690K, committed 122496K, reserved 1179648K
  class space    used 16845K, committed 17216K, reserved 1048576K
}

