# JRE version: OpenJDK Runtime Environment (21.0.4) (build 21.0.4+-12508038-b607.1)
# Java VM: OpenJDK 64-Bit Server VM (21.0.4+-12508038-b607.1, mixed mode, tiered, compressed oops, compressed class ptrs, g1 gc, windows-amd64)
GC Precious Log:
 CardTable entry size: 512
 Card Set container configuration: InlinePtr #cards 5 size 8 Array Of Cards #cards 12 size 40 Howl #buckets 4 coarsen threshold 1843 Howl Bitmap #cards 512 size 80 coarsen threshold 460 Card regions per heap region 1 cards per card region 2048
 CPUs: 4 total, 4 available
 Memory: 3790M
 Large Page Support: Disabled
 NUMA Support: Disabled
 Compressed Oops: Enabled (32-bit)
 Heap Region Size: 1M
 Heap Min Capacity: 8M
 Heap Initial Capacity: 60M
 Heap Max Capacity: 2G
 Pre-touch: Disabled
 Parallel Workers: 4
 Concurrent Workers: 1
 Concurrent Refinement Workers: 4
 Periodic GC: Disabled
Heap:
 garbage-first heap   total 274432K, used 206326K [0x0000000080000000, 0x0000000100000000)
  region size 1024K, 54 young (55296K), 13 survivors (13312K)
 Metaspace       used 125741K, committed 127936K, reserved 1179648K
  class space    used 16979K, committed 18112K, reserved 1048576K
GC Heap History (20 events):
Event: 20.065 GC heap before
{Heap before GC invocations=42 (full 0):
 garbage-first heap   total 163840K, used 108544K [0x0000000080000000, 0x0000000100000000)
  region size 1024K, 13 young (13312K), 7 survivors (7168K)
 Metaspace       used 107935K, committed 109952K, reserved 1179648K
  class space    used 14621K, committed 15680K, reserved 1048576K
}
Event: 20.078 GC heap after
{Heap after GC invocations=43 (full 0):
 garbage-first heap   total 163840K, used 106544K [0x0000000080000000, 0x0000000100000000)
  region size 1024K, 3 young (3072K), 3 survivors (3072K)
 Metaspace       used 107935K, committed 109952K, reserved 1179648K
  class space    used 14621K, committed 15680K, reserved 1048576K
}
Event: 21.498 GC heap before
{Heap before GC invocations=44 (full 0):
 garbage-first heap   total 188416K, used 144432K [0x0000000080000000, 0x0000000100000000)
  region size 1024K, 35 young (35840K), 3 survivors (3072K)
 Metaspace       used 110720K, committed 112832K, reserved 1179648K
  class space    used 14934K, committed 16000K, reserved 1048576K
}
Event: 21.513 GC heap after
{Heap after GC invocations=45 (full 0):
 garbage-first heap   total 188416K, used 110441K [0x0000000080000000, 0x0000000100000000)
  region size 1024K, 5 young (5120K), 5 survivors (5120K)
 Metaspace       used 110720K, committed 112832K, reserved 1179648K
  class space    used 14934K, committed 16000K, reserved 1048576K
}
Event: 21.981 GC heap before
{Heap before GC invocations=45 (full 0):
 garbage-first heap   total 188416K, used 157545K [0x0000000080000000, 0x0000000100000000)
  region size 1024K, 52 young (53248K), 5 survivors (5120K)
 Metaspace       used 110745K, committed 112832K, reserved 1179648K
  class space    used 14935K, committed 16000K, reserved 1048576K
}
Event: 21.994 GC heap after
{Heap after GC invocations=46 (full 0):
 garbage-first heap   total 226304K, used 112054K [0x0000000080000000, 0x0000000100000000)
  region size 1024K, 4 young (4096K), 4 survivors (4096K)
 Metaspace       used 110745K, committed 112832K, reserved 1179648K
  class space    used 14935K, committed 16000K, reserved 1048576K
}
Event: 23.360 GC heap before
{Heap before GC invocations=46 (full 0):
 garbage-first heap   total 226304K, used 183734K [0x0000000080000000, 0x0000000100000000)
  region size 1024K, 75 young (76800K), 4 survivors (4096K)
 Metaspace       used 111487K, committed 113600K, reserved 1179648K
  class space    used 15037K, committed 16128K, reserved 1048576K
}
Event: 23.367 GC heap after
{Heap after GC invocations=47 (full 0):
 garbage-first heap   total 226304K, used 114268K [0x0000000080000000, 0x0000000100000000)
  region size 1024K, 6 young (6144K), 6 survivors (6144K)
 Metaspace       used 111487K, committed 113600K, reserved 1179648K
  class space    used 15037K, committed 16128K, reserved 1048576K
}
Event: 24.059 GC heap before
{Heap before GC invocations=47 (full 0):
 garbage-first heap   total 226304K, used 194140K [0x0000000080000000, 0x0000000100000000)
  region size 1024K, 85 young (87040K), 6 survivors (6144K)
 Metaspace       used 111644K, committed 113728K, reserved 1179648K
  class space    used 15049K, committed 16128K, reserved 1048576K
}
Event: 24.070 GC heap after
{Heap after GC invocations=48 (full 0):
 garbage-first heap   total 226304K, used 117270K [0x0000000080000000, 0x0000000100000000)
  region size 1024K, 8 young (8192K), 8 survivors (8192K)
 Metaspace       used 111644K, committed 113728K, reserved 1179648K
  class space    used 15049K, committed 16128K, reserved 1048576K
}
Event: 25.356 GC heap before
{Heap before GC invocations=48 (full 0):
 garbage-first heap   total 226304K, used 198166K [0x0000000080000000, 0x0000000100000000)
  region size 1024K, 88 young (90112K), 8 survivors (8192K)
 Metaspace       used 114999K, committed 117184K, reserved 1179648K
  class space    used 15482K, committed 16576K, reserved 1048576K
}
Event: 25.373 GC heap after
{Heap after GC invocations=49 (full 0):
 garbage-first heap   total 226304K, used 122351K [0x0000000080000000, 0x0000000100000000)
  region size 1024K, 11 young (11264K), 11 survivors (11264K)
 Metaspace       used 114999K, committed 117184K, reserved 1179648K
  class space    used 15482K, committed 16576K, reserved 1048576K
}
Event: 26.669 GC heap before
{Heap before GC invocations=50 (full 0):
 garbage-first heap   total 226304K, used 200175K [0x0000000080000000, 0x0000000100000000)
  region size 1024K, 88 young (90112K), 11 survivors (11264K)
 Metaspace       used 116818K, committed 118976K, reserved 1179648K
  class space    used 15753K, committed 16896K, reserved 1048576K
}
Event: 26.692 GC heap after
{Heap after GC invocations=51 (full 0):
 garbage-first heap   total 226304K, used 126480K [0x0000000080000000, 0x0000000100000000)
  region size 1024K, 7 young (7168K), 7 survivors (7168K)
 Metaspace       used 116818K, committed 118976K, reserved 1179648K
  class space    used 15753K, committed 16896K, reserved 1048576K
}
Event: 27.446 GC heap before
{Heap before GC invocations=51 (full 0):
 garbage-first heap   total 226304K, used 203280K [0x0000000080000000, 0x0000000100000000)
  region size 1024K, 81 young (82944K), 7 survivors (7168K)
 Metaspace       used 120091K, committed 122304K, reserved 1179648K
  class space    used 16220K, committed 17344K, reserved 1048576K
}
Event: 27.472 GC heap after
{Heap after GC invocations=52 (full 0):
 garbage-first heap   total 228352K, used 139776K [0x0000000080000000, 0x0000000100000000)
  region size 1024K, 11 young (11264K), 11 survivors (11264K)
 Metaspace       used 120091K, committed 122304K, reserved 1179648K
  class space    used 16220K, committed 17344K, reserved 1048576K
}
Event: 27.986 GC heap before
{Heap before GC invocations=52 (full 0):
 garbage-first heap   total 228352K, used 200192K [0x0000000080000000, 0x0000000100000000)
  region size 1024K, 71 young (72704K), 11 survivors (11264K)
 Metaspace       used 121489K, committed 123712K, reserved 1179648K
  class space    used 16371K, committed 17536K, reserved 1048576K
}
Event: 28.012 GC heap after
{Heap after GC invocations=53 (full 0):
 garbage-first heap   total 274432K, used 149407K [0x0000000080000000, 0x0000000100000000)
  region size 1024K, 9 young (9216K), 9 survivors (9216K)
 Metaspace       used 121489K, committed 123712K, reserved 1179648K
  class space    used 16371K, committed 17536K, reserved 1048576K
}
Event: 29.476 GC heap before
{Heap before GC invocations=54 (full 0):
 garbage-first heap   total 274432K, used 240543K [0x0000000080000000, 0x0000000100000000)
  region size 1024K, 99 young (101376K), 9 survivors (9216K)
 Metaspace       used 123574K, committed 125824K, reserved 1179648K
  class space    used 16701K, committed 17856K, reserved 1048576K
}
Event: 29.509 GC heap after
{Heap after GC invocations=55 (full 0):
 garbage-first heap   total 274432K, used 166390K [0x0000000080000000, 0x0000000100000000)
  region size 1024K, 13 young (13312K), 13 survivors (13312K)
 Metaspace       used 123574K, committed 125824K, reserved 1179648K
  class space    used 16701K, committed 17856K, reserved 1048576K
}

