# JRE version: OpenJDK Runtime Environment (21.0.4) (build 21.0.4+-12508038-b607.1)
# Java VM: OpenJDK 64-Bit Server VM (21.0.4+-12508038-b607.1, mixed mode, tiered, compressed oops, compressed class ptrs, g1 gc, windows-amd64)
GC Precious Log:
 CardTable entry size: 512
 Card Set container configuration: InlinePtr #cards 5 size 8 Array Of Cards #cards 12 size 40 Howl #buckets 4 coarsen threshold 1843 Howl Bitmap #cards 512 size 80 coarsen threshold 460 Card regions per heap region 1 cards per card region 2048
 CPUs: 4 total, 4 available
 Memory: 3790M
 Large Page Support: Disabled
 NUMA Support: Disabled
 Compressed Oops: Enabled (32-bit)
 Heap Region Size: 1M
 Heap Min Capacity: 8M
 Heap Initial Capacity: 60M
 Heap Max Capacity: 2G
 Pre-touch: Disabled
 Parallel Workers: 4
 Concurrent Workers: 1
 Concurrent Refinement Workers: 4
 Periodic GC: Disabled
Heap:
 garbage-first heap   total 273408K, used 191465K [0x0000000080000000, 0x0000000100000000)
  region size 1024K, 9 young (9216K), 9 survivors (9216K)
 Metaspace       used 133942K, committed 136128K, reserved 1179648K
  class space    used 18083K, committed 19200K, reserved 1048576K
GC Heap History (20 events):
Event: 40.822 GC heap after
{Heap after GC invocations=52 (full 0):
 garbage-first heap   total 193536K, used 119441K [0x0000000080000000, 0x0000000100000000)
  region size 1024K, 6 young (6144K), 6 survivors (6144K)
 Metaspace       used 115791K, committed 118080K, reserved 1179648K
  class space    used 15590K, committed 16768K, reserved 1048576K
}
Event: 41.617 GC heap before
{Heap before GC invocations=52 (full 0):
 garbage-first heap   total 193536K, used 174737K [0x0000000080000000, 0x0000000100000000)
  region size 1024K, 61 young (62464K), 6 survivors (6144K)
 Metaspace       used 117120K, committed 119360K, reserved 1179648K
  class space    used 15781K, committed 16896K, reserved 1048576K
}
Event: 41.628 GC heap after
{Heap after GC invocations=53 (full 0):
 garbage-first heap   total 232448K, used 125200K [0x0000000080000000, 0x0000000100000000)
  region size 1024K, 8 young (8192K), 8 survivors (8192K)
 Metaspace       used 117120K, committed 119360K, reserved 1179648K
  class space    used 15781K, committed 16896K, reserved 1048576K
}
Event: 43.278 GC heap before
{Heap before GC invocations=54 (full 0):
 garbage-first heap   total 232448K, used 209168K [0x0000000080000000, 0x0000000100000000)
  region size 1024K, 91 young (93184K), 8 survivors (8192K)
 Metaspace       used 123332K, committed 125568K, reserved 1179648K
  class space    used 16648K, committed 17792K, reserved 1048576K
}
Event: 43.293 GC heap after
{Heap after GC invocations=55 (full 0):
 garbage-first heap   total 232448K, used 133064K [0x0000000080000000, 0x0000000100000000)
  region size 1024K, 9 young (9216K), 9 survivors (9216K)
 Metaspace       used 123332K, committed 125568K, reserved 1179648K
  class space    used 16648K, committed 17792K, reserved 1048576K
}
Event: 44.670 GC heap before
{Heap before GC invocations=55 (full 0):
 garbage-first heap   total 232448K, used 207816K [0x0000000080000000, 0x0000000100000000)
  region size 1024K, 83 young (84992K), 9 survivors (9216K)
 Metaspace       used 128174K, committed 130368K, reserved 1179648K
  class space    used 17365K, committed 18496K, reserved 1048576K
}
Event: 44.692 GC heap after
{Heap after GC invocations=56 (full 0):
 garbage-first heap   total 232448K, used 139528K [0x0000000080000000, 0x0000000100000000)
  region size 1024K, 9 young (9216K), 9 survivors (9216K)
 Metaspace       used 128174K, committed 130368K, reserved 1179648K
  class space    used 17365K, committed 18496K, reserved 1048576K
}
Event: 45.749 GC heap before
{Heap before GC invocations=56 (full 0):
 garbage-first heap   total 232448K, used 210184K [0x0000000080000000, 0x0000000100000000)
  region size 1024K, 78 young (79872K), 9 survivors (9216K)
 Metaspace       used 130883K, committed 133120K, reserved 1179648K
  class space    used 17700K, committed 18816K, reserved 1048576K
}
Event: 45.767 GC heap after
{Heap after GC invocations=57 (full 0):
 garbage-first heap   total 232448K, used 143278K [0x0000000080000000, 0x0000000100000000)
  region size 1024K, 4 young (4096K), 4 survivors (4096K)
 Metaspace       used 130883K, committed 133120K, reserved 1179648K
  class space    used 17700K, committed 18816K, reserved 1048576K
}
Event: 50.326 GC heap before
{Heap before GC invocations=58 (full 0):
 garbage-first heap   total 239616K, used 212910K [0x0000000080000000, 0x0000000100000000)
  region size 1024K, 73 young (74752K), 4 survivors (4096K)
 Metaspace       used 133477K, committed 135744K, reserved 1179648K
  class space    used 18050K, committed 19200K, reserved 1048576K
}
Event: 50.355 GC heap after
{Heap after GC invocations=59 (full 0):
 garbage-first heap   total 239616K, used 144302K [0x0000000080000000, 0x0000000100000000)
  region size 1024K, 5 young (5120K), 5 survivors (5120K)
 Metaspace       used 133477K, committed 135744K, reserved 1179648K
  class space    used 18050K, committed 19200K, reserved 1048576K
}
Event: 52.056 GC heap before
{Heap before GC invocations=59 (full 0):
 garbage-first heap   total 239616K, used 222126K [0x0000000080000000, 0x0000000100000000)
  region size 1024K, 80 young (81920K), 5 survivors (5120K)
 Metaspace       used 133733K, committed 136000K, reserved 1179648K
  class space    used 18060K, committed 19200K, reserved 1048576K
}
Event: 52.094 GC heap after
{Heap after GC invocations=60 (full 0):
 garbage-first heap   total 240640K, used 153304K [0x0000000080000000, 0x0000000100000000)
  region size 1024K, 10 young (10240K), 10 survivors (10240K)
 Metaspace       used 133733K, committed 136000K, reserved 1179648K
  class space    used 18060K, committed 19200K, reserved 1048576K
}
Event: 52.396 GC heap before
{Heap before GC invocations=60 (full 0):
 garbage-first heap   total 240640K, used 216792K [0x0000000080000000, 0x0000000100000000)
  region size 1024K, 72 young (73728K), 10 survivors (10240K)
 Metaspace       used 133788K, committed 136000K, reserved 1179648K
  class space    used 18064K, committed 19200K, reserved 1048576K
}
Event: 52.419 GC heap after
{Heap after GC invocations=61 (full 0):
 garbage-first heap   total 240640K, used 163596K [0x0000000080000000, 0x0000000100000000)
  region size 1024K, 9 young (9216K), 9 survivors (9216K)
 Metaspace       used 133788K, committed 136000K, reserved 1179648K
  class space    used 18064K, committed 19200K, reserved 1048576K
}
Event: 53.522 GC heap before
{Heap before GC invocations=62 (full 0):
 garbage-first heap   total 273408K, used 216844K [0x0000000080000000, 0x0000000100000000)
  region size 1024K, 61 young (62464K), 9 survivors (9216K)
 Metaspace       used 133857K, committed 136064K, reserved 1179648K
  class space    used 18074K, committed 19200K, reserved 1048576K
}
Event: 53.540 GC heap after
{Heap after GC invocations=63 (full 0):
 garbage-first heap   total 273408K, used 170941K [0x0000000080000000, 0x0000000100000000)
  region size 1024K, 7 young (7168K), 7 survivors (7168K)
 Metaspace       used 133857K, committed 136064K, reserved 1179648K
  class space    used 18074K, committed 19200K, reserved 1048576K
}
Event: 54.493 GC heap before
{Heap before GC invocations=63 (full 0):
 garbage-first heap   total 273408K, used 248765K [0x0000000080000000, 0x0000000100000000)
  region size 1024K, 83 young (84992K), 7 survivors (7168K)
 Metaspace       used 133910K, committed 136128K, reserved 1179648K
  class space    used 18081K, committed 19200K, reserved 1048576K
}
Event: 54.517 GC heap after
{Heap after GC invocations=64 (full 0):
 garbage-first heap   total 273408K, used 182784K [0x0000000080000000, 0x0000000100000000)
  region size 1024K, 11 young (11264K), 11 survivors (11264K)
 Metaspace       used 133910K, committed 136128K, reserved 1179648K
  class space    used 18081K, committed 19200K, reserved 1048576K
}
Event: 54.888 GC heap before
{Heap before GC invocations=64 (full 0):
 garbage-first heap   total 273408K, used 246272K [0x0000000080000000, 0x0000000100000000)
  region size 1024K, 73 young (74752K), 11 survivors (11264K)
 Metaspace       used 133942K, committed 136128K, reserved 1179648K
  class space    used 18083K, committed 19200K, reserved 1048576K
}

