# JRE version: OpenJDK Runtime Environment (21.0.4) (build 21.0.4+-12508038-b607.1)
# Java VM: OpenJDK 64-Bit Server VM (21.0.4+-12508038-b607.1, mixed mode, tiered, compressed oops, compressed class ptrs, g1 gc, windows-amd64)
GC Precious Log:
 CardTable entry size: 512
 Card Set container configuration: InlinePtr #cards 5 size 8 Array Of Cards #cards 12 size 40 Howl #buckets 4 coarsen threshold 1843 Howl Bitmap #cards 512 size 80 coarsen threshold 460 Card regions per heap region 1 cards per card region 2048
 CPUs: 4 total, 4 available
 Memory: 3790M
 Large Page Support: Disabled
 NUMA Support: Disabled
 Compressed Oops: Enabled (32-bit)
 Heap Region Size: 1M
 Heap Min Capacity: 8M
 Heap Initial Capacity: 60M
 Heap Max Capacity: 948M
 Pre-touch: Disabled
 Parallel Workers: 4
 Concurrent Workers: 1
 Concurrent Refinement Workers: 4
 Periodic GC: Disabled
Heap:
 garbage-first heap   total 138240K, used 97812K [0x00000000c4c00000, 0x0000000100000000)
  region size 1024K, 25 young (25600K), 2 survivors (2048K)
 Metaspace       used 89788K, committed 90560K, reserved 1179648K
  class space    used 9764K, committed 10112K, reserved 1048576K
GC Heap History (20 events):
Event: 6.132 GC heap before
{Heap before GC invocations=20 (full 0):
 garbage-first heap   total 71680K, used 62508K [0x00000000c4c00000, 0x0000000100000000)
  region size 1024K, 18 young (18432K), 2 survivors (2048K)
 Metaspace       used 60936K, committed 61696K, reserved 1114112K
  class space    used 7113K, committed 7488K, reserved 1048576K
}
Event: 6.137 GC heap after
{Heap after GC invocations=21 (full 0):
 garbage-first heap   total 95232K, used 47434K [0x00000000c4c00000, 0x0000000100000000)
  region size 1024K, 3 young (3072K), 3 survivors (3072K)
 Metaspace       used 60936K, committed 61696K, reserved 1114112K
  class space    used 7113K, committed 7488K, reserved 1048576K
}
Event: 7.422 GC heap before
{Heap before GC invocations=22 (full 0):
 garbage-first heap   total 95232K, used 82250K [0x00000000c4c00000, 0x0000000100000000)
  region size 1024K, 37 young (37888K), 3 survivors (3072K)
 Metaspace       used 65560K, committed 66304K, reserved 1114112K
  class space    used 7642K, committed 8000K, reserved 1048576K
}
Event: 7.434 GC heap after
{Heap after GC invocations=23 (full 0):
 garbage-first heap   total 95232K, used 52363K [0x00000000c4c00000, 0x0000000100000000)
  region size 1024K, 5 young (5120K), 5 survivors (5120K)
 Metaspace       used 65560K, committed 66304K, reserved 1114112K
  class space    used 7642K, committed 8000K, reserved 1048576K
}
Event: 8.601 GC heap before
{Heap before GC invocations=23 (full 0):
 garbage-first heap   total 95232K, used 82059K [0x00000000c4c00000, 0x0000000100000000)
  region size 1024K, 34 young (34816K), 5 survivors (5120K)
 Metaspace       used 67657K, committed 68416K, reserved 1114112K
  class space    used 7730K, committed 8064K, reserved 1048576K
}
Event: 8.623 GC heap after
{Heap after GC invocations=24 (full 0):
 garbage-first heap   total 95232K, used 56894K [0x00000000c4c00000, 0x0000000100000000)
  region size 1024K, 5 young (5120K), 5 survivors (5120K)
 Metaspace       used 67657K, committed 68416K, reserved 1114112K
  class space    used 7730K, committed 8064K, reserved 1048576K
}
Event: 9.446 GC heap before
{Heap before GC invocations=24 (full 0):
 garbage-first heap   total 95232K, used 83518K [0x00000000c4c00000, 0x0000000100000000)
  region size 1024K, 31 young (31744K), 5 survivors (5120K)
 Metaspace       used 69445K, committed 70208K, reserved 1114112K
  class space    used 7878K, committed 8256K, reserved 1048576K
}
Event: 9.460 GC heap after
{Heap after GC invocations=25 (full 0):
 garbage-first heap   total 95232K, used 60323K [0x00000000c4c00000, 0x0000000100000000)
  region size 1024K, 4 young (4096K), 4 survivors (4096K)
 Metaspace       used 69445K, committed 70208K, reserved 1114112K
  class space    used 7878K, committed 8256K, reserved 1048576K
}
Event: 10.345 GC heap before
{Heap before GC invocations=26 (full 0):
 garbage-first heap   total 102400K, used 83875K [0x00000000c4c00000, 0x0000000100000000)
  region size 1024K, 27 young (27648K), 4 survivors (4096K)
 Metaspace       used 70261K, committed 70976K, reserved 1114112K
  class space    used 7920K, committed 8256K, reserved 1048576K
}
Event: 10.357 GC heap after
{Heap after GC invocations=27 (full 0):
 garbage-first heap   total 102400K, used 63380K [0x00000000c4c00000, 0x0000000100000000)
  region size 1024K, 3 young (3072K), 3 survivors (3072K)
 Metaspace       used 70261K, committed 70976K, reserved 1114112K
  class space    used 7920K, committed 8256K, reserved 1048576K
}
Event: 10.783 GC heap before
{Heap before GC invocations=27 (full 0):
 garbage-first heap   total 102400K, used 91028K [0x00000000c4c00000, 0x0000000100000000)
  region size 1024K, 31 young (31744K), 3 survivors (3072K)
 Metaspace       used 75051K, committed 75840K, reserved 1179648K
  class space    used 8397K, committed 8768K, reserved 1048576K
}
Event: 10.793 GC heap after
{Heap after GC invocations=28 (full 0):
 garbage-first heap   total 102400K, used 64428K [0x00000000c4c00000, 0x0000000100000000)
  region size 1024K, 3 young (3072K), 3 survivors (3072K)
 Metaspace       used 75051K, committed 75840K, reserved 1179648K
  class space    used 8397K, committed 8768K, reserved 1048576K
}
Event: 11.507 GC heap before
{Heap before GC invocations=28 (full 0):
 garbage-first heap   total 102400K, used 92076K [0x00000000c4c00000, 0x0000000100000000)
  region size 1024K, 30 young (30720K), 3 survivors (3072K)
 Metaspace       used 77665K, committed 78400K, reserved 1179648K
  class space    used 8627K, committed 8960K, reserved 1048576K
}
Event: 11.517 GC heap after
{Heap after GC invocations=29 (full 0):
 garbage-first heap   total 102400K, used 68265K [0x00000000c4c00000, 0x0000000100000000)
  region size 1024K, 4 young (4096K), 4 survivors (4096K)
 Metaspace       used 77665K, committed 78400K, reserved 1179648K
  class space    used 8627K, committed 8960K, reserved 1048576K
}
Event: 11.913 GC heap before
{Heap before GC invocations=30 (full 0):
 garbage-first heap   total 114688K, used 90793K [0x00000000c4c00000, 0x0000000100000000)
  region size 1024K, 26 young (26624K), 4 survivors (4096K)
 Metaspace       used 82299K, committed 83008K, reserved 1179648K
  class space    used 9081K, committed 9408K, reserved 1048576K
}
Event: 11.923 GC heap after
{Heap after GC invocations=31 (full 0):
 garbage-first heap   total 114688K, used 69961K [0x00000000c4c00000, 0x0000000100000000)
  region size 1024K, 2 young (2048K), 2 survivors (2048K)
 Metaspace       used 82299K, committed 83008K, reserved 1179648K
  class space    used 9081K, committed 9408K, reserved 1048576K
}
Event: 12.314 GC heap before
{Heap before GC invocations=31 (full 0):
 garbage-first heap   total 114688K, used 102729K [0x00000000c4c00000, 0x0000000100000000)
  region size 1024K, 35 young (35840K), 2 survivors (2048K)
 Metaspace       used 85728K, committed 86464K, reserved 1179648K
  class space    used 9410K, committed 9792K, reserved 1048576K
}
Event: 12.327 GC heap after
{Heap after GC invocations=32 (full 0):
 garbage-first heap   total 114688K, used 73376K [0x00000000c4c00000, 0x0000000100000000)
  region size 1024K, 5 young (5120K), 5 survivors (5120K)
 Metaspace       used 85728K, committed 86464K, reserved 1179648K
  class space    used 9410K, committed 9792K, reserved 1048576K
}
Event: 12.702 GC heap before
{Heap before GC invocations=32 (full 0):
 garbage-first heap   total 114688K, used 102048K [0x00000000c4c00000, 0x0000000100000000)
  region size 1024K, 33 young (33792K), 5 survivors (5120K)
 Metaspace       used 87341K, committed 88128K, reserved 1179648K
  class space    used 9550K, committed 9920K, reserved 1048576K
}
Event: 12.714 GC heap after
{Heap after GC invocations=33 (full 0):
 garbage-first heap   total 138240K, used 75284K [0x00000000c4c00000, 0x0000000100000000)
  region size 1024K, 2 young (2048K), 2 survivors (2048K)
 Metaspace       used 87341K, committed 88128K, reserved 1179648K
  class space    used 9550K, committed 9920K, reserved 1048576K
}

