# JRE version: OpenJDK Runtime Environment (21.0.4) (build 21.0.4+-12508038-b607.1)
# Java VM: OpenJDK 64-Bit Server VM (21.0.4+-12508038-b607.1, mixed mode, tiered, compressed oops, compressed class ptrs, g1 gc, windows-amd64)
GC Precious Log:
 CardTable entry size: 512
 Card Set container configuration: InlinePtr #cards 5 size 8 Array Of Cards #cards 12 size 40 Howl #buckets 4 coarsen threshold 1843 Howl Bitmap #cards 512 size 80 coarsen threshold 460 Card regions per heap region 1 cards per card region 2048
 CPUs: 4 total, 4 available
 Memory: 3790M
 Large Page Support: Disabled
 NUMA Support: Disabled
 Compressed Oops: Enabled (32-bit)
 Heap Region Size: 1M
 Heap Min Capacity: 8M
 Heap Initial Capacity: 60M
 Heap Max Capacity: 948M
 Pre-touch: Disabled
 Parallel Workers: 4
 Concurrent Workers: 1
 Concurrent Refinement Workers: 4
 Periodic GC: Disabled
Heap:
 garbage-first heap   total 124928K, used 99826K [0x00000000c4c00000, 0x0000000100000000)
  region size 1024K, 31 young (31744K), 5 survivors (5120K)
 Metaspace       used 86827K, committed 87616K, reserved 1179648K
  class space    used 9511K, committed 9856K, reserved 1048576K
GC Heap History (20 events):
Event: 5.195 GC heap before
{Heap before GC invocations=16 (full 0):
 garbage-first heap   total 75776K, used 63264K [0x00000000c4c00000, 0x0000000100000000)
  region size 1024K, 25 young (25600K), 4 survivors (4096K)
 Metaspace       used 60016K, committed 60736K, reserved 1114112K
  class space    used 6993K, committed 7360K, reserved 1048576K
}
Event: 5.207 GC heap after
{Heap after GC invocations=17 (full 0):
 garbage-first heap   total 75776K, used 47347K [0x00000000c4c00000, 0x0000000100000000)
  region size 1024K, 4 young (4096K), 4 survivors (4096K)
 Metaspace       used 60016K, committed 60736K, reserved 1114112K
  class space    used 6993K, committed 7360K, reserved 1048576K
}
Event: 5.379 GC heap before
{Heap before GC invocations=18 (full 0):
 garbage-first heap   total 80896K, used 65779K [0x00000000c4c00000, 0x0000000100000000)
  region size 1024K, 22 young (22528K), 4 survivors (4096K)
 Metaspace       used 60832K, committed 61504K, reserved 1114112K
  class space    used 7104K, committed 7424K, reserved 1048576K
}
Event: 5.383 GC heap after
{Heap after GC invocations=19 (full 0):
 garbage-first heap   total 80896K, used 47950K [0x00000000c4c00000, 0x0000000100000000)
  region size 1024K, 1 young (1024K), 1 survivors (1024K)
 Metaspace       used 60832K, committed 61504K, reserved 1114112K
  class space    used 7104K, committed 7424K, reserved 1048576K
}
Event: 6.217 GC heap before
{Heap before GC invocations=19 (full 0):
 garbage-first heap   total 80896K, used 71502K [0x00000000c4c00000, 0x0000000100000000)
  region size 1024K, 24 young (24576K), 1 survivors (1024K)
 Metaspace       used 63337K, committed 64000K, reserved 1114112K
  class space    used 7350K, committed 7680K, reserved 1048576K
}
Event: 6.223 GC heap after
{Heap after GC invocations=20 (full 0):
 garbage-first heap   total 80896K, used 49501K [0x00000000c4c00000, 0x0000000100000000)
  region size 1024K, 3 young (3072K), 3 survivors (3072K)
 Metaspace       used 63337K, committed 64000K, reserved 1114112K
  class space    used 7350K, committed 7680K, reserved 1048576K
}
Event: 7.047 GC heap before
{Heap before GC invocations=20 (full 0):
 garbage-first heap   total 80896K, used 71005K [0x00000000c4c00000, 0x0000000100000000)
  region size 1024K, 24 young (24576K), 3 survivors (3072K)
 Metaspace       used 65965K, committed 66688K, reserved 1114112K
  class space    used 7663K, committed 8000K, reserved 1048576K
}
Event: 7.058 GC heap after
{Heap after GC invocations=21 (full 0):
 garbage-first heap   total 80896K, used 53420K [0x00000000c4c00000, 0x0000000100000000)
  region size 1024K, 3 young (3072K), 3 survivors (3072K)
 Metaspace       used 65965K, committed 66688K, reserved 1114112K
  class space    used 7663K, committed 8000K, reserved 1048576K
}
Event: 7.836 GC heap before
{Heap before GC invocations=22 (full 0):
 garbage-first heap   total 91136K, used 71852K [0x00000000c4c00000, 0x0000000100000000)
  region size 1024K, 21 young (21504K), 3 survivors (3072K)
 Metaspace       used 67176K, committed 67904K, reserved 1114112K
  class space    used 7713K, committed 8064K, reserved 1048576K
}
Event: 7.847 GC heap after
{Heap after GC invocations=23 (full 0):
 garbage-first heap   total 91136K, used 56957K [0x00000000c4c00000, 0x0000000100000000)
  region size 1024K, 3 young (3072K), 3 survivors (3072K)
 Metaspace       used 67176K, committed 67904K, reserved 1114112K
  class space    used 7713K, committed 8064K, reserved 1048576K
}
Event: 8.628 GC heap before
{Heap before GC invocations=23 (full 0):
 garbage-first heap   total 91136K, used 80509K [0x00000000c4c00000, 0x0000000100000000)
  region size 1024K, 26 young (26624K), 3 survivors (3072K)
 Metaspace       used 68994K, committed 69760K, reserved 1114112K
  class space    used 7843K, committed 8192K, reserved 1048576K
}
Event: 8.643 GC heap after
{Heap after GC invocations=24 (full 0):
 garbage-first heap   total 91136K, used 59798K [0x00000000c4c00000, 0x0000000100000000)
  region size 1024K, 4 young (4096K), 4 survivors (4096K)
 Metaspace       used 68994K, committed 69760K, reserved 1114112K
  class space    used 7843K, committed 8192K, reserved 1048576K
}
Event: 9.568 GC heap before
{Heap before GC invocations=24 (full 0):
 garbage-first heap   total 91136K, used 81302K [0x00000000c4c00000, 0x0000000100000000)
  region size 1024K, 25 young (25600K), 4 survivors (4096K)
 Metaspace       used 69762K, committed 70528K, reserved 1114112K
  class space    used 7880K, committed 8256K, reserved 1048576K
}
Event: 9.581 GC heap after
{Heap after GC invocations=25 (full 0):
 garbage-first heap   total 114688K, used 62464K [0x00000000c4c00000, 0x0000000100000000)
  region size 1024K, 3 young (3072K), 3 survivors (3072K)
 Metaspace       used 69762K, committed 70528K, reserved 1114112K
  class space    used 7880K, committed 8256K, reserved 1048576K
}
Event: 10.526 GC heap before
{Heap before GC invocations=26 (full 0):
 garbage-first heap   total 114688K, used 98304K [0x00000000c4c00000, 0x0000000100000000)
  region size 1024K, 39 young (39936K), 3 survivors (3072K)
 Metaspace       used 74077K, committed 74816K, reserved 1179648K
  class space    used 8272K, committed 8640K, reserved 1048576K
}
Event: 10.534 GC heap after
{Heap after GC invocations=27 (full 0):
 garbage-first heap   total 114688K, used 65354K [0x00000000c4c00000, 0x0000000100000000)
  region size 1024K, 3 young (3072K), 3 survivors (3072K)
 Metaspace       used 74077K, committed 74816K, reserved 1179648K
  class space    used 8272K, committed 8640K, reserved 1048576K
}
Event: 11.992 GC heap before
{Heap before GC invocations=27 (full 0):
 garbage-first heap   total 114688K, used 101194K [0x00000000c4c00000, 0x0000000100000000)
  region size 1024K, 38 young (38912K), 3 survivors (3072K)
 Metaspace       used 78795K, committed 79488K, reserved 1179648K
  class space    used 8740K, committed 9088K, reserved 1048576K
}
Event: 12.043 GC heap after
{Heap after GC invocations=28 (full 0):
 garbage-first heap   total 114688K, used 69390K [0x00000000c4c00000, 0x0000000100000000)
  region size 1024K, 5 young (5120K), 5 survivors (5120K)
 Metaspace       used 78795K, committed 79488K, reserved 1179648K
  class space    used 8740K, committed 9088K, reserved 1048576K
}
Event: 13.232 GC heap before
{Heap before GC invocations=28 (full 0):
 garbage-first heap   total 114688K, used 102158K [0x00000000c4c00000, 0x0000000100000000)
  region size 1024K, 37 young (37888K), 5 survivors (5120K)
 Metaspace       used 82731K, committed 83392K, reserved 1179648K
  class space    used 9084K, committed 9408K, reserved 1048576K
}
Event: 13.257 GC heap after
{Heap after GC invocations=29 (full 0):
 garbage-first heap   total 114688K, used 74226K [0x00000000c4c00000, 0x0000000100000000)
  region size 1024K, 5 young (5120K), 5 survivors (5120K)
 Metaspace       used 82731K, committed 83392K, reserved 1179648K
  class space    used 9084K, committed 9408K, reserved 1048576K
}

