# JRE version: OpenJDK Runtime Environment (21.0.4) (build 21.0.4+-12508038-b607.1)
# Java VM: OpenJDK 64-Bit Server VM (21.0.4+-12508038-b607.1, mixed mode, tiered, compressed oops, compressed class ptrs, g1 gc, windows-amd64)
GC Precious Log:
 CardTable entry size: 512
 Card Set container configuration: InlinePtr #cards 5 size 8 Array Of Cards #cards 12 size 40 Howl #buckets 4 coarsen threshold 1843 Howl Bitmap #cards 512 size 80 coarsen threshold 460 Card regions per heap region 1 cards per card region 2048
 CPUs: 4 total, 4 available
 Memory: 3790M
 Large Page Support: Disabled
 NUMA Support: Disabled
 Compressed Oops: Enabled (32-bit)
 Heap Region Size: 1M
 Heap Min Capacity: 8M
 Heap Initial Capacity: 60M
 Heap Max Capacity: 948M
 Pre-touch: Disabled
 Parallel Workers: 4
 Concurrent Workers: 1
 Concurrent Refinement Workers: 4
 Periodic GC: Disabled
Heap:
 garbage-first heap   total 98304K, used 58096K [0x00000000c4c00000, 0x0000000100000000)
  region size 1024K, 7 young (7168K), 4 survivors (4096K)
 Metaspace       used 66579K, committed 67264K, reserved 1114112K
  class space    used 7715K, committed 8064K, reserved 1048576K
GC Heap History (20 events):
Event: 3.002 GC heap before
{Heap before GC invocations=9 (full 0):
 garbage-first heap   total 59392K, used 49859K [0x00000000c4c00000, 0x0000000100000000)
  region size 1024K, 32 young (32768K), 4 survivors (4096K)
 Metaspace       used 48339K, committed 49088K, reserved 1114112K
  class space    used 5799K, committed 6208K, reserved 1048576K
}
Event: 3.012 GC heap after
{Heap after GC invocations=10 (full 0):
 garbage-first heap   total 59392K, used 22900K [0x00000000c4c00000, 0x0000000100000000)
  region size 1024K, 3 young (3072K), 3 survivors (3072K)
 Metaspace       used 48339K, committed 49088K, reserved 1114112K
  class space    used 5799K, committed 6208K, reserved 1048576K
}
Event: 3.399 GC heap before
{Heap before GC invocations=10 (full 0):
 garbage-first heap   total 59392K, used 53620K [0x00000000c4c00000, 0x0000000100000000)
  region size 1024K, 30 young (30720K), 3 survivors (3072K)
 Metaspace       used 50539K, committed 51264K, reserved 1114112K
  class space    used 6032K, committed 6400K, reserved 1048576K
}
Event: 3.414 GC heap after
{Heap after GC invocations=11 (full 0):
 garbage-first heap   total 63488K, used 31022K [0x00000000c4c00000, 0x0000000100000000)
  region size 1024K, 4 young (4096K), 4 survivors (4096K)
 Metaspace       used 50539K, committed 51264K, reserved 1114112K
  class space    used 6032K, committed 6400K, reserved 1048576K
}
Event: 3.778 GC heap before
{Heap before GC invocations=11 (full 0):
 garbage-first heap   total 63488K, used 52526K [0x00000000c4c00000, 0x0000000100000000)
  region size 1024K, 25 young (25600K), 4 survivors (4096K)
 Metaspace       used 52242K, committed 52992K, reserved 1114112K
  class space    used 6200K, committed 6592K, reserved 1048576K
}
Event: 3.785 GC heap after
{Heap after GC invocations=12 (full 0):
 garbage-first heap   total 63488K, used 34780K [0x00000000c4c00000, 0x0000000100000000)
  region size 1024K, 4 young (4096K), 4 survivors (4096K)
 Metaspace       used 52242K, committed 52992K, reserved 1114112K
  class space    used 6200K, committed 6592K, reserved 1048576K
}
Event: 4.150 GC heap before
{Heap before GC invocations=12 (full 0):
 garbage-first heap   total 63488K, used 53212K [0x00000000c4c00000, 0x0000000100000000)
  region size 1024K, 22 young (22528K), 4 survivors (4096K)
 Metaspace       used 57109K, committed 57792K, reserved 1114112K
  class space    used 6777K, committed 7104K, reserved 1048576K
}
Event: 4.157 GC heap after
{Heap after GC invocations=13 (full 0):
 garbage-first heap   total 76800K, used 37183K [0x00000000c4c00000, 0x0000000100000000)
  region size 1024K, 2 young (2048K), 2 survivors (2048K)
 Metaspace       used 57109K, committed 57792K, reserved 1114112K
  class space    used 6777K, committed 7104K, reserved 1048576K
}
Event: 4.924 GC heap before
{Heap before GC invocations=14 (full 0):
 garbage-first heap   total 76800K, used 64831K [0x00000000c4c00000, 0x0000000100000000)
  region size 1024K, 29 young (29696K), 2 survivors (2048K)
 Metaspace       used 59370K, committed 60096K, reserved 1114112K
  class space    used 6960K, committed 7296K, reserved 1048576K
}
Event: 4.934 GC heap after
{Heap after GC invocations=15 (full 0):
 garbage-first heap   total 76800K, used 42638K [0x00000000c4c00000, 0x0000000100000000)
  region size 1024K, 4 young (4096K), 4 survivors (4096K)
 Metaspace       used 59370K, committed 60096K, reserved 1114112K
  class space    used 6960K, committed 7296K, reserved 1048576K
}
Event: 5.308 GC heap before
{Heap before GC invocations=15 (full 0):
 garbage-first heap   total 76800K, used 65166K [0x00000000c4c00000, 0x0000000100000000)
  region size 1024K, 27 young (27648K), 4 survivors (4096K)
 Metaspace       used 59797K, committed 60544K, reserved 1114112K
  class space    used 6980K, committed 7360K, reserved 1048576K
}
Event: 5.323 GC heap after
{Heap after GC invocations=16 (full 0):
 garbage-first heap   total 76800K, used 46080K [0x00000000c4c00000, 0x0000000100000000)
  region size 1024K, 4 young (4096K), 4 survivors (4096K)
 Metaspace       used 59797K, committed 60544K, reserved 1114112K
  class space    used 6980K, committed 7360K, reserved 1048576K
}
Event: 5.489 GC heap before
{Heap before GC invocations=16 (full 0):
 garbage-first heap   total 76800K, used 66560K [0x00000000c4c00000, 0x0000000100000000)
  region size 1024K, 24 young (24576K), 4 survivors (4096K)
 Metaspace       used 60092K, committed 60800K, reserved 1114112K
  class space    used 7002K, committed 7360K, reserved 1048576K
}
Event: 5.498 GC heap after
{Heap after GC invocations=17 (full 0):
 garbage-first heap   total 76800K, used 48557K [0x00000000c4c00000, 0x0000000100000000)
  region size 1024K, 2 young (2048K), 2 survivors (2048K)
 Metaspace       used 60092K, committed 60800K, reserved 1114112K
  class space    used 7002K, committed 7360K, reserved 1048576K
}
Event: 5.752 GC heap before
{Heap before GC invocations=18 (full 0):
 garbage-first heap   total 81920K, used 66989K [0x00000000c4c00000, 0x0000000100000000)
  region size 1024K, 20 young (20480K), 2 survivors (2048K)
 Metaspace       used 61229K, committed 61952K, reserved 1114112K
  class space    used 7158K, committed 7488K, reserved 1048576K
}
Event: 5.758 GC heap after
{Heap after GC invocations=19 (full 0):
 garbage-first heap   total 81920K, used 50441K [0x00000000c4c00000, 0x0000000100000000)
  region size 1024K, 2 young (2048K), 2 survivors (2048K)
 Metaspace       used 61229K, committed 61952K, reserved 1114112K
  class space    used 7158K, committed 7488K, reserved 1048576K
}
Event: 6.602 GC heap before
{Heap before GC invocations=19 (full 0):
 garbage-first heap   total 81920K, used 71945K [0x00000000c4c00000, 0x0000000100000000)
  region size 1024K, 23 young (23552K), 2 survivors (2048K)
 Metaspace       used 64629K, committed 65408K, reserved 1114112K
  class space    used 7560K, committed 7936K, reserved 1048576K
}
Event: 6.615 GC heap after
{Heap after GC invocations=20 (full 0):
 garbage-first heap   total 81920K, used 51111K [0x00000000c4c00000, 0x0000000100000000)
  region size 1024K, 3 young (3072K), 3 survivors (3072K)
 Metaspace       used 64629K, committed 65408K, reserved 1114112K
  class space    used 7560K, committed 7936K, reserved 1048576K
}
Event: 7.443 GC heap before
{Heap before GC invocations=20 (full 0):
 garbage-first heap   total 81920K, used 73639K [0x00000000c4c00000, 0x0000000100000000)
  region size 1024K, 25 young (25600K), 3 survivors (3072K)
 Metaspace       used 66324K, committed 67072K, reserved 1114112K
  class space    used 7700K, committed 8064K, reserved 1048576K
}
Event: 7.456 GC heap after
{Heap after GC invocations=21 (full 0):
 garbage-first heap   total 98304K, used 56048K [0x00000000c4c00000, 0x0000000100000000)
  region size 1024K, 4 young (4096K), 4 survivors (4096K)
 Metaspace       used 66324K, committed 67072K, reserved 1114112K
  class space    used 7700K, committed 8064K, reserved 1048576K
}

